Log file open, 07/04/20 14:57:00
LogWindows: Failed to load 'aqProf.dll' (GetLastError=126)
LogWindows: File 'aqProf.dll' does not exist
LogWindows: Failed to load 'VtuneApi.dll' (GetLastError=126)
LogWindows: File 'VtuneApi.dll' does not exist
LogWindows: Failed to load 'VtuneApi32e.dll' (GetLastError=126)
LogWindows: File 'VtuneApi32e.dll' does not exist
LogConsoleResponse: Display: Failed to find resolution value strings in scalability ini. Falling back to default.
LogInit: Display: Running engine for game: MultiplayerShootout
LogPlatformFile: Not using cached read wrapper
LogTaskGraph: Started task graph with 5 named threads and 71 total threads with 3 sets of task threads.
LogStats: Stats thread started at 0.092858
LogD3D11RHI: Loaded GFSDK_Aftermath_Lib.x64.dll
LogICUInternationalization: ICU TimeZone Detection - Raw Offset: -7:00, Platform Override: ''
LogPluginManager: Mounting plugin Paper2D
LogPluginManager: Mounting plugin AISupport
LogPluginManager: Mounting plugin LightPropagationVolume
LogPluginManager: Mounting plugin ActorLayerUtilities
LogPluginManager: Mounting plugin AnimationSharing
LogPluginManager: Mounting plugin CLionSourceCodeAccess
LogPluginManager: Mounting plugin CodeLiteSourceCodeAccess
LogPluginManager: Mounting plugin GitSourceControl
LogPluginManager: Mounting plugin KDevelopSourceCodeAccess
LogPluginManager: Mounting plugin NullSourceCodeAccess
LogPluginManager: Mounting plugin PerforceSourceControl
LogPluginManager: Mounting plugin PlasticSourceControl
LogPluginManager: Mounting plugin SubversionSourceControl
LogPluginManager: Mounting plugin UObjectPlugin
LogPluginManager: Mounting plugin VisualStudioCodeSourceCodeAccess
LogPluginManager: Mounting plugin VisualStudioSourceCodeAccess
LogPluginManager: Mounting plugin XCodeSourceCodeAccess
LogPluginManager: Mounting plugin AssetManagerEditor
LogPluginManager: Mounting plugin CryptoKeys
LogPluginManager: Mounting plugin CurveEditorTools
LogPluginManager: Mounting plugin DataValidation
LogPluginManager: Mounting plugin FacialAnimation
LogPluginManager: Mounting plugin GameplayTagsEditor
LogPluginManager: Mounting plugin MacGraphicsSwitching
LogPluginManager: Mounting plugin MaterialAnalyzer
LogPluginManager: Mounting plugin MobileLauncherProfileWizard
LogPluginManager: Mounting plugin PluginBrowser
LogPluginManager: Mounting plugin SpeedTreeImporter
LogPluginManager: Mounting plugin DatasmithContent
LogPluginManager: Mounting plugin VariantManagerContent
LogPluginManager: Mounting plugin AlembicImporter
LogPluginManager: Mounting plugin AutomationUtils
LogPluginManager: Mounting plugin BackChannel
LogPluginManager: Mounting plugin CharacterAI
LogPluginManager: Mounting plugin GeometryCache
LogPluginManager: Mounting plugin PlatformCrypto
LogPluginManager: Mounting plugin ProxyLODPlugin
LogPluginManager: Mounting plugin SkeletalReduction
LogPluginManager: Mounting plugin MagicLeap
LogPluginManager: Mounting plugin MagicLeapMedia
LogPluginManager: Mounting plugin MLSDK
LogPluginManager: Mounting plugin AndroidMedia
LogPluginManager: Mounting plugin AvfMedia
LogPluginManager: Mounting plugin ImgMedia
LogPluginManager: Mounting plugin MediaCompositing
LogPluginManager: Mounting plugin MediaPlayerEditor
LogPluginManager: Mounting plugin WebMMedia
LogPluginManager: Mounting plugin WmfMedia
LogPluginManager: Mounting plugin TcpMessaging
LogPluginManager: Mounting plugin UdpMessaging
LogPluginManager: Mounting plugin ActorSequence
LogPluginManager: Mounting plugin LevelSequenceEditor
LogPluginManager: Mounting plugin MatineeToLevelSequence
LogPluginManager: Mounting plugin NetcodeUnitTest
LogPluginManager: Mounting plugin NUTUnrealEngine4
LogPluginManager: Mounting plugin OnlineSubsystemGooglePlay
LogPluginManager: Mounting plugin OnlineSubsystemIOS
LogPluginManager: Mounting plugin OnlineSubsystem
LogPluginManager: Mounting plugin OnlineSubsystemNull
LogPluginManager: Mounting plugin OnlineSubsystemUtils
LogPluginManager: Mounting plugin LauncherChunkInstaller
LogPluginManager: Mounting plugin AndroidDeviceProfileSelector
LogPluginManager: Mounting plugin AndroidMoviePlayer
LogPluginManager: Mounting plugin AndroidPermission
LogPluginManager: Mounting plugin AppleImageUtils
LogPluginManager: Mounting plugin AppleMoviePlayer
LogPluginManager: Mounting plugin ArchVisCharacter
LogPluginManager: Mounting plugin AssetTags
LogPluginManager: Mounting plugin AudioCapture
LogPluginManager: Mounting plugin CableComponent
LogPluginManager: Mounting plugin CustomMeshComponent
LogPluginManager: Mounting plugin EditableMesh
LogPluginManager: Mounting plugin ExampleDeviceProfileSelector
LogPluginManager: Mounting plugin GoogleCloudMessaging
LogPluginManager: Mounting plugin IOSDeviceProfileSelector
LogPluginManager: Mounting plugin LinuxDeviceProfileSelector
LogPluginManager: Mounting plugin LocationServicesBPLibrary
LogPluginManager: Mounting plugin MobilePatchingUtils
LogPluginManager: Mounting plugin OculusVR
LogPluginManager: Mounting plugin PhysXVehicles
LogPluginManager: Mounting plugin PostSplashScreen
LogPluginManager: Mounting plugin ProceduralMeshComponent
LogPluginManager: Mounting plugin RuntimePhysXCooking
LogPluginManager: Mounting plugin SignificanceManager
LogPluginManager: Mounting plugin SteamVR
LogPluginManager: Mounting plugin WebMMoviePlayer
LogPluginManager: Mounting plugin WindowsMoviePlayer
LogPluginManager: Mounting plugin ScreenshotTools
LogInit: Using libcurl 7.55.1-DEV
LogInit:  - built for x86_64-pc-win32
LogInit:  - supports SSL with OpenSSL/1.1.1
LogInit:  - supports HTTP deflate (compression) using libz 1.2.8
LogInit:  - other features:
LogInit:      CURL_VERSION_SSL
LogInit:      CURL_VERSION_LIBZ
LogInit:      CURL_VERSION_IPV6
LogInit:      CURL_VERSION_ASYNCHDNS
LogInit:      CURL_VERSION_LARGEFILE
LogInit:      CURL_VERSION_IDN
LogInit:  CurlRequestOptions (configurable via config and command line):
LogInit:  - bVerifyPeer = true  - Libcurl will verify peer certificate
LogInit:  - bUseHttpProxy = false  - Libcurl will NOT use HTTP proxy
LogInit:  - bDontReuseConnections = false  - Libcurl will reuse connections
LogInit:  - MaxHostConnections = 16  - Libcurl will limit the number of connections to a host
LogInit:  - LocalHostAddr = Default
LogInit:  - BufferSize = 65536
LogModuleManager: Warning: ModuleManager: Unable to load module 'OnlineSubsystemSteam'  - 0 instances of that module name found.
LogOnline: Warning: OSS: TryLoadSubsystemAndSetDefault: LoadSubsystemModule([Steam]) failed
LogOnline: OSS: Creating online subsystem instance for: NULL
LogInit: WinSock: version 1.1 (2.2), MaxSocks=32767, MaxUdp=65467
LogOnline: OSS: TryLoadSubsystemAndSetDefault: Loaded subsystem for module [NULL]
LogInit: Build: ++UE4+Release-4.24-CL-10757647
LogInit: Engine Version: 4.24.1-10757647+++UE4+Release-4.24
LogInit: Compatible Engine Version: 4.24.0-10570792+++UE4+Release-4.24
LogInit: Net CL: 10570792
LogInit: OS: Windows 10 (Release 1909) (), CPU: AMD Ryzen 9 3900X 12-Core Processor            , GPU: NVIDIA GeForce GTX 1080
LogInit: Compiled (64-bit): Dec 17 2019 02:08:03
LogInit: Compiled with Visual C++: 19.16.27032.01
LogInit: Build Configuration: Development
LogInit: Branch Name: ++UE4+Release-4.24
LogInit: Command Line:  /Game/Maps/Level_01 -game -PIEVIACONSOLE -ResX=1280 -ResY=720 -Multiprocess -messaging -SessionName="Play in Standalone Game" -windowed
LogInit: Base Directory: C:/Program Files/Epic Games/UE_4.24/Engine/Binaries/Win64/
LogInit: Installed Engine Build: 1
LogDevObjectVersion: Number of dev versions registered: 25
LogDevObjectVersion:   Dev-Blueprints (B0D832E4-1F89-4F0D-ACCF-7EB736FD4AA2): 10
LogDevObjectVersion:   Dev-Build (E1C64328-A22C-4D53-A36C-8E866417BD8C): 0
LogDevObjectVersion:   Dev-Core (375EC13C-06E4-48FB-B500-84F0262A717E): 3
LogDevObjectVersion:   Dev-Editor (E4B068ED-F494-42E9-A231-DA0B2E46BB41): 37
LogDevObjectVersion:   Dev-Framework (CFFC743F-43B0-4480-9391-14DF171D2073): 36
LogDevObjectVersion:   Dev-Mobile (B02B49B5-BB20-44E9-A304-32B752E40360): 2
LogDevObjectVersion:   Dev-Networking (A4E4105C-59A1-49B5-A7C5-40C4547EDFEE): 0
LogDevObjectVersion:   Dev-Online (39C831C9-5AE6-47DC-9A44-9C173E1C8E7C): 0
LogDevObjectVersion:   Dev-Physics (78F01B33-EBEA-4F98-B9B4-84EACCB95AA2): 2
LogDevObjectVersion:   Dev-Platform (6631380F-2D4D-43E0-8009-CF276956A95A): 0
LogDevObjectVersion:   Dev-Rendering (12F88B9F-8875-4AFC-A67C-D90C383ABD29): 36
LogDevObjectVersion:   Dev-Sequencer (7B5AE74C-D270-4C10-A958-57980B212A5A): 11
LogDevObjectVersion:   Dev-VR (D7296918-1DD6-4BDD-9DE2-64A83CC13884): 2
LogDevObjectVersion:   Dev-LoadTimes (C2A15278-BFE7-4AFE-6C17-90FF531DF755): 1
LogDevObjectVersion:   Private-Geometry (6EACA3D4-40EC-4CC1-B786-8BED09428FC5): 3
LogDevObjectVersion:   Dev-AnimPhys (29E575DD-E0A3-4627-9D10-D276232CDCEA): 17
LogDevObjectVersion:   Dev-Anim (AF43A65D-7FD3-4947-9873-3E8ED9C1BB05): 2
LogDevObjectVersion:   Dev-ReflectionCapture (6B266CEC-1EC7-4B8F-A30B-E4D90942FC07): 1
LogDevObjectVersion:   Dev-Automation (0DF73D61-A23F-47EA-B727-89E90C41499A): 1
LogDevObjectVersion:   FortniteMain (601D1886-AC64-4F84-AA16-D3DE0DEAC7D6): 31
LogDevObjectVersion:   Dev-Enterprise (9DFFBCD6-494F-0158-E221-12823C92A888): 8
LogDevObjectVersion:   Dev-Niagara (F2AED0AC-9AFE-416F-8664-AA7FFA26D6FC): 1
LogDevObjectVersion:   Dev-Destruction (174F1F0B-B4C6-45A5-B13F-2EE8D0FB917D): 9
LogDevObjectVersion:   Dev-Physics-Ext (35F94A83-E258-406C-A318-09F59610247C): 8
LogDevObjectVersion:   Dev-CineCamera (B2E18506-4273-CFC2-A54E-F4BB758BBA07): 1
LogInit: Presizing for max 25165824 objects, including 0 objects not considered by GC, pre-allocating 0 bytes for permanent pool.
LogInit: Object subsystem initialized
LogConfig: Setting CVar [[con.DebugEarlyDefault:1]]
LogConfig: Setting CVar [[r.setres:1280x720]]
[2020.07.04-21.57.00:949][  0]LogConfig: Setting CVar [[con.DebugEarlyDefault:1]]
[2020.07.04-21.57.00:949][  0]LogConfig: Setting CVar [[r.setres:1280x720]]
[2020.07.04-21.57.00:949][  0]LogConfig: Applying CVar settings from Section [/Script/Engine.RendererSettings] File [D:/User/OneDrive/Documents/Unreal Projects/MultiplayerShootout/Saved/Config/Windows/Engine.ini]
[2020.07.04-21.57.00:949][  0]LogConfig: Setting CVar [[r.GPUCrashDebugging:0]]
[2020.07.04-21.57.00:949][  0]LogConfig: Setting CVar [[r.MobileHDR:1]]
[2020.07.04-21.57.00:949][  0]LogConfig: Setting CVar [[r.AllowOcclusionQueries:1]]
[2020.07.04-21.57.00:949][  0]LogConfig: Setting CVar [[r.MinScreenRadiusForLights:0.030000]]
[2020.07.04-21.57.00:949][  0]LogConfig: Setting CVar [[r.MinScreenRadiusForDepthPrepass:0.030000]]
[2020.07.04-21.57.00:949][  0]LogConfig: Setting CVar [[r.PrecomputedVisibilityWarning:0]]
[2020.07.04-21.57.00:949][  0]LogConfig: Setting CVar [[r.TextureStreaming:1]]
[2020.07.04-21.57.00:949][  0]LogConfig: Setting CVar [[Compat.UseDXT5NormalMaps:0]]
[2020.07.04-21.57.00:949][  0]LogConfig: Setting CVar [[r.AllowStaticLighting:1]]
[2020.07.04-21.57.00:949][  0]LogConfig: Setting CVar [[r.NormalMapsForStaticLighting:0]]
[2020.07.04-21.57.00:949][  0]LogConfig: Setting CVar [[r.GenerateMeshDistanceFields:1]]
[2020.07.04-21.57.00:949][  0]LogConfig: Setting CVar [[r.TessellationAdaptivePixelsPerTriangle:48.000000]]
[2020.07.04-21.57.00:949][  0]LogConfig: Setting CVar [[r.SeparateTranslucency:1]]
[2020.07.04-21.57.00:949][  0]LogConfig: Setting CVar [[r.CustomDepth:1]]
[2020.07.04-21.57.00:949][  0]LogConfig: Setting CVar [[r.DefaultFeature.Bloom:1]]
[2020.07.04-21.57.00:949][  0]LogConfig: Setting CVar [[r.DefaultFeature.AmbientOcclusion:1]]
[2020.07.04-21.57.00:949][  0]LogConfig: Setting CVar [[r.DefaultFeature.AmbientOcclusionStaticFraction:1]]
[2020.07.04-21.57.00:949][  0]LogConfig: Setting CVar [[r.DefaultFeature.AutoExposure:1]]
[2020.07.04-21.57.00:949][  0]LogConfig: Setting CVar [[r.DefaultFeature.MotionBlur:1]]
[2020.07.04-21.57.00:949][  0]LogConfig: Setting CVar [[r.DefaultFeature.LensFlare:1]]
[2020.07.04-21.57.00:949][  0]LogConfig: Setting CVar [[r.DefaultFeature.AntiAliasing:2]]
[2020.07.04-21.57.00:949][  0]LogConfig: Setting CVar [[r.EarlyZPass:3]]
[2020.07.04-21.57.00:949][  0]LogConfig: Setting CVar [[r.DBuffer:0]]
[2020.07.04-21.57.00:949][  0]LogConfig: Setting CVar [[r.ClearSceneMethod:1]]
[2020.07.04-21.57.00:949][  0]LogConfig: Setting CVar [[r.MSAA.CompositingSampleCount:4]]
[2020.07.04-21.57.00:949][  0]LogConfig: Setting CVar [[r.WireframeCullThreshold:5.000000]]
[2020.07.04-21.57.00:949][  0]LogConfig: Applying CVar settings from Section [/Script/Engine.RendererOverrideSettings] File [D:/User/OneDrive/Documents/Unreal Projects/MultiplayerShootout/Saved/Config/Windows/Engine.ini]
[2020.07.04-21.57.00:949][  0]LogConfig: Applying CVar settings from Section [/Script/Engine.StreamingSettings] File [D:/User/OneDrive/Documents/Unreal Projects/MultiplayerShootout/Saved/Config/Windows/Engine.ini]
[2020.07.04-21.57.00:949][  0]LogConfig: Setting CVar [[s.MinBulkDataSizeForAsyncLoading:131072]]
[2020.07.04-21.57.00:949][  0]LogConfig: Setting CVar [[s.AsyncLoadingThreadEnabled:0]]
[2020.07.04-21.57.00:949][  0]LogConfig: Setting CVar [[s.EventDrivenLoaderEnabled:1]]
[2020.07.04-21.57.00:949][  0]LogConfig: Setting CVar [[s.WarnIfTimeLimitExceeded:0]]
[2020.07.04-21.57.00:949][  0]LogConfig: Setting CVar [[s.TimeLimitExceededMultiplier:1.5]]
[2020.07.04-21.57.00:949][  0]LogConfig: Setting CVar [[s.TimeLimitExceededMinTime:0.005]]
[2020.07.04-21.57.00:949][  0]LogConfig: Setting CVar [[s.UseBackgroundLevelStreaming:1]]
[2020.07.04-21.57.00:949][  0]LogConfig: Setting CVar [[s.PriorityAsyncLoadingExtraTime:15.0]]
[2020.07.04-21.57.00:949][  0]LogConfig: Setting CVar [[s.LevelStreamingActorsUpdateTimeLimit:5.0]]
[2020.07.04-21.57.00:949][  0]LogConfig: Setting CVar [[s.PriorityLevelStreamingActorsUpdateExtraTime:5.0]]
[2020.07.04-21.57.00:949][  0]LogConfig: Setting CVar [[s.LevelStreamingComponentsRegistrationGranularity:10]]
[2020.07.04-21.57.00:949][  0]LogConfig: Setting CVar [[s.UnregisterComponentsTimeLimit:1.0]]
[2020.07.04-21.57.00:950][  0]LogConfig: Setting CVar [[s.LevelStreamingComponentsUnregistrationGranularity:5]]
[2020.07.04-21.57.00:950][  0]LogConfig: Setting CVar [[s.FlushStreamingOnExit:1]]
[2020.07.04-21.57.00:950][  0]LogConfig: Applying CVar settings from Section [/Script/Engine.GarbageCollectionSettings] File [D:/User/OneDrive/Documents/Unreal Projects/MultiplayerShootout/Saved/Config/Windows/Engine.ini]
[2020.07.04-21.57.00:950][  0]LogConfig: Setting CVar [[gc.MaxObjectsNotConsideredByGC:1]]
[2020.07.04-21.57.00:950][  0]LogConfig: Setting CVar [[gc.SizeOfPermanentObjectPool:0]]
[2020.07.04-21.57.00:950][  0]LogConfig: Setting CVar [[gc.FlushStreamingOnGC:0]]
[2020.07.04-21.57.00:950][  0]LogConfig: Setting CVar [[gc.NumRetriesBeforeForcingGC:10]]
[2020.07.04-21.57.00:950][  0]LogConfig: Setting CVar [[gc.AllowParallelGC:1]]
[2020.07.04-21.57.00:950][  0]LogConfig: Setting CVar [[gc.TimeBetweenPurgingPendingKillObjects:61.1]]
[2020.07.04-21.57.00:950][  0]LogConfig: Setting CVar [[gc.MaxObjectsInEditor:25165824]]
[2020.07.04-21.57.00:950][  0]LogConfig: Setting CVar [[gc.IncrementalBeginDestroyEnabled:1]]
[2020.07.04-21.57.00:950][  0]LogConfig: Setting CVar [[gc.CreateGCClusters:1]]
[2020.07.04-21.57.00:950][  0]LogConfig: Setting CVar [[gc.MinGCClusterSize:5]]
[2020.07.04-21.57.00:950][  0]LogConfig: Setting CVar [[gc.ActorClusteringEnabled:0]]
[2020.07.04-21.57.00:950][  0]LogConfig: Setting CVar [[gc.BlueprintClusteringEnabled:0]]
[2020.07.04-21.57.00:950][  0]LogConfig: Setting CVar [[gc.UseDisregardForGCOnDedicatedServers:0]]
[2020.07.04-21.57.00:950][  0]LogConfig: Applying CVar settings from Section [/Script/Engine.NetworkSettings] File [D:/User/OneDrive/Documents/Unreal Projects/MultiplayerShootout/Saved/Config/Windows/Engine.ini]
[2020.07.04-21.57.00:950][  0]LogConfig: Applying CVar settings from Section [/Script/UnrealEd.CookerSettings] File [D:/User/OneDrive/Documents/Unreal Projects/MultiplayerShootout/Saved/Config/Windows/Engine.ini]
[2020.07.04-21.57.00:967][  0]LogConfig: Applying CVar settings from Section [ViewDistanceQuality@3] File [D:/User/OneDrive/Documents/Unreal Projects/MultiplayerShootout/Saved/Config/Windows/Scalability.ini]
[2020.07.04-21.57.00:967][  0]LogConfig: Setting CVar [[r.SkeletalMeshLODBias:0]]
[2020.07.04-21.57.00:967][  0]LogConfig: Setting CVar [[r.ViewDistanceScale:1.0]]
[2020.07.04-21.57.00:967][  0]LogConfig: Applying CVar settings from Section [AntiAliasingQuality@3] File [D:/User/OneDrive/Documents/Unreal Projects/MultiplayerShootout/Saved/Config/Windows/Scalability.ini]
[2020.07.04-21.57.00:967][  0]LogConfig: Setting CVar [[r.PostProcessAAQuality:4]]
[2020.07.04-21.57.00:967][  0]LogConfig: Applying CVar settings from Section [ShadowQuality@3] File [D:/User/OneDrive/Documents/Unreal Projects/MultiplayerShootout/Saved/Config/Windows/Scalability.ini]
[2020.07.04-21.57.00:967][  0]LogConfig: Setting CVar [[r.LightFunctionQuality:1]]
[2020.07.04-21.57.00:967][  0]LogConfig: Setting CVar [[r.ShadowQuality:5]]
[2020.07.04-21.57.00:967][  0]LogConfig: Setting CVar [[r.Shadow.CSM.MaxCascades:10]]
[2020.07.04-21.57.00:967][  0]LogConfig: Setting CVar [[r.Shadow.MaxResolution:2048]]
[2020.07.04-21.57.00:967][  0]LogConfig: Setting CVar [[r.Shadow.MaxCSMResolution:2048]]
[2020.07.04-21.57.00:967][  0]LogConfig: Setting CVar [[r.Shadow.RadiusThreshold:0.01]]
[2020.07.04-21.57.00:967][  0]LogConfig: Setting CVar [[r.Shadow.DistanceScale:1.0]]
[2020.07.04-21.57.00:967][  0]LogConfig: Setting CVar [[r.Shadow.CSM.TransitionScale:1.0]]
[2020.07.04-21.57.00:967][  0]LogConfig: Setting CVar [[r.Shadow.PreShadowResolutionFactor:1.0]]
[2020.07.04-21.57.00:967][  0]LogConfig: Setting CVar [[r.DistanceFieldShadowing:1]]
[2020.07.04-21.57.00:967][  0]LogConfig: Setting CVar [[r.DistanceFieldAO:1]]
[2020.07.04-21.57.00:967][  0]LogConfig: Setting CVar [[r.AOQuality:2]]
[2020.07.04-21.57.00:967][  0]LogConfig: Setting CVar [[r.VolumetricFog:1]]
[2020.07.04-21.57.00:967][  0]LogConfig: Setting CVar [[r.VolumetricFog.GridPixelSize:8]]
[2020.07.04-21.57.00:967][  0]LogConfig: Setting CVar [[r.VolumetricFog.GridSizeZ:128]]
[2020.07.04-21.57.00:967][  0]LogConfig: Setting CVar [[r.VolumetricFog.HistoryMissSupersampleCount:4]]
[2020.07.04-21.57.00:967][  0]LogConfig: Setting CVar [[r.LightMaxDrawDistanceScale:1]]
[2020.07.04-21.57.00:967][  0]LogConfig: Setting CVar [[r.CapsuleShadows:1]]
[2020.07.04-21.57.00:967][  0]LogConfig: Applying CVar settings from Section [PostProcessQuality@3] File [D:/User/OneDrive/Documents/Unreal Projects/MultiplayerShootout/Saved/Config/Windows/Scalability.ini]
[2020.07.04-21.57.00:967][  0]LogConfig: Setting CVar [[r.MotionBlurQuality:4]]
[2020.07.04-21.57.00:967][  0]LogConfig: Setting CVar [[r.AmbientOcclusionMipLevelFactor:0.4]]
[2020.07.04-21.57.00:967][  0]LogConfig: Setting CVar [[r.AmbientOcclusionMaxQuality:100]]
[2020.07.04-21.57.00:967][  0]LogConfig: Setting CVar [[r.AmbientOcclusionLevels:-1]]
[2020.07.04-21.57.00:967][  0]LogConfig: Setting CVar [[r.AmbientOcclusionRadiusScale:1.0]]
[2020.07.04-21.57.00:967][  0]LogConfig: Setting CVar [[r.DepthOfFieldQuality:2]]
[2020.07.04-21.57.00:967][  0]LogConfig: Setting CVar [[r.RenderTargetPoolMin:400]]
[2020.07.04-21.57.00:967][  0]LogConfig: Setting CVar [[r.LensFlareQuality:2]]
[2020.07.04-21.57.00:967][  0]LogConfig: Setting CVar [[r.SceneColorFringeQuality:1]]
[2020.07.04-21.57.00:967][  0]LogConfig: Setting CVar [[r.EyeAdaptationQuality:2]]
[2020.07.04-21.57.00:967][  0]LogConfig: Setting CVar [[r.BloomQuality:5]]
[2020.07.04-21.57.00:967][  0]LogConfig: Setting CVar [[r.FastBlurThreshold:100]]
[2020.07.04-21.57.00:967][  0]LogConfig: Setting CVar [[r.Upscale.Quality:3]]
[2020.07.04-21.57.00:967][  0]LogConfig: Setting CVar [[r.Tonemapper.GrainQuantization:1]]
[2020.07.04-21.57.00:967][  0]LogConfig: Setting CVar [[r.LightShaftQuality:1]]
[2020.07.04-21.57.00:967][  0]LogConfig: Setting CVar [[r.Filter.SizeScale:1]]
[2020.07.04-21.57.00:967][  0]LogConfig: Setting CVar [[r.Tonemapper.Quality:5]]
[2020.07.04-21.57.00:967][  0]LogConfig: Setting CVar [[r.DOF.Gather.AccumulatorQuality:1        ; higher gathering accumulator quality]]
[2020.07.04-21.57.00:967][  0]LogConfig: Setting CVar [[r.DOF.Gather.PostfilterMethod:1          ; Median3x3 postfilering method]]
[2020.07.04-21.57.00:967][  0]LogConfig: Setting CVar [[r.DOF.Gather.EnableBokehSettings:0       ; no bokeh simulation when gathering]]
[2020.07.04-21.57.00:967][  0]LogConfig: Setting CVar [[r.DOF.Gather.RingCount:4                 ; medium number of samples when gathering]]
[2020.07.04-21.57.00:967][  0]LogConfig: Setting CVar [[r.DOF.Scatter.ForegroundCompositing:1    ; additive foreground scattering]]
[2020.07.04-21.57.00:967][  0]LogConfig: Setting CVar [[r.DOF.Scatter.BackgroundCompositing:2    ; additive background scattering]]
[2020.07.04-21.57.00:967][  0]LogConfig: Setting CVar [[r.DOF.Scatter.EnableBokehSettings:1      ; bokeh simulation when scattering]]
[2020.07.04-21.57.00:967][  0]LogConfig: Setting CVar [[r.DOF.Scatter.MaxSpriteRatio:0.1         ; only a maximum of 10% of scattered bokeh]]
[2020.07.04-21.57.00:967][  0]LogConfig: Setting CVar [[r.DOF.Recombine.Quality:1                ; cheap slight out of focus]]
[2020.07.04-21.57.00:967][  0]LogConfig: Setting CVar [[r.DOF.Recombine.EnableBokehSettings:0    ; no bokeh simulation on slight out of focus]]
[2020.07.04-21.57.00:967][  0]LogConfig: Setting CVar [[r.DOF.TemporalAAQuality:1                ; more stable temporal accumulation]]
[2020.07.04-21.57.00:968][  0]LogConfig: Setting CVar [[r.DOF.Kernel.MaxForegroundRadius:0.025]]
[2020.07.04-21.57.00:968][  0]LogConfig: Setting CVar [[r.DOF.Kernel.MaxBackgroundRadius:0.025]]
[2020.07.04-21.57.00:968][  0]LogConfig: Applying CVar settings from Section [TextureQuality@3] File [D:/User/OneDrive/Documents/Unreal Projects/MultiplayerShootout/Saved/Config/Windows/Scalability.ini]
[2020.07.04-21.57.00:968][  0]LogConfig: Setting CVar [[r.Streaming.MipBias:0]]
[2020.07.04-21.57.00:968][  0]LogConfig: Setting CVar [[r.Streaming.AmortizeCPUToGPUCopy:0]]
[2020.07.04-21.57.00:968][  0]LogConfig: Setting CVar [[r.Streaming.MaxNumTexturesToStreamPerFrame:0]]
[2020.07.04-21.57.00:968][  0]LogConfig: Setting CVar [[r.Streaming.Boost:1]]
[2020.07.04-21.57.00:968][  0]LogConfig: Setting CVar [[r.MaxAnisotropy:8]]
[2020.07.04-21.57.00:968][  0]LogConfig: Setting CVar [[r.VT.MaxAnisotropy:8]]
[2020.07.04-21.57.00:968][  0]LogConfig: Setting CVar [[r.Streaming.LimitPoolSizeToVRAM:0]]
[2020.07.04-21.57.00:968][  0]LogConfig: Setting CVar [[r.Streaming.PoolSize:1000]]
[2020.07.04-21.57.00:968][  0]LogConfig: Setting CVar [[r.Streaming.MaxEffectiveScreenSize:0]]
[2020.07.04-21.57.00:968][  0]LogConfig: Applying CVar settings from Section [EffectsQuality@3] File [D:/User/OneDrive/Documents/Unreal Projects/MultiplayerShootout/Saved/Config/Windows/Scalability.ini]
[2020.07.04-21.57.00:968][  0]LogConfig: Setting CVar [[r.TranslucencyLightingVolumeDim:64]]
[2020.07.04-21.57.00:968][  0]LogConfig: Setting CVar [[r.RefractionQuality:2]]
[2020.07.04-21.57.00:968][  0]LogConfig: Setting CVar [[r.SSR.Quality:3]]
[2020.07.04-21.57.00:968][  0]LogConfig: Setting CVar [[r.SSR.HalfResSceneColor:0]]
[2020.07.04-21.57.00:968][  0]LogConfig: Setting CVar [[r.SceneColorFormat:4]]
[2020.07.04-21.57.00:968][  0]LogConfig: Setting CVar [[r.DetailMode:2]]
[2020.07.04-21.57.00:968][  0]LogConfig: Setting CVar [[r.TranslucencyVolumeBlur:1]]
[2020.07.04-21.57.00:968][  0]LogConfig: Setting CVar [[r.MaterialQualityLevel:1 ; High quality]]
[2020.07.04-21.57.00:968][  0]LogConfig: Setting CVar [[r.SSS.Scale:1]]
[2020.07.04-21.57.00:968][  0]LogConfig: Setting CVar [[r.SSS.SampleSet:2]]
[2020.07.04-21.57.00:968][  0]LogConfig: Setting CVar [[r.SSS.Quality:1]]
[2020.07.04-21.57.00:968][  0]LogConfig: Setting CVar [[r.SSS.HalfRes:1]]
[2020.07.04-21.57.00:968][  0]LogConfig: Setting CVar [[r.SSGI.Quality:3]]
[2020.07.04-21.57.00:968][  0]LogConfig: Setting CVar [[r.EmitterSpawnRateScale:1.0]]
[2020.07.04-21.57.00:968][  0]LogConfig: Setting CVar [[r.ParticleLightQuality:2]]
[2020.07.04-21.57.00:968][  0]LogConfig: Setting CVar [[r.SkyAtmosphere.AerialPerspectiveLUT.FastApplyOnOpaque:1 ; Always have FastSkyLUT 1 in this case to avoid wrong sky]]
[2020.07.04-21.57.00:968][  0]LogConfig: Setting CVar [[r.SkyAtmosphere.AerialPerspectiveLUT.SampleCountPerSlice:1]]
[2020.07.04-21.57.00:968][  0]LogConfig: Setting CVar [[r.SkyAtmosphere.AerialPerspectiveLUT.DepthResolution:16.0]]
[2020.07.04-21.57.00:968][  0]LogConfig: Setting CVar [[r.SkyAtmosphere.FastSkyLUT:1]]
[2020.07.04-21.57.00:968][  0]LogConfig: Setting CVar [[r.SkyAtmosphere.FastSkyLUT.SampleCountMin:4.0]]
[2020.07.04-21.57.00:968][  0]LogConfig: Setting CVar [[r.SkyAtmosphere.FastSkyLUT.SampleCountMax:32.0]]
[2020.07.04-21.57.00:968][  0]LogConfig: Setting CVar [[r.SkyAtmosphere.SampleCountMin:4.0]]
[2020.07.04-21.57.00:968][  0]LogConfig: Setting CVar [[r.SkyAtmosphere.SampleCountMax:32.0]]
[2020.07.04-21.57.00:968][  0]LogConfig: Setting CVar [[r.SkyAtmosphere.TransmittanceLUT.UseSmallFormat:0]]
[2020.07.04-21.57.00:968][  0]LogConfig: Setting CVar [[r.SkyAtmosphere.TransmittanceLUT.SampleCount:10.0]]
[2020.07.04-21.57.00:968][  0]LogConfig: Setting CVar [[r.SkyAtmosphere.MultiScatteringLUT.SampleCount:15.0]]
[2020.07.04-21.57.00:968][  0]LogConfig: Applying CVar settings from Section [FoliageQuality@3] File [D:/User/OneDrive/Documents/Unreal Projects/MultiplayerShootout/Saved/Config/Windows/Scalability.ini]
[2020.07.04-21.57.00:968][  0]LogConfig: Setting CVar [[foliage.DensityScale:1.0]]
[2020.07.04-21.57.00:968][  0]LogConfig: Setting CVar [[grass.DensityScale:1.0]]
[2020.07.04-21.57.00:968][  0]LogConfig: Applying CVar settings from Section [ShadingQuality@3] File [D:/User/OneDrive/Documents/Unreal Projects/MultiplayerShootout/Saved/Config/Windows/Scalability.ini]
[2020.07.04-21.57.00:968][  0]LogConfig: Setting CVar [[r.HairStrands.SkyLighting.SampleCount:16]]
[2020.07.04-21.57.00:968][  0]LogConfig: Setting CVar [[r.HairStrands.SkyLighting.JitterIntegration:0]]
[2020.07.04-21.57.00:968][  0]LogConfig: Setting CVar [[r.HairStrands.SkyAO.SampleCount:16]]
[2020.07.04-21.57.00:968][  0]LogInit: Selected Device Profile: [Windows]
[2020.07.04-21.57.00:968][  0]LogInit: Applying CVar settings loaded from the selected device profile: [Windows]
[2020.07.04-21.57.00:972][  0]LogHAL: Display: Platform has ~ 32 GB [34274865152 / 34359738368 / 32], which maps to Largest [LargestMinGB=32, LargerMinGB=12, DefaultMinGB=8, SmallerMinGB=6, SmallestMinGB=0)
[2020.07.04-21.57.00:972][  0]LogInit: Going up to parent DeviceProfile []
[2020.07.04-21.57.00:972][  0]LogConfig: Applying CVar settings from Section [ViewDistanceQuality@3] File [D:/User/OneDrive/Documents/Unreal Projects/MultiplayerShootout/Saved/Config/Windows/Scalability.ini]
[2020.07.04-21.57.00:972][  0]LogConfig: Setting CVar [[r.SkeletalMeshLODBias:0]]
[2020.07.04-21.57.00:972][  0]LogConfig: Setting CVar [[r.ViewDistanceScale:1.0]]
[2020.07.04-21.57.00:972][  0]LogConfig: Applying CVar settings from Section [AntiAliasingQuality@3] File [D:/User/OneDrive/Documents/Unreal Projects/MultiplayerShootout/Saved/Config/Windows/Scalability.ini]
[2020.07.04-21.57.00:972][  0]LogConfig: Setting CVar [[r.PostProcessAAQuality:4]]
[2020.07.04-21.57.00:972][  0]LogConfig: Applying CVar settings from Section [ShadowQuality@3] File [D:/User/OneDrive/Documents/Unreal Projects/MultiplayerShootout/Saved/Config/Windows/Scalability.ini]
[2020.07.04-21.57.00:972][  0]LogConfig: Setting CVar [[r.LightFunctionQuality:1]]
[2020.07.04-21.57.00:972][  0]LogConfig: Setting CVar [[r.ShadowQuality:5]]
[2020.07.04-21.57.00:972][  0]LogConfig: Setting CVar [[r.Shadow.CSM.MaxCascades:10]]
[2020.07.04-21.57.00:972][  0]LogConfig: Setting CVar [[r.Shadow.MaxResolution:2048]]
[2020.07.04-21.57.00:972][  0]LogConfig: Setting CVar [[r.Shadow.MaxCSMResolution:2048]]
[2020.07.04-21.57.00:972][  0]LogConfig: Setting CVar [[r.Shadow.RadiusThreshold:0.01]]
[2020.07.04-21.57.00:972][  0]LogConfig: Setting CVar [[r.Shadow.DistanceScale:1.0]]
[2020.07.04-21.57.00:972][  0]LogConfig: Setting CVar [[r.Shadow.CSM.TransitionScale:1.0]]
[2020.07.04-21.57.00:972][  0]LogConfig: Setting CVar [[r.Shadow.PreShadowResolutionFactor:1.0]]
[2020.07.04-21.57.00:972][  0]LogConfig: Setting CVar [[r.DistanceFieldShadowing:1]]
[2020.07.04-21.57.00:972][  0]LogConfig: Setting CVar [[r.DistanceFieldAO:1]]
[2020.07.04-21.57.00:972][  0]LogConfig: Setting CVar [[r.AOQuality:2]]
[2020.07.04-21.57.00:972][  0]LogConfig: Setting CVar [[r.VolumetricFog:1]]
[2020.07.04-21.57.00:972][  0]LogConfig: Setting CVar [[r.VolumetricFog.GridPixelSize:8]]
[2020.07.04-21.57.00:972][  0]LogConfig: Setting CVar [[r.VolumetricFog.GridSizeZ:128]]
[2020.07.04-21.57.00:972][  0]LogConfig: Setting CVar [[r.VolumetricFog.HistoryMissSupersampleCount:4]]
[2020.07.04-21.57.00:972][  0]LogConfig: Setting CVar [[r.LightMaxDrawDistanceScale:1]]
[2020.07.04-21.57.00:972][  0]LogConfig: Setting CVar [[r.CapsuleShadows:1]]
[2020.07.04-21.57.00:972][  0]LogConfig: Applying CVar settings from Section [PostProcessQuality@3] File [D:/User/OneDrive/Documents/Unreal Projects/MultiplayerShootout/Saved/Config/Windows/Scalability.ini]
[2020.07.04-21.57.00:972][  0]LogConfig: Setting CVar [[r.MotionBlurQuality:4]]
[2020.07.04-21.57.00:972][  0]LogConfig: Setting CVar [[r.AmbientOcclusionMipLevelFactor:0.4]]
[2020.07.04-21.57.00:972][  0]LogConfig: Setting CVar [[r.AmbientOcclusionMaxQuality:100]]
[2020.07.04-21.57.00:972][  0]LogConfig: Setting CVar [[r.AmbientOcclusionLevels:-1]]
[2020.07.04-21.57.00:972][  0]LogConfig: Setting CVar [[r.AmbientOcclusionRadiusScale:1.0]]
[2020.07.04-21.57.00:972][  0]LogConfig: Setting CVar [[r.DepthOfFieldQuality:2]]
[2020.07.04-21.57.00:972][  0]LogConfig: Setting CVar [[r.RenderTargetPoolMin:400]]
[2020.07.04-21.57.00:972][  0]LogConfig: Setting CVar [[r.LensFlareQuality:2]]
[2020.07.04-21.57.00:972][  0]LogConfig: Setting CVar [[r.SceneColorFringeQuality:1]]
[2020.07.04-21.57.00:972][  0]LogConfig: Setting CVar [[r.EyeAdaptationQuality:2]]
[2020.07.04-21.57.00:972][  0]LogConfig: Setting CVar [[r.BloomQuality:5]]
[2020.07.04-21.57.00:972][  0]LogConfig: Setting CVar [[r.FastBlurThreshold:100]]
[2020.07.04-21.57.00:972][  0]LogConfig: Setting CVar [[r.Upscale.Quality:3]]
[2020.07.04-21.57.00:972][  0]LogConfig: Setting CVar [[r.Tonemapper.GrainQuantization:1]]
[2020.07.04-21.57.00:972][  0]LogConfig: Setting CVar [[r.LightShaftQuality:1]]
[2020.07.04-21.57.00:972][  0]LogConfig: Setting CVar [[r.Filter.SizeScale:1]]
[2020.07.04-21.57.00:972][  0]LogConfig: Setting CVar [[r.Tonemapper.Quality:5]]
[2020.07.04-21.57.00:973][  0]LogConfig: Setting CVar [[r.DOF.Gather.AccumulatorQuality:1        ; higher gathering accumulator quality]]
[2020.07.04-21.57.00:973][  0]LogConfig: Setting CVar [[r.DOF.Gather.PostfilterMethod:1          ; Median3x3 postfilering method]]
[2020.07.04-21.57.00:973][  0]LogConfig: Setting CVar [[r.DOF.Gather.EnableBokehSettings:0       ; no bokeh simulation when gathering]]
[2020.07.04-21.57.00:973][  0]LogConfig: Setting CVar [[r.DOF.Gather.RingCount:4                 ; medium number of samples when gathering]]
[2020.07.04-21.57.00:973][  0]LogConfig: Setting CVar [[r.DOF.Scatter.ForegroundCompositing:1    ; additive foreground scattering]]
[2020.07.04-21.57.00:973][  0]LogConfig: Setting CVar [[r.DOF.Scatter.BackgroundCompositing:2    ; additive background scattering]]
[2020.07.04-21.57.00:973][  0]LogConfig: Setting CVar [[r.DOF.Scatter.EnableBokehSettings:1      ; bokeh simulation when scattering]]
[2020.07.04-21.57.00:973][  0]LogConfig: Setting CVar [[r.DOF.Scatter.MaxSpriteRatio:0.1         ; only a maximum of 10% of scattered bokeh]]
[2020.07.04-21.57.00:973][  0]LogConfig: Setting CVar [[r.DOF.Recombine.Quality:1                ; cheap slight out of focus]]
[2020.07.04-21.57.00:973][  0]LogConfig: Setting CVar [[r.DOF.Recombine.EnableBokehSettings:0    ; no bokeh simulation on slight out of focus]]
[2020.07.04-21.57.00:973][  0]LogConfig: Setting CVar [[r.DOF.TemporalAAQuality:1                ; more stable temporal accumulation]]
[2020.07.04-21.57.00:973][  0]LogConfig: Setting CVar [[r.DOF.Kernel.MaxForegroundRadius:0.025]]
[2020.07.04-21.57.00:973][  0]LogConfig: Setting CVar [[r.DOF.Kernel.MaxBackgroundRadius:0.025]]
[2020.07.04-21.57.00:973][  0]LogConfig: Applying CVar settings from Section [TextureQuality@3] File [D:/User/OneDrive/Documents/Unreal Projects/MultiplayerShootout/Saved/Config/Windows/Scalability.ini]
[2020.07.04-21.57.00:973][  0]LogConfig: Setting CVar [[r.Streaming.MipBias:0]]
[2020.07.04-21.57.00:973][  0]LogConfig: Setting CVar [[r.Streaming.AmortizeCPUToGPUCopy:0]]
[2020.07.04-21.57.00:973][  0]LogConfig: Setting CVar [[r.Streaming.MaxNumTexturesToStreamPerFrame:0]]
[2020.07.04-21.57.00:973][  0]LogConfig: Setting CVar [[r.Streaming.Boost:1]]
[2020.07.04-21.57.00:973][  0]LogConfig: Setting CVar [[r.MaxAnisotropy:8]]
[2020.07.04-21.57.00:973][  0]LogConfig: Setting CVar [[r.VT.MaxAnisotropy:8]]
[2020.07.04-21.57.00:973][  0]LogConfig: Setting CVar [[r.Streaming.LimitPoolSizeToVRAM:0]]
[2020.07.04-21.57.00:973][  0]LogConfig: Setting CVar [[r.Streaming.PoolSize:1000]]
[2020.07.04-21.57.00:973][  0]LogConfig: Setting CVar [[r.Streaming.MaxEffectiveScreenSize:0]]
[2020.07.04-21.57.00:973][  0]LogConfig: Applying CVar settings from Section [EffectsQuality@3] File [D:/User/OneDrive/Documents/Unreal Projects/MultiplayerShootout/Saved/Config/Windows/Scalability.ini]
[2020.07.04-21.57.00:973][  0]LogConfig: Setting CVar [[r.TranslucencyLightingVolumeDim:64]]
[2020.07.04-21.57.00:973][  0]LogConfig: Setting CVar [[r.RefractionQuality:2]]
[2020.07.04-21.57.00:973][  0]LogConfig: Setting CVar [[r.SSR.Quality:3]]
[2020.07.04-21.57.00:973][  0]LogConfig: Setting CVar [[r.SSR.HalfResSceneColor:0]]
[2020.07.04-21.57.00:973][  0]LogConfig: Setting CVar [[r.SceneColorFormat:4]]
[2020.07.04-21.57.00:973][  0]LogConfig: Setting CVar [[r.DetailMode:2]]
[2020.07.04-21.57.00:973][  0]LogConfig: Setting CVar [[r.TranslucencyVolumeBlur:1]]
[2020.07.04-21.57.00:973][  0]LogConfig: Setting CVar [[r.MaterialQualityLevel:1 ; High quality]]
[2020.07.04-21.57.00:973][  0]LogConfig: Setting CVar [[r.SSS.Scale:1]]
[2020.07.04-21.57.00:973][  0]LogConfig: Setting CVar [[r.SSS.SampleSet:2]]
[2020.07.04-21.57.00:973][  0]LogConfig: Setting CVar [[r.SSS.Quality:1]]
[2020.07.04-21.57.00:973][  0]LogConfig: Setting CVar [[r.SSS.HalfRes:1]]
[2020.07.04-21.57.00:973][  0]LogConfig: Setting CVar [[r.SSGI.Quality:3]]
[2020.07.04-21.57.00:973][  0]LogConfig: Setting CVar [[r.EmitterSpawnRateScale:1.0]]
[2020.07.04-21.57.00:973][  0]LogConfig: Setting CVar [[r.ParticleLightQuality:2]]
[2020.07.04-21.57.00:973][  0]LogConfig: Setting CVar [[r.SkyAtmosphere.AerialPerspectiveLUT.FastApplyOnOpaque:1 ; Always have FastSkyLUT 1 in this case to avoid wrong sky]]
[2020.07.04-21.57.00:973][  0]LogConfig: Setting CVar [[r.SkyAtmosphere.AerialPerspectiveLUT.SampleCountPerSlice:1]]
[2020.07.04-21.57.00:973][  0]LogConfig: Setting CVar [[r.SkyAtmosphere.AerialPerspectiveLUT.DepthResolution:16.0]]
[2020.07.04-21.57.00:973][  0]LogConfig: Setting CVar [[r.SkyAtmosphere.FastSkyLUT:1]]
[2020.07.04-21.57.00:973][  0]LogConfig: Setting CVar [[r.SkyAtmosphere.FastSkyLUT.SampleCountMin:4.0]]
[2020.07.04-21.57.00:973][  0]LogConfig: Setting CVar [[r.SkyAtmosphere.FastSkyLUT.SampleCountMax:32.0]]
[2020.07.04-21.57.00:973][  0]LogConfig: Setting CVar [[r.SkyAtmosphere.SampleCountMin:4.0]]
[2020.07.04-21.57.00:973][  0]LogConfig: Setting CVar [[r.SkyAtmosphere.SampleCountMax:32.0]]
[2020.07.04-21.57.00:973][  0]LogConfig: Setting CVar [[r.SkyAtmosphere.TransmittanceLUT.UseSmallFormat:0]]
[2020.07.04-21.57.00:973][  0]LogConfig: Setting CVar [[r.SkyAtmosphere.TransmittanceLUT.SampleCount:10.0]]
[2020.07.04-21.57.00:973][  0]LogConfig: Setting CVar [[r.SkyAtmosphere.MultiScatteringLUT.SampleCount:15.0]]
[2020.07.04-21.57.00:973][  0]LogConfig: Applying CVar settings from Section [FoliageQuality@3] File [D:/User/OneDrive/Documents/Unreal Projects/MultiplayerShootout/Saved/Config/Windows/Scalability.ini]
[2020.07.04-21.57.00:973][  0]LogConfig: Setting CVar [[foliage.DensityScale:1.0]]
[2020.07.04-21.57.00:973][  0]LogConfig: Setting CVar [[grass.DensityScale:1.0]]
[2020.07.04-21.57.00:973][  0]LogConfig: Applying CVar settings from Section [ShadingQuality@3] File [D:/User/OneDrive/Documents/Unreal Projects/MultiplayerShootout/Saved/Config/Windows/Scalability.ini]
[2020.07.04-21.57.00:973][  0]LogConfig: Setting CVar [[r.HairStrands.SkyLighting.SampleCount:16]]
[2020.07.04-21.57.00:973][  0]LogConfig: Setting CVar [[r.HairStrands.SkyLighting.JitterIntegration:0]]
[2020.07.04-21.57.00:973][  0]LogConfig: Setting CVar [[r.HairStrands.SkyAO.SampleCount:16]]
[2020.07.04-21.57.00:973][  0]LogConfig: Applying CVar settings from Section [Startup] File [../../../Engine/Config/ConsoleVariables.ini]
[2020.07.04-21.57.00:974][  0]LogConfig: Setting CVar [[net.UseAdaptiveNetUpdateFrequency:0]]
[2020.07.04-21.57.00:974][  0]LogConfig: Setting CVar [[p.chaos.AllowCreatePhysxBodies:1]]
[2020.07.04-21.57.00:974][  0]LogConfig: Applying CVar settings from Section [ConsoleVariables] File [D:/User/OneDrive/Documents/Unreal Projects/MultiplayerShootout/Saved/Config/Windows/Engine.ini]
[2020.07.04-21.57.00:974][  0]LogInit: Computer: THE_DESKTOP
[2020.07.04-21.57.00:974][  0]LogInit: User: Spart
[2020.07.04-21.57.00:974][  0]LogInit: CPU Page size=4096, Cores=12
[2020.07.04-21.57.00:974][  0]LogInit: High frequency timer resolution =10.000000 MHz
[2020.07.04-21.57.00:974][  0]LogMemory: Memory total: Physical=31.9GB (32GB approx)
[2020.07.04-21.57.00:974][  0]LogMemory: Platform Memory Stats for Windows
[2020.07.04-21.57.00:974][  0]LogMemory: Process Physical Memory: 107.12 MB used, 107.12 MB peak
[2020.07.04-21.57.00:974][  0]LogMemory: Process Virtual Memory: 104.35 MB used, 104.35 MB peak
[2020.07.04-21.57.00:974][  0]LogMemory: Physical Memory: 11515.83 MB used,  21171.23 MB free, 32687.06 MB total
[2020.07.04-21.57.00:974][  0]LogMemory: Virtual Memory: 5221.76 MB used,  134212504.00 MB free, 134217728.00 MB total
[2020.07.04-21.57.00:977][  0]LogWindows: WindowsPlatformFeatures enabled
[2020.07.04-21.57.00:997][  0]LogInit: Using OS detected language (en-US).
[2020.07.04-21.57.00:997][  0]LogInit: Using OS detected locale (en-US).
[2020.07.04-21.57.00:997][  0]LogTextLocalizationManager: No specific localization for 'en-US' exists, so the 'en' localization will be used.
[2020.07.04-21.57.01:261][  0]LogSlate: New Slate User Created.  User Index 0, Is Virtual User: 0
[2020.07.04-21.57.01:261][  0]LogSlate: Slate User Registered.  User Index 0, Is Virtual User: 0
[2020.07.04-21.57.01:288][  0]LogHMD: Failed to initialize OpenVR with code 110
[2020.07.04-21.57.01:288][  0]LogD3D11RHI: D3D11 min allowed feature level: 11_0
[2020.07.04-21.57.01:288][  0]LogD3D11RHI: D3D11 max allowed feature level: 11_0
[2020.07.04-21.57.01:288][  0]LogD3D11RHI: D3D11 adapters:
[2020.07.04-21.57.01:368][  0]LogD3D11RHI:    0. 'NVIDIA GeForce GTX 1080' (Feature Level 11_0)
[2020.07.04-21.57.01:368][  0]LogD3D11RHI:       8079/0/16343 MB DedicatedVideo/DedicatedSystem/SharedSystem, Outputs:3, VendorId:0x10de
[2020.07.04-21.57.01:371][  0]LogD3D11RHI:    1. 'Microsoft Basic Render Driver' (Feature Level 11_0)
[2020.07.04-21.57.01:372][  0]LogD3D11RHI:       0/0/16343 MB DedicatedVideo/DedicatedSystem/SharedSystem, Outputs:0, VendorId:0x1414
[2020.07.04-21.57.01:372][  0]LogD3D11RHI: Chosen D3D11 Adapter: 0
[2020.07.04-21.57.01:384][  0]LogD3D11RHI: Creating new Direct3DDevice
[2020.07.04-21.57.01:384][  0]LogD3D11RHI:     GPU DeviceId: 0x1b80 (for the marketing name, search the web for "GPU Device Id")
[2020.07.04-21.57.01:384][  0]LogWindows: EnumDisplayDevices:
[2020.07.04-21.57.01:384][  0]LogWindows:    0. 'NVIDIA GeForce GTX 1080' (P:1 D:1)
[2020.07.04-21.57.01:385][  0]LogWindows:    1. 'NVIDIA GeForce GTX 1080' (P:0 D:1)
[2020.07.04-21.57.01:385][  0]LogWindows:    2. 'NVIDIA GeForce GTX 1080' (P:0 D:1)
[2020.07.04-21.57.01:385][  0]LogWindows:    3. 'NVIDIA GeForce GTX 1080' (P:0 D:0)
[2020.07.04-21.57.01:385][  0]LogWindows: DebugString: FoundDriverCount:4 
[2020.07.04-21.57.01:385][  0]LogD3D11RHI:     Adapter Name: NVIDIA GeForce GTX 1080
[2020.07.04-21.57.01:385][  0]LogD3D11RHI:   Driver Version: 445.75 (internal:26.21.14.4575, unified:445.75)
[2020.07.04-21.57.01:385][  0]LogD3D11RHI:      Driver Date: 3-17-2020
[2020.07.04-21.57.01:385][  0]LogRHI: Texture pool is 5655 MB (70% of 8079 MB)
[2020.07.04-21.57.01:441][  0]LogD3D11RHI: RHI has support for 64 bit atomics
[2020.07.04-21.57.01:442][  0]LogD3D11RHI: Async texture creation enabled
[2020.07.04-21.57.01:466][  0]LogD3D11RHI: GPU Timing Frequency: 1000.000000 (Debug: 2 1)
[2020.07.04-21.57.01:788][  0]LogTargetPlatformManager: Display: Loaded TargetPlatform 'WindowsNoEditor'
[2020.07.04-21.57.01:791][  0]LogTargetPlatformManager: Display: Loaded TargetPlatform 'Windows'
[2020.07.04-21.57.01:801][  0]LogTargetPlatformManager: Display: Loaded TargetPlatform 'WindowsClient'
[2020.07.04-21.57.01:811][  0]LogTargetPlatformManager: Display: Loaded TargetPlatform 'WindowsServer'
[2020.07.04-21.57.01:811][  0]LogTargetPlatformManager: Display: Building Assets For Windows
[2020.07.04-21.57.01:814][  0]LogAudioDebug: Display: Lib vorbis DLL was dynamically loaded.
[2020.07.04-21.57.01:842][  0]LogShaderCompilers: Guid format shader working directory is -17 characters bigger than the processId version (D:/User/OneDrive/Documents/Unreal Projects/MultiplayerShootout/Intermediate/Shaders/WorkingDirectory/13460/).
[2020.07.04-21.57.01:842][  0]LogShaderCompilers: Cleaned the shader compiler working directory 'C:/Users/Spart/AppData/Local/Temp/UnrealShaderWorkingDir/8C61AFC14EF132707C34F8B81B459977/'.
[2020.07.04-21.57.01:843][  0]LogXGEController: Cannot use XGE Controller as Incredibuild is not installed on this machine.
[2020.07.04-21.57.01:843][  0]LogShaderCompilers: Cannot use XGE Shader Compiler as Incredibuild is not installed on this machine.
[2020.07.04-21.57.01:843][  0]LogShaderCompilers: Display: Using Local Shader Compiler.
[2020.07.04-21.57.02:740][  0]LogDerivedDataCache: Display: Max Cache Size: 512 MB
[2020.07.04-21.57.02:836][  0]LogDerivedDataCache: Loaded boot cache 0.10s 99MB C:/Users/Spart/AppData/Local/UnrealEngine/4.24/DerivedDataCache/Boot.ddc.
[2020.07.04-21.57.02:836][  0]LogDerivedDataCache: Display: Loaded Boot cache: C:/Users/Spart/AppData/Local/UnrealEngine/4.24/DerivedDataCache/Boot.ddc
[2020.07.04-21.57.02:836][  0]LogDerivedDataCache: FDerivedDataBackendGraph:  Pak pak cache file D:/User/OneDrive/Documents/Unreal Projects/MultiplayerShootout/DerivedDataCache/DDC.ddp not found, will not use a pak cache.
[2020.07.04-21.57.02:836][  0]LogDerivedDataCache: Unable to find inner node Pak for hierarchical cache Hierarchy.
[2020.07.04-21.57.02:836][  0]LogDerivedDataCache: FDerivedDataBackendGraph:  CompressedPak pak cache file D:/User/OneDrive/Documents/Unreal Projects/MultiplayerShootout/DerivedDataCache/Compressed.ddp not found, will not use a pak cache.
[2020.07.04-21.57.02:836][  0]LogDerivedDataCache: Unable to find inner node CompressedPak for hierarchical cache Hierarchy.
[2020.07.04-21.57.02:848][  0]LogDerivedDataCache: Display: Pak cache opened for reading ../../../Engine/DerivedDataCache/Compressed.ddp.
[2020.07.04-21.57.02:849][  0]LogDerivedDataCache: FDerivedDataBackendGraph:  EnterprisePak pak cache file ../../../Enterprise/DerivedDataCache/Compressed.ddp not found, will not use a pak cache.
[2020.07.04-21.57.02:849][  0]LogDerivedDataCache: Unable to find inner node EnterprisePak for hierarchical cache Hierarchy.
[2020.07.04-21.57.02:850][  0]LogDerivedDataCache: Using Local data cache path C:/Users/Spart/AppData/Local/UnrealEngine/Common/DerivedDataCache: Writable
[2020.07.04-21.57.02:850][  0]LogDerivedDataCache: Shared data cache path not found in *engine.ini, will not use an Shared cache.
[2020.07.04-21.57.02:850][  0]LogDerivedDataCache: Unable to find inner node Shared for hierarchical cache Hierarchy.
[2020.07.04-21.57.02:885][  0]LogMaterial: Verifying Global Shaders for PCD3D_SM5
[2020.07.04-21.57.02:889][  0]LogSlate: Using FreeType 2.10.0
[2020.07.04-21.57.02:889][  0]LogSlate: SlateFontServices - WITH_FREETYPE: 1, WITH_HARFBUZZ: 1
[2020.07.04-21.57.03:001][  0]LogInit: Using OS detected language (en-US).
[2020.07.04-21.57.03:001][  0]LogInit: Using OS detected locale (en-US).
[2020.07.04-21.57.03:001][  0]LogTextLocalizationManager: No localization for 'en-US' exists, so 'en' will be used for the language.
[2020.07.04-21.57.03:001][  0]LogTextLocalizationManager: No localization for 'en-US' exists, so 'en' will be used for the locale.
[2020.07.04-21.57.03:001][  0]LogSlate: FontCache flush requested. Reason: Culture for localization was changed
[2020.07.04-21.57.03:001][  0]LogSlate: FontCache flush requested. Reason: Culture for localization was changed
[2020.07.04-21.57.03:003][  0]LogTextLocalizationManager: Compacting localization data took   0.01ms
[2020.07.04-21.57.03:007][  0]LogAssetRegistry: FAssetRegistry took 0.0025 seconds to start up
[2020.07.04-21.57.03:325][  0]LogPackageLocalizationCache: Processed 10 localized package path(s) for 1 prioritized culture(s) in 0.000615 seconds
[2020.07.04-21.57.03:391][  0]LogInit: Selected Device Profile: [Windows]
[2020.07.04-21.57.03:539][  0]LogMeshReduction: Using QuadricMeshReduction for automatic static mesh reduction
[2020.07.04-21.57.03:539][  0]LogMeshReduction: Using SimplygonMeshReduction for automatic skeletal mesh reduction
[2020.07.04-21.57.03:539][  0]LogMeshReduction: Using ProxyLODMeshReduction for automatic mesh merging
[2020.07.04-21.57.03:539][  0]LogMeshReduction: No distributed automatic mesh merging module available
[2020.07.04-21.57.03:539][  0]LogMeshMerging: No distributed automatic mesh merging module available
[2020.07.04-21.57.03:568][  0]LogNetVersion: MultiplayerShootout 1.0.0, NetCL: 10570792, EngineNetVer: 13, GameNetVer: 0 (Checksum: 3488396816)
[2020.07.04-21.57.04:157][  0]LogMoviePlayer: Initializing movie player
[2020.07.04-21.57.04:262][  0]LogTcpMessaging: Initializing TcpMessaging bridge
[2020.07.04-21.57.04:264][  0]LogUdpMessaging: Initializing bridge on interface 0.0.0.0:0 to multicast group 230.0.0.1:6666.
[2020.07.04-21.57.04:293][  0]SourceControl: Source control is disabled
[2020.07.04-21.57.04:294][  0]SourceControl: Source control is disabled
[2020.07.04-21.57.04:294][  0]SourceControl: Source control is disabled
[2020.07.04-21.57.04:300][  0]LogVSAccessor: Display: Unable to create Visual Studio setup instance: 80040154
[2020.07.04-21.57.04:301][  0]LogVSAccessor: Display: Unable to create Visual Studio setup instance: 80040154
[2020.07.04-21.57.04:327][  0]LogAndroidPermission: UAndroidPermissionCallbackProxy::GetInstance
[2020.07.04-21.57.04:335][  0]LogAudioCaptureCore: Display: No Audio Capture implementations found. Audio input will be silent.
[2020.07.04-21.57.04:335][  0]LogAudioCaptureCore: Display: No Audio Capture implementations found. Audio input will be silent.
[2020.07.04-21.57.04:402][  0]LogOcInput: OculusInput pre-init called
[2020.07.04-21.57.04:422][  0]LogUObjectArray: 52645 objects as part of root set at end of initial load.
[2020.07.04-21.57.04:422][  0]LogUObjectAllocator: 9318280 out of 0 bytes used by permanent object pool.
[2020.07.04-21.57.04:422][  0]LogUObjectArray: CloseDisregardForGC: 0/0 objects in disregard for GC pool
[2020.07.04-21.57.04:490][  0]LogEngine: Initializing Engine...
[2020.07.04-21.57.04:491][  0]LogHMD: Failed to initialize OpenVR with code 110
[2020.07.04-21.57.04:493][  0]LogStats: UGameplayTagsManager::InitializeManager -  0.000 s
[2020.07.04-21.57.04:571][  0]LogMaterial: Display: Missing cached shader map for material ShadedLevelColorationUnlitMateri, compiling. Is special engine material.
[2020.07.04-21.57.04:793][  0]LogMaterial: Display: Missing cached shader map for material VertexColorMaterial, compiling. 
[2020.07.04-21.57.04:888][  0]LogShaderCompilers: Display: Worker (1/21): shaders left to compile 411
[2020.07.04-21.57.04:888][  0]LogShaderCompilers: Display: Worker (2/21): shaders left to compile 401
[2020.07.04-21.57.04:888][  0]LogShaderCompilers: Display: Worker (3/21): shaders left to compile 391
[2020.07.04-21.57.04:888][  0]LogShaderCompilers: Display: Worker (4/21): shaders left to compile 381
[2020.07.04-21.57.04:888][  0]LogShaderCompilers: Display: Worker (5/21): shaders left to compile 371
[2020.07.04-21.57.04:888][  0]LogShaderCompilers: Display: Worker (6/21): shaders left to compile 361
[2020.07.04-21.57.04:888][  0]LogShaderCompilers: Display: Worker (7/21): shaders left to compile 351
[2020.07.04-21.57.04:888][  0]LogShaderCompilers: Display: Worker (8/21): shaders left to compile 341
[2020.07.04-21.57.04:888][  0]LogShaderCompilers: Display: Worker (9/21): shaders left to compile 331
[2020.07.04-21.57.04:888][  0]LogShaderCompilers: Display: Worker (10/21): shaders left to compile 321
[2020.07.04-21.57.04:888][  0]LogShaderCompilers: Display: Worker (11/21): shaders left to compile 311
[2020.07.04-21.57.04:888][  0]LogShaderCompilers: Display: Worker (12/21): shaders left to compile 301
[2020.07.04-21.57.04:888][  0]LogShaderCompilers: Display: Worker (13/21): shaders left to compile 291
[2020.07.04-21.57.04:888][  0]LogShaderCompilers: Display: Worker (14/21): shaders left to compile 281
[2020.07.04-21.57.04:888][  0]LogShaderCompilers: Display: Worker (15/21): shaders left to compile 271
[2020.07.04-21.57.04:888][  0]LogShaderCompilers: Display: Worker (16/21): shaders left to compile 261
[2020.07.04-21.57.04:888][  0]LogShaderCompilers: Display: Worker (17/21): shaders left to compile 251
[2020.07.04-21.57.04:888][  0]LogShaderCompilers: Display: Worker (18/21): shaders left to compile 241
[2020.07.04-21.57.04:888][  0]LogShaderCompilers: Display: Worker (19/21): shaders left to compile 231
[2020.07.04-21.57.04:888][  0]LogShaderCompilers: Display: Worker (20/21): shaders left to compile 221
[2020.07.04-21.57.04:888][  0]LogShaderCompilers: Display: Worker (21/21): shaders left to compile 211
[2020.07.04-21.57.04:888][  0]LogMaterial: Display: Missing cached shader map for material VertexColorViewMode_ColorOnly, compiling. 
[2020.07.04-21.57.04:908][  0]LogMaterial: Display: Missing cached shader map for material VertexColorViewMode_AlphaAsColor, compiling. 
[2020.07.04-21.57.04:924][  0]LogMaterial: Display: Missing cached shader map for material VertexColorViewMode_RedOnly, compiling. 
[2020.07.04-21.57.04:941][  0]LogMaterial: Display: Missing cached shader map for material VertexColorViewMode_GreenOnly, compiling. 
[2020.07.04-21.57.04:957][  0]LogMaterial: Display: Missing cached shader map for material VertexColorViewMode_BlueOnly, compiling. 
[2020.07.04-21.57.04:974][  0]LogMaterial: Display: Missing cached shader map for material RemoveSurfaceMaterial, compiling. 
[2020.07.04-21.57.04:987][  0]LogMaterial: Display: Missing cached shader map for material HairDefaultMaterial, compiling. Is special engine material.
[2020.07.04-21.57.05:388][  0]LogMaterial: Display: Missing cached shader map for material DebugMeshMaterial, compiling. 
[2020.07.04-21.57.05:410][  0]LogMaterial: Display: Missing cached shader map for material EmissiveMeshMaterial, compiling. 
[2020.07.04-21.57.05:422][  0]LogMaterial: Display: Missing cached shader map for material M_InvalidLightmapSettings, compiling. 
[2020.07.04-21.57.05:446][  0]LogMaterial: Display: Missing cached shader map for material GizmoMaterial, compiling. 
[2020.07.04-21.57.05:458][  0]LogMaterial: Display: Missing cached shader map for material PhAT_JointLimitMaterial, compiling. 
[2020.07.04-21.57.05:507][  0]LogInit: Initializing FReadOnlyCVARCache
[2020.07.04-21.57.05:509][  0]LogAudioMixer: Display: Audio Mixer Platform Settings:
[2020.07.04-21.57.05:509][  0]LogAudioMixer: Display: 	Sample Rate:						  48000
[2020.07.04-21.57.05:509][  0]LogAudioMixer: Display: 	Callback Buffer Frame Size Requested: 1024
[2020.07.04-21.57.05:509][  0]LogAudioMixer: Display: 	Callback Buffer Frame Size To Use:	  1024
[2020.07.04-21.57.05:509][  0]LogAudioMixer: Display: 	Number of buffers to queue:			  2
[2020.07.04-21.57.05:509][  0]LogAudioMixer: Display: 	Max Channels (voices):				  32
[2020.07.04-21.57.05:509][  0]LogAudioMixer: Display: 	Number of Async Source Workers:		  0
[2020.07.04-21.57.05:509][  0]LogAudio: Display: AudioDevice MaxSources: 32
[2020.07.04-21.57.05:510][  0]LogAudio: Display: Using built-in audio occlusion.
[2020.07.04-21.57.05:510][  0]LogAudioMixer: Display: Initializing audio mixer.
[2020.07.04-21.57.05:545][  0]LogAudioMixer: Display: Audio Device Output Speaker Info:
[2020.07.04-21.57.05:545][  0]LogAudioMixer: Display: Name: Headset Earphone (ASTRO Wireless Transmitter )
[2020.07.04-21.57.05:545][  0]LogAudioMixer: Display: Is Default: Yes
[2020.07.04-21.57.05:545][  0]LogAudioMixer: Display: Sample Rate: 48000
[2020.07.04-21.57.05:545][  0]LogAudioMixer: Display: Channel Count Used: 2
[2020.07.04-21.57.05:545][  0]LogAudioMixer: Display: Device Channel Count: 2
[2020.07.04-21.57.05:545][  0]LogAudioMixer: Display: Channel Order:
[2020.07.04-21.57.05:545][  0]LogAudioMixer: Display: 0: FrontLeft
[2020.07.04-21.57.05:545][  0]LogAudioMixer: Display: 1: FrontRight
[2020.07.04-21.57.05:566][  0]LogAudioMixer: Display: Using Audio Device Headset Earphone (ASTRO Wireless Transmitter )
[2020.07.04-21.57.05:572][  0]LogInit: FAudioDevice initialized.
[2020.07.04-21.57.05:573][  0]LogNetVersion: Set ProjectVersion to 1.0.0.0. Version Checksum will be recalculated on next use.
[2020.07.04-21.57.05:576][  0]LogInit: Texture streaming: Enabled
[2020.07.04-21.57.05:928][  0]LogSlate: Updating window title bar state: overlay mode, drag disabled, window buttons hidden, title bar hidden
[2020.07.04-21.57.05:929][  0]LogInit: Display: Game Engine Initialized.
[2020.07.04-21.57.05:949][  0]LogInit: Display: Starting Game.
[2020.07.04-21.57.05:950][  0]LogNet: Browse: /Game/Maps/Level_01?Name=Player
[2020.07.04-21.57.05:950][  0]LogLoad: LoadMap: /Game/Maps/Level_01?Name=Player
[2020.07.04-21.57.05:950][  0]LogWorld: BeginTearingDown for /Temp/Untitled_0
[2020.07.04-21.57.05:952][  0]LogWorld: UWorld::CleanupWorld for Untitled, bSessionEnded=true, bCleanupResources=true
[2020.07.04-21.57.05:952][  0]LogSlate: InvalidateAllWidgets triggered.  All widgets were invalidated
[2020.07.04-21.57.05:987][  0]LogAudioMixer: Display: No commands were queued while flushing the source manager.
[2020.07.04-21.57.05:994][  0]LogUObjectHash: Compacting FUObjectHashTables data took   4.06ms
[2020.07.04-21.57.06:307][  0]LogMaterial: Display: Missing cached shader map for material M_Bullet, compiling. 
[2020.07.04-21.57.06:330][  0]LogMaterial: Display: Missing cached shader map for material M_Basic, compiling. 
[2020.07.04-21.57.06:357][  0]LogMaterial: Display: Missing cached shader map for material M_Gun, compiling. 
[2020.07.04-21.57.06:399][  0]LogMaterial: Display: Missing cached shader map for material M_MuzzleFlash, compiling. 
[2020.07.04-21.57.06:428][  0]LogMaterial: Display: Missing cached shader map for material M_Hat, compiling. 
[2020.07.04-21.57.06:472][  0]LogMaterial: Display: Missing cached shader map for material M_Player, compiling. 
[2020.07.04-21.57.06:513][  0]LogAIModule: Creating AISystem for world Level_01
[2020.07.04-21.57.06:514][  0]LogLoad: Game class is 'MyGameMode_C'
[2020.07.04-21.57.06:519][  0]LogWorld: Bringing World /Game/Maps/Level_01.Level_01 up for play (max tick rate 0) at 2020.07.04-14.57.06
[2020.07.04-21.57.06:520][  0]LogWorld: Bringing up level for play took: 0.004811
[2020.07.04-21.57.06:527][  0]LogGameMode: Display: Match State Changed from EnteringMap to WaitingToStart
[2020.07.04-21.57.06:527][  0]LogGameState: Match State Changed from EnteringMap to WaitingToStart
[2020.07.04-21.57.06:527][  0]LogGameMode: Display: Match State Changed from WaitingToStart to InProgress
[2020.07.04-21.57.06:528][  0]LogGameState: Match State Changed from WaitingToStart to InProgress
[2020.07.04-21.57.06:528][  0]LogLoad: Took 0.578469 seconds to LoadMap(/Game/Maps/Level_01)
[2020.07.04-21.57.06:596][  0]LogSlate: Took 0.000196 seconds to synchronously load lazily loaded font '../../../Engine/Content/Slate/Fonts/Roboto-Regular.ttf' (155K)
[2020.07.04-21.57.06:646][  0]LogRenderer: Reallocating scene render targets to support 1280x720 Format 10 NumSamples 1 (Frame:1).
[2020.07.04-21.57.06:646][  0]LogLoad: (Engine Initialization) Total time: 7.25 seconds
[2020.07.04-21.57.06:646][  0]LogLoad: (Engine Initialization) Total Blueprint compile time: 0.00 seconds
[2020.07.04-21.57.06:650][  0]LogContentStreaming: Texture pool size now 1000 MB
[2020.07.04-21.57.06:656][  0]LogSlate: InvalidateAllWidgets triggered.  All widgets were invalidated
[2020.07.04-21.57.06:919][  1]LogSlate: Took 0.000240 seconds to synchronously load lazily loaded font '../../../Engine/Content/Slate/Fonts/Roboto-Regular.ttf' (155K)
[2020.07.04-21.57.07:040][ 31]LogShaderCompilers: Display: Worker (3/21): shaders left to compile 1555
[2020.07.04-21.57.07:470][168]LogShaderCompilers: Display: Worker (13/21): shaders left to compile 1545
[2020.07.04-21.57.08:369][455]LogShaderCompilers: Display: Worker (10/21): shaders left to compile 1535
[2020.07.04-21.57.08:711][557]LogShaderCompilers: Display: Worker (3/21): shaders left to compile 1525
[2020.07.04-21.57.09:411][784]LogShaderCompilers: Display: Worker (5/21): shaders left to compile 1515
[2020.07.04-21.57.10:180][ 37]LogShaderCompilers: Display: Worker (13/21): shaders left to compile 1505
[2020.07.04-21.57.10:585][156]LogShaderCompilers: Display: Worker (3/21): shaders left to compile 1495
[2020.07.04-21.57.10:854][245]LogShaderCompilers: Display: Worker (18/21): shaders left to compile 1485
[2020.07.04-21.57.11:094][327]LogShaderCompilers: Display: Worker (9/21): shaders left to compile 1475
[2020.07.04-21.57.11:115][334]LogShaderCompilers: Display: Worker (1/21): shaders left to compile 1465
[2020.07.04-21.57.11:726][514]LogShaderCompilers: Display: Worker (5/21): shaders left to compile 1455
[2020.07.04-21.57.11:830][547]LogShaderCompilers: Display: Worker (10/21): shaders left to compile 1445
[2020.07.04-21.57.11:933][577]LogShaderCompilers: Display: Worker (7/21): shaders left to compile 1435
[2020.07.04-21.57.12:386][698]LogShaderCompilers: Display: Worker (3/21): shaders left to compile 1425
[2020.07.04-21.57.12:403][705]LogShaderCompilers: Display: Worker (13/21): shaders left to compile 1415
[2020.07.04-21.57.12:562][762]LogShaderCompilers: Display: Worker (9/21): shaders left to compile 1405
[2020.07.04-21.57.12:587][772]LogShaderCompilers: Display: Worker (17/21): shaders left to compile 1395
[2020.07.04-21.57.13:052][905]LogShaderCompilers: Display: Worker (1/21): shaders left to compile 1385
[2020.07.04-21.57.13:917][183]LogShaderCompilers: Display: Worker (3/21): shaders left to compile 1375
[2020.07.04-21.57.13:954][194]LogShaderCompilers: Display: Worker (18/21): shaders left to compile 1365
[2020.07.04-21.57.14:267][283]LogShaderCompilers: Display: Worker (5/21): shaders left to compile 1355
[2020.07.04-21.57.14:283][289]LogShaderCompilers: Display: Worker (7/21): shaders left to compile 1345
[2020.07.04-21.57.14:805][428]LogShaderCompilers: Display: Worker (10/21): shaders left to compile 1335
[2020.07.04-21.57.15:121][485]LogShaderCompilers: Display: Worker (9/21): shaders left to compile 1325
[2020.07.04-21.57.15:358][541]LogShaderCompilers: Display: Worker (15/21): shaders left to compile 1315
[2020.07.04-21.57.15:620][625]LogShaderCompilers: Display: Worker (1/21): shaders left to compile 1305
[2020.07.04-21.57.15:696][653]LogShaderCompilers: Display: Worker (13/21): shaders left to compile 1295
[2020.07.04-21.57.16:271][830]LogShaderCompilers: Display: Worker (18/21): shaders left to compile 1285
[2020.07.04-21.57.16:329][845]LogShaderCompilers: Display: Worker (3/21): shaders left to compile 1275
[2020.07.04-21.57.16:523][904]LogShaderCompilers: Display: Worker (17/21): shaders left to compile 1265
[2020.07.04-21.57.18:430][466]LogShaderCompilers: Display: Worker (5/21): shaders left to compile 1255
[2020.07.04-21.57.18:649][524]LogShaderCompilers: Display: Worker (1/21): shaders left to compile 1245
[2020.07.04-21.57.19:085][643]LogShaderCompilers: Display: Worker (15/21): shaders left to compile 1235
[2020.07.04-21.57.19:252][682]LogShaderCompilers: Display: Worker (10/21): shaders left to compile 1225
[2020.07.04-21.57.19:552][744]LogShaderCompilers: Display: Worker (7/21): shaders left to compile 1215
[2020.07.04-21.57.19:868][850]LogShaderCompilers: Display: Worker (11/21): shaders left to compile 1205
[2020.07.04-21.57.19:942][878]LogShaderCompilers: Display: Worker (17/21): shaders left to compile 1195
[2020.07.04-21.57.20:098][886]LogShaderCompilers: Display: Worker (2/21): shaders left to compile 1185
[2020.07.04-21.57.20:262][929]LogShaderCompilers: Display: Worker (9/21): shaders left to compile 1175
[2020.07.04-21.57.20:298][943]LogShaderCompilers: Display: Worker (3/21): shaders left to compile 1165
[2020.07.04-21.57.20:378][968]LogShaderCompilers: Display: Worker (13/21): shaders left to compile 1155
[2020.07.04-21.57.20:526][997]LogShaderCompilers: Display: Worker (14/21): shaders left to compile 1145
[2020.07.04-21.57.20:592][ 18]LogShaderCompilers: Display: Worker (18/21): shaders left to compile 1135
[2020.07.04-21.57.21:896][296]LogShaderCompilers: Display: Worker (15/21): shaders left to compile 1125
[2020.07.04-21.57.21:896][296]LogShaderCompilers: Display: Worker (4/21): shaders left to compile 1115
[2020.07.04-21.57.22:679][488]LogShaderCompilers: Display: Worker (5/21): shaders left to compile 1105
[2020.07.04-21.57.23:074][588]LogShaderCompilers: Display: Worker (7/21): shaders left to compile 1095
[2020.07.04-21.57.23:173][621]LogShaderCompilers: Display: Worker (1/21): shaders left to compile 1085
[2020.07.04-21.57.23:285][631]LogShaderCompilers: Display: Worker (9/21): shaders left to compile 1075
[2020.07.04-21.57.23:298][635]LogShaderCompilers: Display: Worker (11/21): shaders left to compile 1065
[2020.07.04-21.57.23:401][670]LogShaderCompilers: Display: Worker (14/21): shaders left to compile 1055
[2020.07.04-21.57.23:415][675]LogShaderCompilers: Display: Worker (18/21): shaders left to compile 1045
[2020.07.04-21.57.23:660][714]LogShaderCompilers: Display: Worker (10/21): shaders left to compile 1035
[2020.07.04-21.57.23:827][773]LogShaderCompilers: Display: Worker (13/21): shaders left to compile 1025
[2020.07.04-21.57.23:944][812]LogShaderCompilers: Display: Worker (3/21): shaders left to compile 1015
[2020.07.04-21.57.24:145][842]LogShaderCompilers: Display: Worker (12/21): shaders left to compile 1005
[2020.07.04-21.57.24:203][861]LogShaderCompilers: Display: Worker (17/21): shaders left to compile 995
[2020.07.04-21.57.24:859][987]LogShaderCompilers: Display: Worker (19/21): shaders left to compile 985
[2020.07.04-21.57.24:859][987]LogShaderCompilers: Display: Worker (2/21): shaders left to compile 975
[2020.07.04-21.57.24:878][989]LogShaderCompilers: Display: Worker (20/21): shaders left to compile 965
[2020.07.04-21.57.25:132][ 36]LogShaderCompilers: Display: Worker (5/21): shaders left to compile 955
[2020.07.04-21.57.25:285][ 68]LogShaderCompilers: Display: Worker (11/21): shaders left to compile 945
[2020.07.04-21.57.25:432][119]LogShaderCompilers: Display: Worker (4/21): shaders left to compile 935
[2020.07.04-21.57.25:489][137]LogShaderCompilers: Display: Worker (13/21): shaders left to compile 925
[2020.07.04-21.57.25:595][158]LogShaderCompilers: Display: Worker (10/21): shaders left to compile 915
[2020.07.04-21.57.26:156][287]LogShaderCompilers: Display: Worker (9/21): shaders left to compile 905
[2020.07.04-21.57.26:203][302]LogShaderCompilers: Display: Worker (17/21): shaders left to compile 895
[2020.07.04-21.57.26:235][311]LogShaderCompilers: Display: Worker (15/21): shaders left to compile 885
[2020.07.04-21.57.26:499][333]LogShaderCompilers: Display: Worker (7/21): shaders left to compile 875
[2020.07.04-21.57.27:228][485]LogShaderCompilers: Display: Worker (19/21): shaders left to compile 865
[2020.07.04-21.57.27:661][619]LogShaderCompilers: Display: Worker (11/21): shaders left to compile 855
[2020.07.04-21.57.27:801][643]LogShaderCompilers: Display: Worker (12/21): shaders left to compile 845
[2020.07.04-21.57.27:902][669]LogShaderCompilers: Display: Worker (15/21): shaders left to compile 835
[2020.07.04-21.57.28:275][750]LogShaderCompilers: Display: Worker (18/21): shaders left to compile 825
[2020.07.04-21.57.28:275][750]LogShaderCompilers: Display: Worker (9/21): shaders left to compile 815
[2020.07.04-21.57.28:570][797]LogShaderCompilers: Display: Worker (5/21): shaders left to compile 805
[2020.07.04-21.57.28:662][802]LogShaderCompilers: Display: Worker (1/21): shaders left to compile 795
[2020.07.04-21.57.28:817][809]LogShaderCompilers: Display: Worker (17/21): shaders left to compile 785
[2020.07.04-21.57.29:085][874]LogShaderCompilers: Display: Worker (7/21): shaders left to compile 775
[2020.07.04-21.57.29:257][908]LogShaderCompilers: Display: Worker (3/21): shaders left to compile 765
[2020.07.04-21.57.29:983][914]LogShaderCompilers: Display: Worker (15/21): shaders left to compile 755
[2020.07.04-21.57.30:390][914]LogShaderCompilers: Display: Worker (20/21): shaders left to compile 745
[2020.07.04-21.57.30:922][914]LogShaderCompilers: Display: Worker (14/21): shaders left to compile 735
[2020.07.04-21.57.31:480][914]LogShaderCompilers: Display: Worker (5/21): shaders left to compile 725
[2020.07.04-21.57.31:495][914]LogShaderCompilers: Display: Worker (1/21): shaders left to compile 715
[2020.07.04-21.57.31:523][914]LogShaderCompilers: Display: Worker (8/21): shaders left to compile 705
[2020.07.04-21.57.32:004][914]LogShaderCompilers: Display: Worker (11/21): shaders left to compile 695
[2020.07.04-21.57.32:091][914]LogShaderCompilers: Display: Worker (19/21): shaders left to compile 685
[2020.07.04-21.57.32:103][914]LogShaderCompilers: Display: Worker (12/21): shaders left to compile 675
[2020.07.04-21.57.32:284][914]LogShaderCompilers: Display: Worker (3/21): shaders left to compile 665
[2020.07.04-21.57.32:349][914]LogShaderCompilers: Display: Worker (4/21): shaders left to compile 655
[2020.07.04-21.57.32:752][914]LogShaderCompilers: Display: Worker (16/21): shaders left to compile 645
[2020.07.04-21.57.32:765][914]LogShaderCompilers: Display: Worker (15/21): shaders left to compile 635
[2020.07.04-21.57.33:231][914]LogShaderCompilers: Display: Worker (10/21): shaders left to compile 625
[2020.07.04-21.57.33:641][914]LogShaderCompilers: Display: Worker (13/21): shaders left to compile 615
[2020.07.04-21.57.33:783][914]LogShaderCompilers: Display: Worker (7/21): shaders left to compile 605
[2020.07.04-21.57.33:828][914]LogShaderCompilers: Display: Worker (5/21): shaders left to compile 595
[2020.07.04-21.57.34:149][914]LogShaderCompilers: Display: Worker (19/21): shaders left to compile 585
[2020.07.04-21.57.34:389][914]LogShaderCompilers: Display: Worker (9/21): shaders left to compile 575
[2020.07.04-21.57.34:621][914]LogShaderCompilers: Display: Worker (17/21): shaders left to compile 565
[2020.07.04-21.57.34:643][914]LogShaderCompilers: Display: Worker (6/21): shaders left to compile 555
[2020.07.04-21.57.34:661][914]LogShaderCompilers: Display: Worker (18/21): shaders left to compile 545
[2020.07.04-21.57.34:694][914]LogShaderCompilers: Display: Worker (2/21): shaders left to compile 535
[2020.07.04-21.57.34:799][914]LogShaderCompilers: Display: Worker (11/21): shaders left to compile 525
[2020.07.04-21.57.35:103][914]LogSlate: Window 'MultiplayerShootout (64-bit Development PCD3D_SM5) ' being destroyed
[2020.07.04-21.57.35:104][914]LogWindowsTextInputMethodSystem: Display: IME system now deactivated.
[2020.07.04-21.57.35:109][915]LogSlate: Updating window title bar state: overlay mode, drag disabled, window buttons hidden, title bar hidden
[2020.07.04-21.57.35:109][915]LogEngine: All Windows Closed
[2020.07.04-21.57.35:109][915]LogWindows: FPlatformMisc::RequestExit(0)
[2020.07.04-21.57.35:109][915]LogCore: Engine exit requested (reason: Win RequestExit)
[2020.07.04-21.57.35:138][916]LogCore: Engine exit requested (reason: EngineExit() was called; note: exit was already requested)
[2020.07.04-21.57.35:140][916]LogAudioMixer: Display: No commands were queued while flushing the source manager.
[2020.07.04-21.57.35:149][916]LogInit: Display: PreExit Game.
[2020.07.04-21.57.35:149][916]LogWorld: BeginTearingDown for /Game/Maps/Level_01
[2020.07.04-21.57.35:149][916]LogWorld: UWorld::CleanupWorld for Level_01, bSessionEnded=true, bCleanupResources=true
[2020.07.04-21.57.35:150][916]LogSlate: InvalidateAllWidgets triggered.  All widgets were invalidated
[2020.07.04-21.57.35:509][916]LogShaderCompilers: Display: Worker (4/21): shaders left to compile 515
[2020.07.04-21.57.35:509][916]LogShaderCompilers: Display: Worker (20/21): shaders left to compile 505
[2020.07.04-21.57.35:511][916]LogExit: Preparing to exit.
[2020.07.04-21.57.36:283][916]LogShaderCompilers: Display: Worker (14/21): shaders left to compile 495
[2020.07.04-21.57.36:283][916]LogShaderCompilers: Display: Worker (16/21): shaders left to compile 485
[2020.07.04-21.57.36:283][916]LogShaderCompilers: Display: Worker (1/21): shaders left to compile 475
[2020.07.04-21.57.36:283][916]LogShaderCompilers: Display: Worker (17/21): shaders left to compile 465
[2020.07.04-21.57.36:283][916]LogShaderCompilers: Display: Worker (13/21): shaders left to compile 455
[2020.07.04-21.57.36:283][916]LogMoviePlayer: Shutting down movie player
[2020.07.04-21.57.36:383][916]LogShaderCompilers: Display: Worker (7/21): shaders left to compile 445
[2020.07.04-21.57.36:404][916]LogSlate: Updating window title bar state: overlay mode, drag disabled, window buttons hidden, title bar hidden
[2020.07.04-21.57.36:418][916]LogDemo: Cleaned up 0 splitscreen connections with owner deletion
[2020.07.04-21.57.36:419][916]LogExit: Game engine shut down
[2020.07.04-21.57.36:430][916]LogShaderCompilers: Display: Worker (3/21): shaders left to compile 435
[2020.07.04-21.57.36:571][916]LogExit: Object subsystem successfully closed.
[2020.07.04-21.57.36:701][916]LogShaderCompilers: Display: Worker (6/21): shaders left to compile 425
[2020.07.04-21.57.36:701][916]LogShaderCompilers: Display: Shaders left to compile 0
[2020.07.04-21.57.36:727][916]LogModuleManager: Shutting down and abandoning module SequenceRecorderSections (435)
[2020.07.04-21.57.36:727][916]LogModuleManager: Shutting down and abandoning module SequenceRecorder (433)
[2020.07.04-21.57.36:727][916]LogModuleManager: Shutting down and abandoning module AutomationController (431)
[2020.07.04-21.57.36:728][916]LogModuleManager: Shutting down and abandoning module AutomationWorker (429)
[2020.07.04-21.57.36:728][916]LogModuleManager: Shutting down and abandoning module Voice (427)
[2020.07.04-21.57.36:728][916]LogModuleManager: Shutting down and abandoning module AIModule (425)
[2020.07.04-21.57.36:728][916]LogModuleManager: Shutting down and abandoning module GameplayDebugger (424)
[2020.07.04-21.57.36:728][916]LogModuleManager: Shutting down and abandoning module AITestSuite (422)
[2020.07.04-21.57.36:728][916]LogModuleManager: Shutting down and abandoning module NavigationSystem (420)
[2020.07.04-21.57.36:728][916]LogModuleManager: Shutting down and abandoning module OculusMR (417)
[2020.07.04-21.57.36:728][916]LogModuleManager: Shutting down and abandoning module WmfMediaFactory (415)
[2020.07.04-21.57.36:728][916]LogModuleManager: Shutting down and abandoning module WebMMediaFactory (413)
[2020.07.04-21.57.36:728][916]LogModuleManager: Shutting down and abandoning module WebMMedia (411)
[2020.07.04-21.57.36:728][916]LogModuleManager: Shutting down and abandoning module OpenExrWrapper (409)
[2020.07.04-21.57.36:728][916]LogModuleManager: Shutting down and abandoning module ImgMediaFactory (407)
[2020.07.04-21.57.36:728][916]LogModuleManager: Shutting down and abandoning module AvfMediaFactory (405)
[2020.07.04-21.57.36:728][916]LogModuleManager: Shutting down and abandoning module MagicLeapMediaCodecFactory (403)
[2020.07.04-21.57.36:728][916]LogModuleManager: Shutting down and abandoning module MagicLeapMediaFactory (401)
[2020.07.04-21.57.36:728][916]LogModuleManager: Shutting down and abandoning module CharacterAI (399)
[2020.07.04-21.57.36:728][916]LogModuleManager: Shutting down and abandoning module SessionServices (397)
[2020.07.04-21.57.36:728][916]LogModuleManager: Shutting down and abandoning module MovieSceneCapture (395)
[2020.07.04-21.57.36:728][916]LogModuleManager: Shutting down and abandoning module LiveCoding (393)
[2020.07.04-21.57.36:728][916]LogModuleManager: Shutting down and abandoning module LevelSequence (391)
[2020.07.04-21.57.36:728][916]LogModuleManager: Shutting down and abandoning module MovieSceneTracks (389)
[2020.07.04-21.57.36:728][916]LogModuleManager: Shutting down and abandoning module MovieScene (387)
[2020.07.04-21.57.36:728][916]LogModuleManager: Shutting down and abandoning module StreamingPauseRendering (385)
[2020.07.04-21.57.36:728][916]LogModuleManager: Shutting down and abandoning module PortalServices (383)
[2020.07.04-21.57.36:728][916]LogModuleManager: Shutting down and abandoning module PortalRpc (381)
[2020.07.04-21.57.36:728][916]LogModuleManager: Shutting down and abandoning module MessagingRpc (379)
[2020.07.04-21.57.36:728][916]LogModuleManager: Shutting down and abandoning module AudioMixerXAudio2 (377)
[2020.07.04-21.57.36:729][916]LogModuleManager: Shutting down and abandoning module ImageWriteQueue (375)
[2020.07.04-21.57.36:732][916]LogModuleManager: Shutting down and abandoning module ProfilerService (373)
[2020.07.04-21.57.36:866][916]LogModuleManager: Shutting down and abandoning module TaskGraph (371)
[2020.07.04-21.57.36:867][916]LogModuleManager: Shutting down and abandoning module ProceduralMeshComponent (369)
[2020.07.04-21.57.36:867][916]LogModuleManager: Shutting down and abandoning module OculusInput (367)
[2020.07.04-21.57.36:867][916]LogModuleManager: Shutting down and abandoning module MobilePatchingUtils (365)
[2020.07.04-21.57.36:867][916]LogModuleManager: Shutting down and abandoning module EditableMesh (363)
[2020.07.04-21.57.36:867][916]LogModuleManager: Shutting down and abandoning module CustomMeshComponent (361)
[2020.07.04-21.57.36:867][916]LogModuleManager: Shutting down and abandoning module CableComponent (359)
[2020.07.04-21.57.36:867][916]LogModuleManager: Shutting down and abandoning module AudioCapture (357)
[2020.07.04-21.57.36:867][916]LogModuleManager: Shutting down and abandoning module AudioCaptureRtAudio (356)
[2020.07.04-21.57.36:867][916]LogModuleManager: Shutting down and abandoning module AssetTags (353)
[2020.07.04-21.57.36:867][916]LogModuleManager: Shutting down and abandoning module ArchVisCharacter (351)
[2020.07.04-21.57.36:867][916]LogModuleManager: Shutting down and abandoning module AppleImageUtilsBlueprintSupport (349)
[2020.07.04-21.57.36:867][916]LogModuleManager: Shutting down and abandoning module AppleImageUtils (347)
[2020.07.04-21.57.36:867][916]LogModuleManager: Shutting down and abandoning module AndroidPermission (345)
[2020.07.04-21.57.36:867][916]LogModuleManager: Shutting down and abandoning module NUTUnrealEngine4 (343)
[2020.07.04-21.57.36:867][916]LogModuleManager: Shutting down and abandoning module NetcodeUnitTest (341)
[2020.07.04-21.57.36:868][916]LogModuleManager: Shutting down and abandoning module MediaCompositing (339)
[2020.07.04-21.57.36:868][916]LogModuleManager: Shutting down and abandoning module ImgMedia (337)
[2020.07.04-21.57.36:868][916]LogModuleManager: Shutting down and abandoning module MagicLeapHelperVulkan (335)
[2020.07.04-21.57.36:868][916]LogModuleManager: Shutting down and abandoning module MagicLeapHelperOpenGL (333)
[2020.07.04-21.57.36:868][916]LogModuleManager: Shutting down and abandoning module MagicLeapAudio (331)
[2020.07.04-21.57.36:868][916]LogModuleManager: Shutting down and abandoning module GeometryCacheTracks (329)
[2020.07.04-21.57.36:868][916]LogModuleManager: Shutting down and abandoning module GeometryCacheSequencer (328)
[2020.07.04-21.57.36:868][916]LogModuleManager: Shutting down and abandoning module GeometryCache (325)
[2020.07.04-21.57.36:868][916]LogModuleManager: Shutting down and abandoning module GeometryCacheEd (324)
[2020.07.04-21.57.36:868][916]LogModuleManager: Shutting down and abandoning module BackChannel (321)
[2020.07.04-21.57.36:868][916]LogModuleManager: Shutting down and abandoning module AutomationUtils (319)
[2020.07.04-21.57.36:868][916]LogModuleManager: Shutting down and abandoning module VisualStudioSourceCodeAccess (317)
[2020.07.04-21.57.36:869][916]LogModuleManager: Shutting down and abandoning module HotReload (316)
[2020.07.04-21.57.36:869][916]LogModuleManager: Shutting down and abandoning module DirectoryWatcher (315)
[2020.07.04-21.57.36:869][916]LogModuleManager: Shutting down and abandoning module VisualStudioCodeSourceCodeAccess (311)
[2020.07.04-21.57.36:869][916]LogModuleManager: Shutting down and abandoning module UObjectPlugin (309)
[2020.07.04-21.57.36:869][916]LogModuleManager: Shutting down and abandoning module SubversionSourceControl (307)
[2020.07.04-21.57.36:869][916]LogModuleManager: Shutting down and abandoning module PerforceSourceControl (305)
[2020.07.04-21.57.36:869][916]LogModuleManager: Shutting down and abandoning module SourceControl (304)
[2020.07.04-21.57.36:869][916]LogModuleManager: Shutting down and abandoning module CLionSourceCodeAccess (301)
[2020.07.04-21.57.36:869][916]LogModuleManager: Shutting down and abandoning module ActorLayerUtilities (299)
[2020.07.04-21.57.36:869][916]LogModuleManager: Shutting down and abandoning module SignificanceManager (297)
[2020.07.04-21.57.36:869][916]LogModuleManager: Shutting down and abandoning module RuntimePhysXCooking (295)
[2020.07.04-21.57.36:869][916]LogModuleManager: Shutting down and abandoning module PhysXVehiclesEditor (293)
[2020.07.04-21.57.36:869][916]LogModuleManager: Shutting down and abandoning module LocationServicesBPLibrary (289)
[2020.07.04-21.57.36:870][916]LogModuleManager: Shutting down and abandoning module ActorSequence (287)
[2020.07.04-21.57.36:870][916]LogModuleManager: Shutting down and abandoning module UdpMessaging (285)
[2020.07.04-21.57.36:971][916]LogModuleManager: Shutting down and abandoning module TcpMessaging (283)
[2020.07.04-21.57.37:279][916]LogModuleManager: Shutting down and abandoning module MagicLeapPrivileges (281)
[2020.07.04-21.57.37:279][916]LogModuleManager: Shutting down and abandoning module MagicLeapPlanes (279)
[2020.07.04-21.57.37:279][916]LogMagicLeapPlanes: Planes tracker already destroyed.
[2020.07.04-21.57.37:279][916]LogModuleManager: Shutting down and abandoning module MagicLeapIdentity (277)
[2020.07.04-21.57.37:279][916]LogModuleManager: Shutting down and abandoning module MagicLeapSecureStorage (275)
[2020.07.04-21.57.37:279][916]LogModuleManager: Shutting down and abandoning module MagicLeapImageTracker (273)
[2020.07.04-21.57.37:279][916]LogModuleManager: Shutting down and abandoning module MagicLeapHandTracking (271)
[2020.07.04-21.57.37:279][916]LogModuleManager: Shutting down and abandoning module MagicLeapHandMeshing (269)
[2020.07.04-21.57.37:279][916]LogModuleManager: Shutting down and abandoning module MagicLeapEyeTracker (267)
[2020.07.04-21.57.37:279][916]LogModuleManager: Shutting down and abandoning module MagicLeapController (265)
[2020.07.04-21.57.37:279][916]LogSlate: Slate User Destroyed.  User Index 0, Is Virtual User: 0
[2020.07.04-21.57.37:279][916]LogModuleManager: Shutting down and abandoning module MagicLeapARPin (263)
[2020.07.04-21.57.37:279][916]LogModuleManager: Shutting down and abandoning module MagicLeapAR (261)
[2020.07.04-21.57.37:279][916]LogModuleManager: Shutting down and abandoning module AugmentedReality (260)
[2020.07.04-21.57.37:279][916]LogModuleManager: Shutting down and abandoning module GameplayTagsEditor (257)
[2020.07.04-21.57.37:279][916]LogModuleManager: Shutting down and abandoning module FacialAnimation (255)
[2020.07.04-21.57.37:279][916]LogModuleManager: Shutting down and abandoning module AssetManagerEditor (253)
[2020.07.04-21.57.37:280][916]LogModuleManager: Shutting down and abandoning module TreeMap (252)
[2020.07.04-21.57.37:280][916]LogModuleManager: Shutting down and abandoning module AnimationSharing (249)
[2020.07.04-21.57.37:280][916]LogModuleManager: Shutting down and abandoning module LightPropagationVolumeRuntime (247)
[2020.07.04-21.57.37:280][916]LogModuleManager: Shutting down and abandoning module Paper2D (245)
[2020.07.04-21.57.37:280][916]LogModuleManager: Shutting down and abandoning module WindowsMoviePlayer (243)
[2020.07.04-21.57.37:280][916]LogModuleManager: Shutting down and abandoning module WebMMoviePlayer (241)
[2020.07.04-21.57.37:280][916]LogModuleManager: Shutting down and abandoning module NetworkReplayStreaming (239)
[2020.07.04-21.57.37:280][916]LogModuleManager: Shutting down and abandoning module PacketHandler (237)
[2020.07.04-21.57.37:280][916]LogModuleManager: Shutting down and abandoning module ClothingSystemEditor (235)
[2020.07.04-21.57.37:280][916]LogModuleManager: Shutting down and abandoning module ClothingSystemRuntimeNv (233)
[2020.07.04-21.57.37:280][916]LogModuleManager: Shutting down and abandoning module MediaAssets (231)
[2020.07.04-21.57.37:280][916]LogModuleManager: Shutting down and abandoning module Overlay (229)
[2020.07.04-21.57.37:280][916]LogModuleManager: Shutting down and abandoning module OverlayEditor (228)
[2020.07.04-21.57.37:281][916]LogModuleManager: Shutting down and abandoning module VREditor (225)
[2020.07.04-21.57.37:281][916]LogModuleManager: Shutting down and abandoning module StringTableEditor (223)
[2020.07.04-21.57.37:281][916]LogModuleManager: Shutting down and abandoning module GameplayTasksEditor (221)
[2020.07.04-21.57.37:281][916]LogModuleManager: Shutting down and abandoning module BehaviorTreeEditor (219)
[2020.07.04-21.57.37:281][916]LogModuleManager: Shutting down and abandoning module FunctionalTesting (217)
[2020.07.04-21.57.37:281][916]LogModuleManager: Shutting down and abandoning module CollisionAnalyzer (215)
[2020.07.04-21.57.37:281][916]LogModuleManager: Shutting down and abandoning module WorkspaceMenuStructure (214)
[2020.07.04-21.57.37:281][916]LogModuleManager: Shutting down and abandoning module UMG (211)
[2020.07.04-21.57.37:281][916]LogModuleManager: Shutting down and abandoning module UMGEditor (210)
[2020.07.04-21.57.37:282][916]LogModuleManager: Shutting down and abandoning module Sequencer (209)
[2020.07.04-21.57.37:282][916]LogModuleManager: Shutting down and abandoning module MessageLog (206)
[2020.07.04-21.57.37:282][916]LogModuleManager: Shutting down and abandoning module SlateReflector (201)
[2020.07.04-21.57.37:283][916]LogModuleManager: Shutting down and abandoning module Slate (199)
[2020.07.04-21.57.37:283][916]LogModuleManager: Shutting down and abandoning module SlateCore (197)
[2020.07.04-21.57.37:283][916]LogModuleManager: Shutting down and abandoning module LandscapeEditorUtilities (195)
[2020.07.04-21.57.37:283][916]LogModuleManager: Shutting down and abandoning module EditorStyle (193)
[2020.07.04-21.57.37:284][916]LogModuleManager: Shutting down and abandoning module UnrealEd (191)
[2020.07.04-21.57.37:285][916]LogModuleManager: Shutting down and abandoning module MRMesh (189)
[2020.07.04-21.57.37:285][916]LogModuleManager: Shutting down and abandoning module Messaging (187)
[2020.07.04-21.57.37:285][916]LogModuleManager: Shutting down and abandoning module SourceCodeAccess (185)
[2020.07.04-21.57.37:285][916]LogModuleManager: Shutting down and abandoning module HeadMountedDisplay (183)
[2020.07.04-21.57.37:285][916]LogModuleManager: Shutting down and abandoning module XAudio2 (181)
[2020.07.04-21.57.37:285][916]LogModuleManager: Shutting down and abandoning module Networking (179)
[2020.07.04-21.57.37:285][916]LogModuleManager: Shutting down and abandoning module Core (177)
[2020.07.04-21.57.37:285][916]LogModuleManager: Shutting down and abandoning module MovieSceneTools (175)
[2020.07.04-21.57.37:285][916]LogModuleManager: Shutting down and abandoning module KismetCompiler (173)
[2020.07.04-21.57.37:285][916]LogModuleManager: Shutting down and abandoning module MeshUtilities (171)
[2020.07.04-21.57.37:285][916]LogModuleManager: Shutting down and abandoning module MeshMergeUtilities (170)
[2020.07.04-21.57.37:285][916]LogModuleManager: Shutting down and abandoning module MeshReductionInterface (169)
[2020.07.04-21.57.37:285][916]LogModuleManager: Shutting down and abandoning module MeshBoneReduction (168)
[2020.07.04-21.57.37:285][916]LogModuleManager: Shutting down and abandoning module SkeletalMeshReduction (166)
[2020.07.04-21.57.37:285][916]LogModuleManager: Shutting down and abandoning module ProxyLODMeshReduction (164)
[2020.07.04-21.57.37:286][916]LogModuleManager: Shutting down and abandoning module QuadricMeshReduction (162)
[2020.07.04-21.57.37:286][916]LogModuleManager: Shutting down and abandoning module MaterialBaking (158)
[2020.07.04-21.57.37:286][916]LogModuleManager: Shutting down and abandoning module NullInstallBundleManager (153)
[2020.07.04-21.57.37:286][916]LogModuleManager: Shutting down and abandoning module PIEPreviewDeviceProfileSelector (151)
[2020.07.04-21.57.37:286][916]LogModuleManager: Shutting down and abandoning module DerivedDataCache (149)
[2020.07.04-21.57.37:286][916]LogDerivedDataCache: Shutdown
[2020.07.04-21.57.37:286][916]LogModuleManager: Shutting down and abandoning module XGEController (147)
[2020.07.04-21.57.37:286][916]LogModuleManager: Shutting down and abandoning module TargetPlatform (145)
[2020.07.04-21.57.37:286][916]LogModuleManager: Shutting down and abandoning module VulkanShaderFormat (144)
[2020.07.04-21.57.37:286][916]LogModuleManager: Shutting down and abandoning module ShaderFormatVectorVM (142)
[2020.07.04-21.57.37:286][916]LogModuleManager: Shutting down and abandoning module ShaderFormatOpenGL (140)
[2020.07.04-21.57.37:286][916]LogModuleManager: Shutting down and abandoning module ShaderFormatD3D (138)
[2020.07.04-21.57.37:286][916]LogModuleManager: Shutting down and abandoning module MetalShaderFormat (136)
[2020.07.04-21.57.37:287][916]LogModuleManager: Shutting down and abandoning module TextureFormatUncompressed (134)
[2020.07.04-21.57.37:287][916]LogModuleManager: Shutting down and abandoning module TextureFormatPVR (132)
[2020.07.04-21.57.37:287][916]LogModuleManager: Shutting down and abandoning module TextureFormatDXT (130)
[2020.07.04-21.57.37:287][916]LogModuleManager: Shutting down and abandoning module TextureFormatIntelISPCTexComp (128)
[2020.07.04-21.57.37:287][916]LogModuleManager: Shutting down and abandoning module TextureFormatASTC (126)
[2020.07.04-21.57.37:287][916]LogModuleManager: Shutting down and abandoning module ImageWrapper (125)
[2020.07.04-21.57.37:287][916]LogModuleManager: Shutting down and abandoning module TextureFormatAndroid (122)
[2020.07.04-21.57.37:287][916]LogModuleManager: Shutting down and abandoning module AudioFormatOpus (120)
[2020.07.04-21.57.37:287][916]LogModuleManager: Shutting down and abandoning module AudioFormatOgg (118)
[2020.07.04-21.57.37:287][916]LogModuleManager: Shutting down and abandoning module AudioFormatADPCM (116)
[2020.07.04-21.57.37:287][916]LogModuleManager: Shutting down and abandoning module WindowsServerTargetPlatform (114)
[2020.07.04-21.57.37:287][916]LogModuleManager: Shutting down and abandoning module WindowsClientTargetPlatform (112)
[2020.07.04-21.57.37:287][916]LogModuleManager: Shutting down and abandoning module WindowsTargetPlatform (110)
[2020.07.04-21.57.37:287][916]LogModuleManager: Shutting down and abandoning module WindowsNoEditorTargetPlatform (108)
[2020.07.04-21.57.37:287][916]LogModuleManager: Shutting down and abandoning module InputCore (105)
[2020.07.04-21.57.37:287][916]LogModuleManager: Shutting down and abandoning module Settings (103)
[2020.07.04-21.57.37:287][916]LogModuleManager: Shutting down and abandoning module PhysXCooking (101)
[2020.07.04-21.57.37:287][916]LogModuleManager: Shutting down and abandoning module ChaosSolvers (99)
[2020.07.04-21.57.37:287][916]LogModuleManager: Shutting down and abandoning module FieldSystemEngine (98)
[2020.07.04-21.57.37:287][916]LogModuleManager: Shutting down and abandoning module Chaos (95)
[2020.07.04-21.57.37:287][916]LogModuleManager: Shutting down and abandoning module WindowsPlatformFeatures (93)
[2020.07.04-21.57.37:287][916]LogModuleManager: Shutting down and abandoning module GameplayMediaEncoder (92)
[2020.07.04-21.57.37:288][916]LogModuleManager: Shutting down and abandoning module SteamVRInputDevice (89)
[2020.07.04-21.57.37:288][916]LogModuleManager: Shutting down and abandoning module SteamVRInput (87)
[2020.07.04-21.57.37:288][916]LogModuleManager: Shutting down and abandoning module SteamVR (85)
[2020.07.04-21.57.37:288][916]LogHMD: Freeing OpenVRDLLHandle.
[2020.07.04-21.57.37:288][916]LogModuleManager: Shutting down and abandoning module OculusHMD (83)
[2020.07.04-21.57.37:288][916]LogModuleManager: Shutting down and abandoning module ExampleDeviceProfileSelector (81)
[2020.07.04-21.57.37:288][916]LogModuleManager: Shutting down and abandoning module LauncherChunkInstaller (79)
[2020.07.04-21.57.37:288][916]LogModuleManager: Shutting down and abandoning module OnlineBlueprintSupport (77)
[2020.07.04-21.57.37:288][916]LogModuleManager: Shutting down and abandoning module OnlineSubsystem (73)
[2020.07.04-21.57.37:289][916]LogModuleManager: Shutting down and abandoning module XMPP (67)
[2020.07.04-21.57.37:290][916]LogModuleManager: Shutting down and abandoning module WebSockets (66)
[2020.07.04-21.57.37:319][916]LogModuleManager: Shutting down and abandoning module HTTP (63)
[2020.07.04-21.57.37:326][916]LogModuleManager: Shutting down and abandoning module SSL (62)
[2020.07.04-21.57.37:328][916]LogModuleManager: Shutting down and abandoning module WmfMedia (58)
[2020.07.04-21.57.37:330][916]LogModuleManager: Shutting down and abandoning module Media (57)
[2020.07.04-21.57.37:330][916]LogModuleManager: Shutting down and abandoning module MagicLeap (54)
[2020.07.04-21.57.37:330][916]LogModuleManager: Shutting down and abandoning module VariantManagerContent (52)
[2020.07.04-21.57.37:330][916]LogModuleManager: Shutting down and abandoning module DatasmithContent (50)
[2020.07.04-21.57.37:331][916]LogModuleManager: Shutting down and abandoning module AISupportModule (48)
[2020.07.04-21.57.37:331][916]LogModuleManager: Shutting down and abandoning module DesktopPlatform (46)
[2020.07.04-21.57.37:331][916]LogModuleManager: Shutting down and abandoning module PlatformCryptoOpenSSL (44)
[2020.07.04-21.57.37:331][916]LogModuleManager: Shutting down and abandoning module PlatformCryptoTypes (42)
[2020.07.04-21.57.37:331][916]LogModuleManager: Shutting down and abandoning module PlatformCrypto (40)
[2020.07.04-21.57.37:331][916]LogModuleManager: Shutting down and abandoning module AnimationModifiers (38)
[2020.07.04-21.57.37:331][916]LogModuleManager: Shutting down and abandoning module PropertyEditor (37)
[2020.07.04-21.57.37:331][916]LogModuleManager: Shutting down and abandoning module AudioEditor (34)
[2020.07.04-21.57.37:332][916]LogModuleManager: Shutting down and abandoning module TextureCompressor (32)
[2020.07.04-21.57.37:332][916]LogModuleManager: Shutting down and abandoning module RenderCore (30)
[2020.07.04-21.57.37:332][916]LogModuleManager: Shutting down and abandoning module Landscape (28)
[2020.07.04-21.57.37:332][916]LogModuleManager: Shutting down and abandoning module SlateRHIRenderer (26)
[2020.07.04-21.57.37:332][916]LogModuleManager: Shutting down and abandoning module OpenGLDrv (24)
[2020.07.04-21.57.37:333][916]LogModuleManager: Shutting down and abandoning module D3D11RHI (22)
[2020.07.04-21.57.37:333][916]LogModuleManager: Shutting down and abandoning module AnimGraphRuntime (20)
[2020.07.04-21.57.37:333][916]LogModuleManager: Shutting down and abandoning module Renderer (18)
[2020.07.04-21.57.37:333][916]LogModuleManager: Shutting down and abandoning module Engine (16)
[2020.07.04-21.57.37:333][916]LogModuleManager: Shutting down and abandoning module CoreUObject (14)
[2020.07.04-21.57.37:333][916]LogModuleManager: Shutting down and abandoning module NetworkFile (12)
[2020.07.04-21.57.37:333][916]LogModuleManager: Shutting down and abandoning module CookedIterativeFile (10)
[2020.07.04-21.57.37:333][916]LogModuleManager: Shutting down and abandoning module StreamingFile (8)
[2020.07.04-21.57.37:333][916]LogModuleManager: Shutting down and abandoning module SandboxFile (6)
[2020.07.04-21.57.37:333][916]LogModuleManager: Shutting down and abandoning module PakFile (4)
[2020.07.04-21.57.37:333][916]LogModuleManager: Shutting down and abandoning module RSA (3)
[2020.07.04-21.57.37:334][916]LogD3D11RHI: Shutdown
[2020.07.04-21.57.37:334][916]LogD3D11RHI: CleanupD3DDevice
[2020.07.04-21.57.37:362][916]LogExit: Exiting.
[2020.07.04-21.57.37:371][916]Log file closed, 07/04/20 14:57:37
