Log file open, 07/04/20 21:20:32
LogWindows: Failed to load 'aqProf.dll' (GetLastError=126)
LogWindows: File 'aqProf.dll' does not exist
LogWindows: Failed to load 'VtuneApi.dll' (GetLastError=126)
LogWindows: File 'VtuneApi.dll' does not exist
LogWindows: Failed to load 'VtuneApi32e.dll' (GetLastError=126)
LogWindows: File 'VtuneApi32e.dll' does not exist
LogConsoleResponse: Display: Failed to find resolution value strings in scalability ini. Falling back to default.
LogInit: Display: Running engine for game: MultiplayerShootout
LogPlatformFile: Not using cached read wrapper
LogTaskGraph: Started task graph with 5 named threads and 71 total threads with 3 sets of task threads.
LogStats: Stats thread started at 0.051328
LogD3D11RHI: Loaded GFSDK_Aftermath_Lib.x64.dll
LogICUInternationalization: ICU TimeZone Detection - Raw Offset: -7:00, Platform Override: ''
LogPluginManager: Mounting plugin Paper2D
LogPluginManager: Mounting plugin AdvancedSessions
LogPluginManager: Mounting plugin AdvancedSteamSessions
LogPluginManager: Mounting plugin AISupport
LogPluginManager: Mounting plugin LightPropagationVolume
LogPluginManager: Mounting plugin ActorLayerUtilities
LogPluginManager: Mounting plugin AnimationSharing
LogPluginManager: Mounting plugin CLionSourceCodeAccess
LogPluginManager: Mounting plugin CodeLiteSourceCodeAccess
LogPluginManager: Mounting plugin GitSourceControl
LogPluginManager: Mounting plugin KDevelopSourceCodeAccess
LogPluginManager: Mounting plugin NullSourceCodeAccess
LogPluginManager: Mounting plugin PerforceSourceControl
LogPluginManager: Mounting plugin PlasticSourceControl
LogPluginManager: Mounting plugin SubversionSourceControl
LogPluginManager: Mounting plugin UObjectPlugin
LogPluginManager: Mounting plugin VisualStudioCodeSourceCodeAccess
LogPluginManager: Mounting plugin VisualStudioSourceCodeAccess
LogPluginManager: Mounting plugin XCodeSourceCodeAccess
LogPluginManager: Mounting plugin AssetManagerEditor
LogPluginManager: Mounting plugin CryptoKeys
LogPluginManager: Mounting plugin CurveEditorTools
LogPluginManager: Mounting plugin DataValidation
LogPluginManager: Mounting plugin FacialAnimation
LogPluginManager: Mounting plugin GameplayTagsEditor
LogPluginManager: Mounting plugin MacGraphicsSwitching
LogPluginManager: Mounting plugin MaterialAnalyzer
LogPluginManager: Mounting plugin MobileLauncherProfileWizard
LogPluginManager: Mounting plugin PluginBrowser
LogPluginManager: Mounting plugin SpeedTreeImporter
LogPluginManager: Mounting plugin DatasmithContent
LogPluginManager: Mounting plugin VariantManagerContent
LogPluginManager: Mounting plugin AlembicImporter
LogPluginManager: Mounting plugin AutomationUtils
LogPluginManager: Mounting plugin BackChannel
LogPluginManager: Mounting plugin CharacterAI
LogPluginManager: Mounting plugin GeometryCache
LogPluginManager: Mounting plugin PlatformCrypto
LogPluginManager: Mounting plugin ProxyLODPlugin
LogPluginManager: Mounting plugin SkeletalReduction
LogPluginManager: Mounting plugin MagicLeap
LogPluginManager: Mounting plugin MagicLeapMedia
LogPluginManager: Mounting plugin MLSDK
LogPluginManager: Mounting plugin AndroidMedia
LogPluginManager: Mounting plugin AvfMedia
LogPluginManager: Mounting plugin ImgMedia
LogPluginManager: Mounting plugin MediaCompositing
LogPluginManager: Mounting plugin MediaPlayerEditor
LogPluginManager: Mounting plugin WebMMedia
LogPluginManager: Mounting plugin WmfMedia
LogPluginManager: Mounting plugin TcpMessaging
LogPluginManager: Mounting plugin UdpMessaging
LogPluginManager: Mounting plugin ActorSequence
LogPluginManager: Mounting plugin LevelSequenceEditor
LogPluginManager: Mounting plugin MatineeToLevelSequence
LogPluginManager: Mounting plugin NetcodeUnitTest
LogPluginManager: Mounting plugin NUTUnrealEngine4
LogPluginManager: Mounting plugin OnlineSubsystemGooglePlay
LogPluginManager: Mounting plugin OnlineSubsystemIOS
LogPluginManager: Mounting plugin OnlineSubsystem
LogPluginManager: Mounting plugin OnlineSubsystemNull
LogPluginManager: Mounting plugin OnlineSubsystemSteam
LogPluginManager: Mounting plugin OnlineSubsystemUtils
LogPluginManager: Mounting plugin LauncherChunkInstaller
LogPluginManager: Mounting plugin AndroidDeviceProfileSelector
LogPluginManager: Mounting plugin AndroidMoviePlayer
LogPluginManager: Mounting plugin AndroidPermission
LogPluginManager: Mounting plugin AppleImageUtils
LogPluginManager: Mounting plugin AppleMoviePlayer
LogPluginManager: Mounting plugin ArchVisCharacter
LogPluginManager: Mounting plugin AssetTags
LogPluginManager: Mounting plugin AudioCapture
LogPluginManager: Mounting plugin CableComponent
LogPluginManager: Mounting plugin CustomMeshComponent
LogPluginManager: Mounting plugin EditableMesh
LogPluginManager: Mounting plugin ExampleDeviceProfileSelector
LogPluginManager: Mounting plugin GoogleCloudMessaging
LogPluginManager: Mounting plugin IOSDeviceProfileSelector
LogPluginManager: Mounting plugin LinuxDeviceProfileSelector
LogPluginManager: Mounting plugin LocationServicesBPLibrary
LogPluginManager: Mounting plugin MobilePatchingUtils
LogPluginManager: Mounting plugin OculusVR
LogPluginManager: Mounting plugin PhysXVehicles
LogPluginManager: Mounting plugin PostSplashScreen
LogPluginManager: Mounting plugin ProceduralMeshComponent
LogPluginManager: Mounting plugin RuntimePhysXCooking
LogPluginManager: Mounting plugin SignificanceManager
LogPluginManager: Mounting plugin SteamShared
LogPluginManager: Mounting plugin SteamVR
LogPluginManager: Mounting plugin WebMMoviePlayer
LogPluginManager: Mounting plugin WindowsMoviePlayer
LogPluginManager: Mounting plugin ScreenshotTools
LogInit: Using libcurl 7.55.1-DEV
LogInit:  - built for x86_64-pc-win32
LogInit:  - supports SSL with OpenSSL/1.1.1
LogInit:  - supports HTTP deflate (compression) using libz 1.2.8
LogInit:  - other features:
LogInit:      CURL_VERSION_SSL
LogInit:      CURL_VERSION_LIBZ
LogInit:      CURL_VERSION_IPV6
LogInit:      CURL_VERSION_ASYNCHDNS
LogInit:      CURL_VERSION_LARGEFILE
LogInit:      CURL_VERSION_IDN
LogInit:  CurlRequestOptions (configurable via config and command line):
LogInit:  - bVerifyPeer = true  - Libcurl will verify peer certificate
LogInit:  - bUseHttpProxy = false  - Libcurl will NOT use HTTP proxy
LogInit:  - bDontReuseConnections = false  - Libcurl will reuse connections
LogInit:  - MaxHostConnections = 16  - Libcurl will limit the number of connections to a host
LogInit:  - LocalHostAddr = Default
LogInit:  - BufferSize = 65536
LogSteamShared: Display: Loading Steam SDK 1.46
LogSteamShared: Steam SDK Loaded!
LogOnline: OSS: Creating online subsystem instance for: Steam
LogOnline: STEAM: Steam User is subscribed 1
LogOnline: STEAM: [AppId: 480] Client API initialized 1
LogOnline: STEAM: [AppId: 480] Game Server API initialized 1
LogOnline: STEAM: Initializing SteamNetworking Layer
LogOnline: STEAM: Missing P2PCleanupTimeout key in OnlineSubsystemSteam of DefaultEngine.ini, using default
LogInit: WinSock: version 1.1 (2.2), MaxSocks=32767, MaxUdp=65467
LogOnline: OSS: TryLoadSubsystemAndSetDefault: Loaded subsystem for module [Steam]
LogInit: Build: ++UE4+Release-4.24-CL-10757647
LogInit: Engine Version: 4.24.1-10757647+++UE4+Release-4.24
LogInit: Compatible Engine Version: 4.24.0-10570792+++UE4+Release-4.24
LogInit: Net CL: 10570792
LogInit: OS: Windows 10 (Release 1909) (), CPU: AMD Ryzen 9 3900X 12-Core Processor            , GPU: NVIDIA GeForce GTX 1080
LogInit: Compiled (64-bit): Dec 17 2019 02:08:03
LogInit: Compiled with Visual C++: 19.16.27032.01
LogInit: Build Configuration: Development
LogInit: Branch Name: ++UE4+Release-4.24
LogInit: Command Line:  /Game/Maps/MainMenu -game -PIEVIACONSOLE -ResX=1280 -ResY=720 -Multiprocess -messaging -SessionName="Play in Standalone Game" -windowed
LogInit: Base Directory: C:/Program Files/Epic Games/UE_4.24/Engine/Binaries/Win64/
LogInit: Installed Engine Build: 1
LogDevObjectVersion: Number of dev versions registered: 25
LogDevObjectVersion:   Dev-Blueprints (B0D832E4-1F89-4F0D-ACCF-7EB736FD4AA2): 10
LogDevObjectVersion:   Dev-Build (E1C64328-A22C-4D53-A36C-8E866417BD8C): 0
LogDevObjectVersion:   Dev-Core (375EC13C-06E4-48FB-B500-84F0262A717E): 3
LogDevObjectVersion:   Dev-Editor (E4B068ED-F494-42E9-A231-DA0B2E46BB41): 37
LogDevObjectVersion:   Dev-Framework (CFFC743F-43B0-4480-9391-14DF171D2073): 36
LogDevObjectVersion:   Dev-Mobile (B02B49B5-BB20-44E9-A304-32B752E40360): 2
LogDevObjectVersion:   Dev-Networking (A4E4105C-59A1-49B5-A7C5-40C4547EDFEE): 0
LogDevObjectVersion:   Dev-Online (39C831C9-5AE6-47DC-9A44-9C173E1C8E7C): 0
LogDevObjectVersion:   Dev-Physics (78F01B33-EBEA-4F98-B9B4-84EACCB95AA2): 2
LogDevObjectVersion:   Dev-Platform (6631380F-2D4D-43E0-8009-CF276956A95A): 0
LogDevObjectVersion:   Dev-Rendering (12F88B9F-8875-4AFC-A67C-D90C383ABD29): 36
LogDevObjectVersion:   Dev-Sequencer (7B5AE74C-D270-4C10-A958-57980B212A5A): 11
LogDevObjectVersion:   Dev-VR (D7296918-1DD6-4BDD-9DE2-64A83CC13884): 2
LogDevObjectVersion:   Dev-LoadTimes (C2A15278-BFE7-4AFE-6C17-90FF531DF755): 1
LogDevObjectVersion:   Private-Geometry (6EACA3D4-40EC-4CC1-B786-8BED09428FC5): 3
LogDevObjectVersion:   Dev-AnimPhys (29E575DD-E0A3-4627-9D10-D276232CDCEA): 17
LogDevObjectVersion:   Dev-Anim (AF43A65D-7FD3-4947-9873-3E8ED9C1BB05): 2
LogDevObjectVersion:   Dev-ReflectionCapture (6B266CEC-1EC7-4B8F-A30B-E4D90942FC07): 1
LogDevObjectVersion:   Dev-Automation (0DF73D61-A23F-47EA-B727-89E90C41499A): 1
LogDevObjectVersion:   FortniteMain (601D1886-AC64-4F84-AA16-D3DE0DEAC7D6): 31
LogDevObjectVersion:   Dev-Enterprise (9DFFBCD6-494F-0158-E221-12823C92A888): 8
LogDevObjectVersion:   Dev-Niagara (F2AED0AC-9AFE-416F-8664-AA7FFA26D6FC): 1
LogDevObjectVersion:   Dev-Destruction (174F1F0B-B4C6-45A5-B13F-2EE8D0FB917D): 9
LogDevObjectVersion:   Dev-Physics-Ext (35F94A83-E258-406C-A318-09F59610247C): 8
LogDevObjectVersion:   Dev-CineCamera (B2E18506-4273-CFC2-A54E-F4BB758BBA07): 1
LogInit: Presizing for max 25165824 objects, including 0 objects not considered by GC, pre-allocating 0 bytes for permanent pool.
LogInit: Object subsystem initialized
LogConfig: Setting CVar [[con.DebugEarlyDefault:1]]
LogConfig: Setting CVar [[r.setres:1280x720]]
[2020.07.05-04.20.33:158][  0]LogConfig: Setting CVar [[con.DebugEarlyDefault:1]]
[2020.07.05-04.20.33:158][  0]LogConfig: Setting CVar [[r.setres:1280x720]]
[2020.07.05-04.20.33:158][  0]LogConfig: Applying CVar settings from Section [/Script/Engine.RendererSettings] File [D:/User/OneDrive/Documents/Unreal Projects/MultiplayerShootout/Saved/Config/Windows/Engine.ini]
[2020.07.05-04.20.33:158][  0]LogConfig: Setting CVar [[r.GPUCrashDebugging:0]]
[2020.07.05-04.20.33:158][  0]LogConfig: Setting CVar [[r.MobileHDR:1]]
[2020.07.05-04.20.33:158][  0]LogConfig: Setting CVar [[r.AllowOcclusionQueries:1]]
[2020.07.05-04.20.33:158][  0]LogConfig: Setting CVar [[r.MinScreenRadiusForLights:0.030000]]
[2020.07.05-04.20.33:158][  0]LogConfig: Setting CVar [[r.MinScreenRadiusForDepthPrepass:0.030000]]
[2020.07.05-04.20.33:158][  0]LogConfig: Setting CVar [[r.PrecomputedVisibilityWarning:0]]
[2020.07.05-04.20.33:158][  0]LogConfig: Setting CVar [[r.TextureStreaming:1]]
[2020.07.05-04.20.33:158][  0]LogConfig: Setting CVar [[Compat.UseDXT5NormalMaps:0]]
[2020.07.05-04.20.33:158][  0]LogConfig: Setting CVar [[r.AllowStaticLighting:1]]
[2020.07.05-04.20.33:158][  0]LogConfig: Setting CVar [[r.NormalMapsForStaticLighting:0]]
[2020.07.05-04.20.33:158][  0]LogConfig: Setting CVar [[r.GenerateMeshDistanceFields:1]]
[2020.07.05-04.20.33:158][  0]LogConfig: Setting CVar [[r.TessellationAdaptivePixelsPerTriangle:48.000000]]
[2020.07.05-04.20.33:158][  0]LogConfig: Setting CVar [[r.SeparateTranslucency:1]]
[2020.07.05-04.20.33:158][  0]LogConfig: Setting CVar [[r.CustomDepth:1]]
[2020.07.05-04.20.33:158][  0]LogConfig: Setting CVar [[r.DefaultFeature.Bloom:1]]
[2020.07.05-04.20.33:158][  0]LogConfig: Setting CVar [[r.DefaultFeature.AmbientOcclusion:1]]
[2020.07.05-04.20.33:158][  0]LogConfig: Setting CVar [[r.DefaultFeature.AmbientOcclusionStaticFraction:1]]
[2020.07.05-04.20.33:158][  0]LogConfig: Setting CVar [[r.DefaultFeature.AutoExposure:1]]
[2020.07.05-04.20.33:158][  0]LogConfig: Setting CVar [[r.DefaultFeature.MotionBlur:1]]
[2020.07.05-04.20.33:158][  0]LogConfig: Setting CVar [[r.DefaultFeature.LensFlare:1]]
[2020.07.05-04.20.33:158][  0]LogConfig: Setting CVar [[r.DefaultFeature.AntiAliasing:2]]
[2020.07.05-04.20.33:158][  0]LogConfig: Setting CVar [[r.EarlyZPass:3]]
[2020.07.05-04.20.33:158][  0]LogConfig: Setting CVar [[r.DBuffer:0]]
[2020.07.05-04.20.33:158][  0]LogConfig: Setting CVar [[r.ClearSceneMethod:1]]
[2020.07.05-04.20.33:158][  0]LogConfig: Setting CVar [[r.MSAA.CompositingSampleCount:4]]
[2020.07.05-04.20.33:158][  0]LogConfig: Setting CVar [[r.WireframeCullThreshold:5.000000]]
[2020.07.05-04.20.33:158][  0]LogConfig: Applying CVar settings from Section [/Script/Engine.RendererOverrideSettings] File [D:/User/OneDrive/Documents/Unreal Projects/MultiplayerShootout/Saved/Config/Windows/Engine.ini]
[2020.07.05-04.20.33:158][  0]LogConfig: Applying CVar settings from Section [/Script/Engine.StreamingSettings] File [D:/User/OneDrive/Documents/Unreal Projects/MultiplayerShootout/Saved/Config/Windows/Engine.ini]
[2020.07.05-04.20.33:158][  0]LogConfig: Setting CVar [[s.MinBulkDataSizeForAsyncLoading:131072]]
[2020.07.05-04.20.33:158][  0]LogConfig: Setting CVar [[s.AsyncLoadingThreadEnabled:0]]
[2020.07.05-04.20.33:158][  0]LogConfig: Setting CVar [[s.EventDrivenLoaderEnabled:1]]
[2020.07.05-04.20.33:158][  0]LogConfig: Setting CVar [[s.WarnIfTimeLimitExceeded:0]]
[2020.07.05-04.20.33:158][  0]LogConfig: Setting CVar [[s.TimeLimitExceededMultiplier:1.5]]
[2020.07.05-04.20.33:158][  0]LogConfig: Setting CVar [[s.TimeLimitExceededMinTime:0.005]]
[2020.07.05-04.20.33:158][  0]LogConfig: Setting CVar [[s.UseBackgroundLevelStreaming:1]]
[2020.07.05-04.20.33:158][  0]LogConfig: Setting CVar [[s.PriorityAsyncLoadingExtraTime:15.0]]
[2020.07.05-04.20.33:158][  0]LogConfig: Setting CVar [[s.LevelStreamingActorsUpdateTimeLimit:5.0]]
[2020.07.05-04.20.33:158][  0]LogConfig: Setting CVar [[s.PriorityLevelStreamingActorsUpdateExtraTime:5.0]]
[2020.07.05-04.20.33:158][  0]LogConfig: Setting CVar [[s.LevelStreamingComponentsRegistrationGranularity:10]]
[2020.07.05-04.20.33:158][  0]LogConfig: Setting CVar [[s.UnregisterComponentsTimeLimit:1.0]]
[2020.07.05-04.20.33:158][  0]LogConfig: Setting CVar [[s.LevelStreamingComponentsUnregistrationGranularity:5]]
[2020.07.05-04.20.33:158][  0]LogConfig: Setting CVar [[s.FlushStreamingOnExit:1]]
[2020.07.05-04.20.33:158][  0]LogConfig: Applying CVar settings from Section [/Script/Engine.GarbageCollectionSettings] File [D:/User/OneDrive/Documents/Unreal Projects/MultiplayerShootout/Saved/Config/Windows/Engine.ini]
[2020.07.05-04.20.33:158][  0]LogConfig: Setting CVar [[gc.MaxObjectsNotConsideredByGC:1]]
[2020.07.05-04.20.33:158][  0]LogConfig: Setting CVar [[gc.SizeOfPermanentObjectPool:0]]
[2020.07.05-04.20.33:158][  0]LogConfig: Setting CVar [[gc.FlushStreamingOnGC:0]]
[2020.07.05-04.20.33:158][  0]LogConfig: Setting CVar [[gc.NumRetriesBeforeForcingGC:10]]
[2020.07.05-04.20.33:158][  0]LogConfig: Setting CVar [[gc.AllowParallelGC:1]]
[2020.07.05-04.20.33:158][  0]LogConfig: Setting CVar [[gc.TimeBetweenPurgingPendingKillObjects:61.1]]
[2020.07.05-04.20.33:158][  0]LogConfig: Setting CVar [[gc.MaxObjectsInEditor:25165824]]
[2020.07.05-04.20.33:158][  0]LogConfig: Setting CVar [[gc.IncrementalBeginDestroyEnabled:1]]
[2020.07.05-04.20.33:158][  0]LogConfig: Setting CVar [[gc.CreateGCClusters:1]]
[2020.07.05-04.20.33:158][  0]LogConfig: Setting CVar [[gc.MinGCClusterSize:5]]
[2020.07.05-04.20.33:158][  0]LogConfig: Setting CVar [[gc.ActorClusteringEnabled:0]]
[2020.07.05-04.20.33:158][  0]LogConfig: Setting CVar [[gc.BlueprintClusteringEnabled:0]]
[2020.07.05-04.20.33:158][  0]LogConfig: Setting CVar [[gc.UseDisregardForGCOnDedicatedServers:0]]
[2020.07.05-04.20.33:158][  0]LogConfig: Applying CVar settings from Section [/Script/Engine.NetworkSettings] File [D:/User/OneDrive/Documents/Unreal Projects/MultiplayerShootout/Saved/Config/Windows/Engine.ini]
[2020.07.05-04.20.33:158][  0]LogConfig: Applying CVar settings from Section [/Script/UnrealEd.CookerSettings] File [D:/User/OneDrive/Documents/Unreal Projects/MultiplayerShootout/Saved/Config/Windows/Engine.ini]
[2020.07.05-04.20.33:167][  0]LogConfig: Applying CVar settings from Section [ViewDistanceQuality@3] File [D:/User/OneDrive/Documents/Unreal Projects/MultiplayerShootout/Saved/Config/Windows/Scalability.ini]
[2020.07.05-04.20.33:167][  0]LogConfig: Setting CVar [[r.SkeletalMeshLODBias:0]]
[2020.07.05-04.20.33:167][  0]LogConfig: Setting CVar [[r.ViewDistanceScale:1.0]]
[2020.07.05-04.20.33:167][  0]LogConfig: Applying CVar settings from Section [AntiAliasingQuality@3] File [D:/User/OneDrive/Documents/Unreal Projects/MultiplayerShootout/Saved/Config/Windows/Scalability.ini]
[2020.07.05-04.20.33:167][  0]LogConfig: Setting CVar [[r.PostProcessAAQuality:4]]
[2020.07.05-04.20.33:167][  0]LogConfig: Applying CVar settings from Section [ShadowQuality@3] File [D:/User/OneDrive/Documents/Unreal Projects/MultiplayerShootout/Saved/Config/Windows/Scalability.ini]
[2020.07.05-04.20.33:167][  0]LogConfig: Setting CVar [[r.LightFunctionQuality:1]]
[2020.07.05-04.20.33:167][  0]LogConfig: Setting CVar [[r.ShadowQuality:5]]
[2020.07.05-04.20.33:167][  0]LogConfig: Setting CVar [[r.Shadow.CSM.MaxCascades:10]]
[2020.07.05-04.20.33:167][  0]LogConfig: Setting CVar [[r.Shadow.MaxResolution:2048]]
[2020.07.05-04.20.33:167][  0]LogConfig: Setting CVar [[r.Shadow.MaxCSMResolution:2048]]
[2020.07.05-04.20.33:167][  0]LogConfig: Setting CVar [[r.Shadow.RadiusThreshold:0.01]]
[2020.07.05-04.20.33:167][  0]LogConfig: Setting CVar [[r.Shadow.DistanceScale:1.0]]
[2020.07.05-04.20.33:167][  0]LogConfig: Setting CVar [[r.Shadow.CSM.TransitionScale:1.0]]
[2020.07.05-04.20.33:167][  0]LogConfig: Setting CVar [[r.Shadow.PreShadowResolutionFactor:1.0]]
[2020.07.05-04.20.33:167][  0]LogConfig: Setting CVar [[r.DistanceFieldShadowing:1]]
[2020.07.05-04.20.33:167][  0]LogConfig: Setting CVar [[r.DistanceFieldAO:1]]
[2020.07.05-04.20.33:167][  0]LogConfig: Setting CVar [[r.AOQuality:2]]
[2020.07.05-04.20.33:167][  0]LogConfig: Setting CVar [[r.VolumetricFog:1]]
[2020.07.05-04.20.33:167][  0]LogConfig: Setting CVar [[r.VolumetricFog.GridPixelSize:8]]
[2020.07.05-04.20.33:167][  0]LogConfig: Setting CVar [[r.VolumetricFog.GridSizeZ:128]]
[2020.07.05-04.20.33:167][  0]LogConfig: Setting CVar [[r.VolumetricFog.HistoryMissSupersampleCount:4]]
[2020.07.05-04.20.33:167][  0]LogConfig: Setting CVar [[r.LightMaxDrawDistanceScale:1]]
[2020.07.05-04.20.33:167][  0]LogConfig: Setting CVar [[r.CapsuleShadows:1]]
[2020.07.05-04.20.33:167][  0]LogConfig: Applying CVar settings from Section [PostProcessQuality@3] File [D:/User/OneDrive/Documents/Unreal Projects/MultiplayerShootout/Saved/Config/Windows/Scalability.ini]
[2020.07.05-04.20.33:167][  0]LogConfig: Setting CVar [[r.MotionBlurQuality:4]]
[2020.07.05-04.20.33:167][  0]LogConfig: Setting CVar [[r.AmbientOcclusionMipLevelFactor:0.4]]
[2020.07.05-04.20.33:167][  0]LogConfig: Setting CVar [[r.AmbientOcclusionMaxQuality:100]]
[2020.07.05-04.20.33:167][  0]LogConfig: Setting CVar [[r.AmbientOcclusionLevels:-1]]
[2020.07.05-04.20.33:167][  0]LogConfig: Setting CVar [[r.AmbientOcclusionRadiusScale:1.0]]
[2020.07.05-04.20.33:167][  0]LogConfig: Setting CVar [[r.DepthOfFieldQuality:2]]
[2020.07.05-04.20.33:167][  0]LogConfig: Setting CVar [[r.RenderTargetPoolMin:400]]
[2020.07.05-04.20.33:167][  0]LogConfig: Setting CVar [[r.LensFlareQuality:2]]
[2020.07.05-04.20.33:167][  0]LogConfig: Setting CVar [[r.SceneColorFringeQuality:1]]
[2020.07.05-04.20.33:167][  0]LogConfig: Setting CVar [[r.EyeAdaptationQuality:2]]
[2020.07.05-04.20.33:167][  0]LogConfig: Setting CVar [[r.BloomQuality:5]]
[2020.07.05-04.20.33:167][  0]LogConfig: Setting CVar [[r.FastBlurThreshold:100]]
[2020.07.05-04.20.33:167][  0]LogConfig: Setting CVar [[r.Upscale.Quality:3]]
[2020.07.05-04.20.33:167][  0]LogConfig: Setting CVar [[r.Tonemapper.GrainQuantization:1]]
[2020.07.05-04.20.33:168][  0]LogConfig: Setting CVar [[r.LightShaftQuality:1]]
[2020.07.05-04.20.33:168][  0]LogConfig: Setting CVar [[r.Filter.SizeScale:1]]
[2020.07.05-04.20.33:168][  0]LogConfig: Setting CVar [[r.Tonemapper.Quality:5]]
[2020.07.05-04.20.33:168][  0]LogConfig: Setting CVar [[r.DOF.Gather.AccumulatorQuality:1        ; higher gathering accumulator quality]]
[2020.07.05-04.20.33:168][  0]LogConfig: Setting CVar [[r.DOF.Gather.PostfilterMethod:1          ; Median3x3 postfilering method]]
[2020.07.05-04.20.33:168][  0]LogConfig: Setting CVar [[r.DOF.Gather.EnableBokehSettings:0       ; no bokeh simulation when gathering]]
[2020.07.05-04.20.33:168][  0]LogConfig: Setting CVar [[r.DOF.Gather.RingCount:4                 ; medium number of samples when gathering]]
[2020.07.05-04.20.33:168][  0]LogConfig: Setting CVar [[r.DOF.Scatter.ForegroundCompositing:1    ; additive foreground scattering]]
[2020.07.05-04.20.33:168][  0]LogConfig: Setting CVar [[r.DOF.Scatter.BackgroundCompositing:2    ; additive background scattering]]
[2020.07.05-04.20.33:168][  0]LogConfig: Setting CVar [[r.DOF.Scatter.EnableBokehSettings:1      ; bokeh simulation when scattering]]
[2020.07.05-04.20.33:168][  0]LogConfig: Setting CVar [[r.DOF.Scatter.MaxSpriteRatio:0.1         ; only a maximum of 10% of scattered bokeh]]
[2020.07.05-04.20.33:168][  0]LogConfig: Setting CVar [[r.DOF.Recombine.Quality:1                ; cheap slight out of focus]]
[2020.07.05-04.20.33:168][  0]LogConfig: Setting CVar [[r.DOF.Recombine.EnableBokehSettings:0    ; no bokeh simulation on slight out of focus]]
[2020.07.05-04.20.33:168][  0]LogConfig: Setting CVar [[r.DOF.TemporalAAQuality:1                ; more stable temporal accumulation]]
[2020.07.05-04.20.33:168][  0]LogConfig: Setting CVar [[r.DOF.Kernel.MaxForegroundRadius:0.025]]
[2020.07.05-04.20.33:168][  0]LogConfig: Setting CVar [[r.DOF.Kernel.MaxBackgroundRadius:0.025]]
[2020.07.05-04.20.33:168][  0]LogConfig: Applying CVar settings from Section [TextureQuality@3] File [D:/User/OneDrive/Documents/Unreal Projects/MultiplayerShootout/Saved/Config/Windows/Scalability.ini]
[2020.07.05-04.20.33:168][  0]LogConfig: Setting CVar [[r.Streaming.MipBias:0]]
[2020.07.05-04.20.33:168][  0]LogConfig: Setting CVar [[r.Streaming.AmortizeCPUToGPUCopy:0]]
[2020.07.05-04.20.33:168][  0]LogConfig: Setting CVar [[r.Streaming.MaxNumTexturesToStreamPerFrame:0]]
[2020.07.05-04.20.33:168][  0]LogConfig: Setting CVar [[r.Streaming.Boost:1]]
[2020.07.05-04.20.33:168][  0]LogConfig: Setting CVar [[r.MaxAnisotropy:8]]
[2020.07.05-04.20.33:168][  0]LogConfig: Setting CVar [[r.VT.MaxAnisotropy:8]]
[2020.07.05-04.20.33:168][  0]LogConfig: Setting CVar [[r.Streaming.LimitPoolSizeToVRAM:0]]
[2020.07.05-04.20.33:168][  0]LogConfig: Setting CVar [[r.Streaming.PoolSize:1000]]
[2020.07.05-04.20.33:168][  0]LogConfig: Setting CVar [[r.Streaming.MaxEffectiveScreenSize:0]]
[2020.07.05-04.20.33:168][  0]LogConfig: Applying CVar settings from Section [EffectsQuality@3] File [D:/User/OneDrive/Documents/Unreal Projects/MultiplayerShootout/Saved/Config/Windows/Scalability.ini]
[2020.07.05-04.20.33:168][  0]LogConfig: Setting CVar [[r.TranslucencyLightingVolumeDim:64]]
[2020.07.05-04.20.33:168][  0]LogConfig: Setting CVar [[r.RefractionQuality:2]]
[2020.07.05-04.20.33:168][  0]LogConfig: Setting CVar [[r.SSR.Quality:3]]
[2020.07.05-04.20.33:168][  0]LogConfig: Setting CVar [[r.SSR.HalfResSceneColor:0]]
[2020.07.05-04.20.33:168][  0]LogConfig: Setting CVar [[r.SceneColorFormat:4]]
[2020.07.05-04.20.33:168][  0]LogConfig: Setting CVar [[r.DetailMode:2]]
[2020.07.05-04.20.33:168][  0]LogConfig: Setting CVar [[r.TranslucencyVolumeBlur:1]]
[2020.07.05-04.20.33:168][  0]LogConfig: Setting CVar [[r.MaterialQualityLevel:1 ; High quality]]
[2020.07.05-04.20.33:168][  0]LogConfig: Setting CVar [[r.SSS.Scale:1]]
[2020.07.05-04.20.33:168][  0]LogConfig: Setting CVar [[r.SSS.SampleSet:2]]
[2020.07.05-04.20.33:168][  0]LogConfig: Setting CVar [[r.SSS.Quality:1]]
[2020.07.05-04.20.33:168][  0]LogConfig: Setting CVar [[r.SSS.HalfRes:1]]
[2020.07.05-04.20.33:168][  0]LogConfig: Setting CVar [[r.SSGI.Quality:3]]
[2020.07.05-04.20.33:168][  0]LogConfig: Setting CVar [[r.EmitterSpawnRateScale:1.0]]
[2020.07.05-04.20.33:168][  0]LogConfig: Setting CVar [[r.ParticleLightQuality:2]]
[2020.07.05-04.20.33:168][  0]LogConfig: Setting CVar [[r.SkyAtmosphere.AerialPerspectiveLUT.FastApplyOnOpaque:1 ; Always have FastSkyLUT 1 in this case to avoid wrong sky]]
[2020.07.05-04.20.33:168][  0]LogConfig: Setting CVar [[r.SkyAtmosphere.AerialPerspectiveLUT.SampleCountPerSlice:1]]
[2020.07.05-04.20.33:168][  0]LogConfig: Setting CVar [[r.SkyAtmosphere.AerialPerspectiveLUT.DepthResolution:16.0]]
[2020.07.05-04.20.33:168][  0]LogConfig: Setting CVar [[r.SkyAtmosphere.FastSkyLUT:1]]
[2020.07.05-04.20.33:168][  0]LogConfig: Setting CVar [[r.SkyAtmosphere.FastSkyLUT.SampleCountMin:4.0]]
[2020.07.05-04.20.33:168][  0]LogConfig: Setting CVar [[r.SkyAtmosphere.FastSkyLUT.SampleCountMax:32.0]]
[2020.07.05-04.20.33:168][  0]LogConfig: Setting CVar [[r.SkyAtmosphere.SampleCountMin:4.0]]
[2020.07.05-04.20.33:168][  0]LogConfig: Setting CVar [[r.SkyAtmosphere.SampleCountMax:32.0]]
[2020.07.05-04.20.33:168][  0]LogConfig: Setting CVar [[r.SkyAtmosphere.TransmittanceLUT.UseSmallFormat:0]]
[2020.07.05-04.20.33:168][  0]LogConfig: Setting CVar [[r.SkyAtmosphere.TransmittanceLUT.SampleCount:10.0]]
[2020.07.05-04.20.33:168][  0]LogConfig: Setting CVar [[r.SkyAtmosphere.MultiScatteringLUT.SampleCount:15.0]]
[2020.07.05-04.20.33:168][  0]LogConfig: Applying CVar settings from Section [FoliageQuality@3] File [D:/User/OneDrive/Documents/Unreal Projects/MultiplayerShootout/Saved/Config/Windows/Scalability.ini]
[2020.07.05-04.20.33:168][  0]LogConfig: Setting CVar [[foliage.DensityScale:1.0]]
[2020.07.05-04.20.33:168][  0]LogConfig: Setting CVar [[grass.DensityScale:1.0]]
[2020.07.05-04.20.33:168][  0]LogConfig: Applying CVar settings from Section [ShadingQuality@3] File [D:/User/OneDrive/Documents/Unreal Projects/MultiplayerShootout/Saved/Config/Windows/Scalability.ini]
[2020.07.05-04.20.33:168][  0]LogConfig: Setting CVar [[r.HairStrands.SkyLighting.SampleCount:16]]
[2020.07.05-04.20.33:168][  0]LogConfig: Setting CVar [[r.HairStrands.SkyLighting.JitterIntegration:0]]
[2020.07.05-04.20.33:168][  0]LogConfig: Setting CVar [[r.HairStrands.SkyAO.SampleCount:16]]
[2020.07.05-04.20.33:168][  0]LogInit: Selected Device Profile: [Windows]
[2020.07.05-04.20.33:168][  0]LogInit: Applying CVar settings loaded from the selected device profile: [Windows]
[2020.07.05-04.20.33:170][  0]LogHAL: Display: Platform has ~ 32 GB [34274865152 / 34359738368 / 32], which maps to Largest [LargestMinGB=32, LargerMinGB=12, DefaultMinGB=8, SmallerMinGB=6, SmallestMinGB=0)
[2020.07.05-04.20.33:170][  0]LogInit: Going up to parent DeviceProfile []
[2020.07.05-04.20.33:170][  0]LogConfig: Applying CVar settings from Section [ViewDistanceQuality@3] File [D:/User/OneDrive/Documents/Unreal Projects/MultiplayerShootout/Saved/Config/Windows/Scalability.ini]
[2020.07.05-04.20.33:170][  0]LogConfig: Setting CVar [[r.SkeletalMeshLODBias:0]]
[2020.07.05-04.20.33:170][  0]LogConfig: Setting CVar [[r.ViewDistanceScale:1.0]]
[2020.07.05-04.20.33:170][  0]LogConfig: Applying CVar settings from Section [AntiAliasingQuality@3] File [D:/User/OneDrive/Documents/Unreal Projects/MultiplayerShootout/Saved/Config/Windows/Scalability.ini]
[2020.07.05-04.20.33:170][  0]LogConfig: Setting CVar [[r.PostProcessAAQuality:4]]
[2020.07.05-04.20.33:170][  0]LogConfig: Applying CVar settings from Section [ShadowQuality@3] File [D:/User/OneDrive/Documents/Unreal Projects/MultiplayerShootout/Saved/Config/Windows/Scalability.ini]
[2020.07.05-04.20.33:170][  0]LogConfig: Setting CVar [[r.LightFunctionQuality:1]]
[2020.07.05-04.20.33:170][  0]LogConfig: Setting CVar [[r.ShadowQuality:5]]
[2020.07.05-04.20.33:170][  0]LogConfig: Setting CVar [[r.Shadow.CSM.MaxCascades:10]]
[2020.07.05-04.20.33:170][  0]LogConfig: Setting CVar [[r.Shadow.MaxResolution:2048]]
[2020.07.05-04.20.33:170][  0]LogConfig: Setting CVar [[r.Shadow.MaxCSMResolution:2048]]
[2020.07.05-04.20.33:170][  0]LogConfig: Setting CVar [[r.Shadow.RadiusThreshold:0.01]]
[2020.07.05-04.20.33:170][  0]LogConfig: Setting CVar [[r.Shadow.DistanceScale:1.0]]
[2020.07.05-04.20.33:170][  0]LogConfig: Setting CVar [[r.Shadow.CSM.TransitionScale:1.0]]
[2020.07.05-04.20.33:170][  0]LogConfig: Setting CVar [[r.Shadow.PreShadowResolutionFactor:1.0]]
[2020.07.05-04.20.33:170][  0]LogConfig: Setting CVar [[r.DistanceFieldShadowing:1]]
[2020.07.05-04.20.33:170][  0]LogConfig: Setting CVar [[r.DistanceFieldAO:1]]
[2020.07.05-04.20.33:170][  0]LogConfig: Setting CVar [[r.AOQuality:2]]
[2020.07.05-04.20.33:170][  0]LogConfig: Setting CVar [[r.VolumetricFog:1]]
[2020.07.05-04.20.33:170][  0]LogConfig: Setting CVar [[r.VolumetricFog.GridPixelSize:8]]
[2020.07.05-04.20.33:170][  0]LogConfig: Setting CVar [[r.VolumetricFog.GridSizeZ:128]]
[2020.07.05-04.20.33:170][  0]LogConfig: Setting CVar [[r.VolumetricFog.HistoryMissSupersampleCount:4]]
[2020.07.05-04.20.33:170][  0]LogConfig: Setting CVar [[r.LightMaxDrawDistanceScale:1]]
[2020.07.05-04.20.33:171][  0]LogConfig: Setting CVar [[r.CapsuleShadows:1]]
[2020.07.05-04.20.33:171][  0]LogConfig: Applying CVar settings from Section [PostProcessQuality@3] File [D:/User/OneDrive/Documents/Unreal Projects/MultiplayerShootout/Saved/Config/Windows/Scalability.ini]
[2020.07.05-04.20.33:171][  0]LogConfig: Setting CVar [[r.MotionBlurQuality:4]]
[2020.07.05-04.20.33:171][  0]LogConfig: Setting CVar [[r.AmbientOcclusionMipLevelFactor:0.4]]
[2020.07.05-04.20.33:171][  0]LogConfig: Setting CVar [[r.AmbientOcclusionMaxQuality:100]]
[2020.07.05-04.20.33:171][  0]LogConfig: Setting CVar [[r.AmbientOcclusionLevels:-1]]
[2020.07.05-04.20.33:171][  0]LogConfig: Setting CVar [[r.AmbientOcclusionRadiusScale:1.0]]
[2020.07.05-04.20.33:171][  0]LogConfig: Setting CVar [[r.DepthOfFieldQuality:2]]
[2020.07.05-04.20.33:171][  0]LogConfig: Setting CVar [[r.RenderTargetPoolMin:400]]
[2020.07.05-04.20.33:171][  0]LogConfig: Setting CVar [[r.LensFlareQuality:2]]
[2020.07.05-04.20.33:171][  0]LogConfig: Setting CVar [[r.SceneColorFringeQuality:1]]
[2020.07.05-04.20.33:171][  0]LogConfig: Setting CVar [[r.EyeAdaptationQuality:2]]
[2020.07.05-04.20.33:171][  0]LogConfig: Setting CVar [[r.BloomQuality:5]]
[2020.07.05-04.20.33:171][  0]LogConfig: Setting CVar [[r.FastBlurThreshold:100]]
[2020.07.05-04.20.33:171][  0]LogConfig: Setting CVar [[r.Upscale.Quality:3]]
[2020.07.05-04.20.33:171][  0]LogConfig: Setting CVar [[r.Tonemapper.GrainQuantization:1]]
[2020.07.05-04.20.33:171][  0]LogConfig: Setting CVar [[r.LightShaftQuality:1]]
[2020.07.05-04.20.33:171][  0]LogConfig: Setting CVar [[r.Filter.SizeScale:1]]
[2020.07.05-04.20.33:171][  0]LogConfig: Setting CVar [[r.Tonemapper.Quality:5]]
[2020.07.05-04.20.33:171][  0]LogConfig: Setting CVar [[r.DOF.Gather.AccumulatorQuality:1        ; higher gathering accumulator quality]]
[2020.07.05-04.20.33:171][  0]LogConfig: Setting CVar [[r.DOF.Gather.PostfilterMethod:1          ; Median3x3 postfilering method]]
[2020.07.05-04.20.33:171][  0]LogConfig: Setting CVar [[r.DOF.Gather.EnableBokehSettings:0       ; no bokeh simulation when gathering]]
[2020.07.05-04.20.33:171][  0]LogConfig: Setting CVar [[r.DOF.Gather.RingCount:4                 ; medium number of samples when gathering]]
[2020.07.05-04.20.33:171][  0]LogConfig: Setting CVar [[r.DOF.Scatter.ForegroundCompositing:1    ; additive foreground scattering]]
[2020.07.05-04.20.33:171][  0]LogConfig: Setting CVar [[r.DOF.Scatter.BackgroundCompositing:2    ; additive background scattering]]
[2020.07.05-04.20.33:171][  0]LogConfig: Setting CVar [[r.DOF.Scatter.EnableBokehSettings:1      ; bokeh simulation when scattering]]
[2020.07.05-04.20.33:171][  0]LogConfig: Setting CVar [[r.DOF.Scatter.MaxSpriteRatio:0.1         ; only a maximum of 10% of scattered bokeh]]
[2020.07.05-04.20.33:171][  0]LogConfig: Setting CVar [[r.DOF.Recombine.Quality:1                ; cheap slight out of focus]]
[2020.07.05-04.20.33:171][  0]LogConfig: Setting CVar [[r.DOF.Recombine.EnableBokehSettings:0    ; no bokeh simulation on slight out of focus]]
[2020.07.05-04.20.33:171][  0]LogConfig: Setting CVar [[r.DOF.TemporalAAQuality:1                ; more stable temporal accumulation]]
[2020.07.05-04.20.33:171][  0]LogConfig: Setting CVar [[r.DOF.Kernel.MaxForegroundRadius:0.025]]
[2020.07.05-04.20.33:171][  0]LogConfig: Setting CVar [[r.DOF.Kernel.MaxBackgroundRadius:0.025]]
[2020.07.05-04.20.33:171][  0]LogConfig: Applying CVar settings from Section [TextureQuality@3] File [D:/User/OneDrive/Documents/Unreal Projects/MultiplayerShootout/Saved/Config/Windows/Scalability.ini]
[2020.07.05-04.20.33:171][  0]LogConfig: Setting CVar [[r.Streaming.MipBias:0]]
[2020.07.05-04.20.33:171][  0]LogConfig: Setting CVar [[r.Streaming.AmortizeCPUToGPUCopy:0]]
[2020.07.05-04.20.33:171][  0]LogConfig: Setting CVar [[r.Streaming.MaxNumTexturesToStreamPerFrame:0]]
[2020.07.05-04.20.33:171][  0]LogConfig: Setting CVar [[r.Streaming.Boost:1]]
[2020.07.05-04.20.33:171][  0]LogConfig: Setting CVar [[r.MaxAnisotropy:8]]
[2020.07.05-04.20.33:171][  0]LogConfig: Setting CVar [[r.VT.MaxAnisotropy:8]]
[2020.07.05-04.20.33:171][  0]LogConfig: Setting CVar [[r.Streaming.LimitPoolSizeToVRAM:0]]
[2020.07.05-04.20.33:171][  0]LogConfig: Setting CVar [[r.Streaming.PoolSize:1000]]
[2020.07.05-04.20.33:171][  0]LogConfig: Setting CVar [[r.Streaming.MaxEffectiveScreenSize:0]]
[2020.07.05-04.20.33:171][  0]LogConfig: Applying CVar settings from Section [EffectsQuality@3] File [D:/User/OneDrive/Documents/Unreal Projects/MultiplayerShootout/Saved/Config/Windows/Scalability.ini]
[2020.07.05-04.20.33:171][  0]LogConfig: Setting CVar [[r.TranslucencyLightingVolumeDim:64]]
[2020.07.05-04.20.33:171][  0]LogConfig: Setting CVar [[r.RefractionQuality:2]]
[2020.07.05-04.20.33:171][  0]LogConfig: Setting CVar [[r.SSR.Quality:3]]
[2020.07.05-04.20.33:171][  0]LogConfig: Setting CVar [[r.SSR.HalfResSceneColor:0]]
[2020.07.05-04.20.33:171][  0]LogConfig: Setting CVar [[r.SceneColorFormat:4]]
[2020.07.05-04.20.33:171][  0]LogConfig: Setting CVar [[r.DetailMode:2]]
[2020.07.05-04.20.33:171][  0]LogConfig: Setting CVar [[r.TranslucencyVolumeBlur:1]]
[2020.07.05-04.20.33:171][  0]LogConfig: Setting CVar [[r.MaterialQualityLevel:1 ; High quality]]
[2020.07.05-04.20.33:171][  0]LogConfig: Setting CVar [[r.SSS.Scale:1]]
[2020.07.05-04.20.33:171][  0]LogConfig: Setting CVar [[r.SSS.SampleSet:2]]
[2020.07.05-04.20.33:171][  0]LogConfig: Setting CVar [[r.SSS.Quality:1]]
[2020.07.05-04.20.33:171][  0]LogConfig: Setting CVar [[r.SSS.HalfRes:1]]
[2020.07.05-04.20.33:171][  0]LogConfig: Setting CVar [[r.SSGI.Quality:3]]
[2020.07.05-04.20.33:171][  0]LogConfig: Setting CVar [[r.EmitterSpawnRateScale:1.0]]
[2020.07.05-04.20.33:171][  0]LogConfig: Setting CVar [[r.ParticleLightQuality:2]]
[2020.07.05-04.20.33:171][  0]LogConfig: Setting CVar [[r.SkyAtmosphere.AerialPerspectiveLUT.FastApplyOnOpaque:1 ; Always have FastSkyLUT 1 in this case to avoid wrong sky]]
[2020.07.05-04.20.33:171][  0]LogConfig: Setting CVar [[r.SkyAtmosphere.AerialPerspectiveLUT.SampleCountPerSlice:1]]
[2020.07.05-04.20.33:171][  0]LogConfig: Setting CVar [[r.SkyAtmosphere.AerialPerspectiveLUT.DepthResolution:16.0]]
[2020.07.05-04.20.33:171][  0]LogConfig: Setting CVar [[r.SkyAtmosphere.FastSkyLUT:1]]
[2020.07.05-04.20.33:171][  0]LogConfig: Setting CVar [[r.SkyAtmosphere.FastSkyLUT.SampleCountMin:4.0]]
[2020.07.05-04.20.33:171][  0]LogConfig: Setting CVar [[r.SkyAtmosphere.FastSkyLUT.SampleCountMax:32.0]]
[2020.07.05-04.20.33:171][  0]LogConfig: Setting CVar [[r.SkyAtmosphere.SampleCountMin:4.0]]
[2020.07.05-04.20.33:171][  0]LogConfig: Setting CVar [[r.SkyAtmosphere.SampleCountMax:32.0]]
[2020.07.05-04.20.33:171][  0]LogConfig: Setting CVar [[r.SkyAtmosphere.TransmittanceLUT.UseSmallFormat:0]]
[2020.07.05-04.20.33:171][  0]LogConfig: Setting CVar [[r.SkyAtmosphere.TransmittanceLUT.SampleCount:10.0]]
[2020.07.05-04.20.33:171][  0]LogConfig: Setting CVar [[r.SkyAtmosphere.MultiScatteringLUT.SampleCount:15.0]]
[2020.07.05-04.20.33:171][  0]LogConfig: Applying CVar settings from Section [FoliageQuality@3] File [D:/User/OneDrive/Documents/Unreal Projects/MultiplayerShootout/Saved/Config/Windows/Scalability.ini]
[2020.07.05-04.20.33:171][  0]LogConfig: Setting CVar [[foliage.DensityScale:1.0]]
[2020.07.05-04.20.33:171][  0]LogConfig: Setting CVar [[grass.DensityScale:1.0]]
[2020.07.05-04.20.33:171][  0]LogConfig: Applying CVar settings from Section [ShadingQuality@3] File [D:/User/OneDrive/Documents/Unreal Projects/MultiplayerShootout/Saved/Config/Windows/Scalability.ini]
[2020.07.05-04.20.33:171][  0]LogConfig: Setting CVar [[r.HairStrands.SkyLighting.SampleCount:16]]
[2020.07.05-04.20.33:171][  0]LogConfig: Setting CVar [[r.HairStrands.SkyLighting.JitterIntegration:0]]
[2020.07.05-04.20.33:171][  0]LogConfig: Setting CVar [[r.HairStrands.SkyAO.SampleCount:16]]
[2020.07.05-04.20.33:171][  0]LogConfig: Applying CVar settings from Section [Startup] File [../../../Engine/Config/ConsoleVariables.ini]
[2020.07.05-04.20.33:171][  0]LogConfig: Setting CVar [[net.UseAdaptiveNetUpdateFrequency:0]]
[2020.07.05-04.20.33:171][  0]LogConfig: Setting CVar [[p.chaos.AllowCreatePhysxBodies:1]]
[2020.07.05-04.20.33:171][  0]LogConfig: Applying CVar settings from Section [ConsoleVariables] File [D:/User/OneDrive/Documents/Unreal Projects/MultiplayerShootout/Saved/Config/Windows/Engine.ini]
[2020.07.05-04.20.33:172][  0]LogInit: Computer: THE_DESKTOP
[2020.07.05-04.20.33:172][  0]LogInit: User: Spart
[2020.07.05-04.20.33:172][  0]LogInit: CPU Page size=4096, Cores=12
[2020.07.05-04.20.33:172][  0]LogInit: High frequency timer resolution =10.000000 MHz
[2020.07.05-04.20.33:172][  0]LogMemory: Memory total: Physical=31.9GB (32GB approx)
[2020.07.05-04.20.33:172][  0]LogMemory: Platform Memory Stats for Windows
[2020.07.05-04.20.33:172][  0]LogMemory: Process Physical Memory: 147.21 MB used, 147.22 MB peak
[2020.07.05-04.20.33:172][  0]LogMemory: Process Virtual Memory: 123.95 MB used, 123.95 MB peak
[2020.07.05-04.20.33:172][  0]LogMemory: Physical Memory: 11064.16 MB used,  21622.90 MB free, 32687.06 MB total
[2020.07.05-04.20.33:172][  0]LogMemory: Virtual Memory: 5459.80 MB used,  134212272.00 MB free, 134217728.00 MB total
[2020.07.05-04.20.33:173][  0]LogWindows: WindowsPlatformFeatures enabled
[2020.07.05-04.20.33:193][  0]LogInit: Using OS detected language (en-US).
[2020.07.05-04.20.33:193][  0]LogInit: Using OS detected locale (en-US).
[2020.07.05-04.20.33:194][  0]LogTextLocalizationManager: No specific localization for 'en-US' exists, so the 'en' localization will be used.
[2020.07.05-04.20.33:332][  0]LogSlate: New Slate User Created.  User Index 0, Is Virtual User: 0
[2020.07.05-04.20.33:332][  0]LogSlate: Slate User Registered.  User Index 0, Is Virtual User: 0
[2020.07.05-04.20.33:348][  0]LogHMD: Failed to initialize OpenVR with code 110
[2020.07.05-04.20.33:348][  0]LogD3D11RHI: D3D11 min allowed feature level: 11_0
[2020.07.05-04.20.33:348][  0]LogD3D11RHI: D3D11 max allowed feature level: 11_0
[2020.07.05-04.20.33:348][  0]LogD3D11RHI: D3D11 adapters:
[2020.07.05-04.20.33:407][  0]LogD3D11RHI:    0. 'NVIDIA GeForce GTX 1080' (Feature Level 11_0)
[2020.07.05-04.20.33:407][  0]LogD3D11RHI:       8079/0/16343 MB DedicatedVideo/DedicatedSystem/SharedSystem, Outputs:3, VendorId:0x10de
[2020.07.05-04.20.33:410][  0]LogD3D11RHI:    1. 'Microsoft Basic Render Driver' (Feature Level 11_0)
[2020.07.05-04.20.33:410][  0]LogD3D11RHI:       0/0/16343 MB DedicatedVideo/DedicatedSystem/SharedSystem, Outputs:0, VendorId:0x1414
[2020.07.05-04.20.33:410][  0]LogD3D11RHI: Chosen D3D11 Adapter: 0
[2020.07.05-04.20.33:419][  0]LogD3D11RHI: Creating new Direct3DDevice
[2020.07.05-04.20.33:419][  0]LogD3D11RHI:     GPU DeviceId: 0x1b80 (for the marketing name, search the web for "GPU Device Id")
[2020.07.05-04.20.33:419][  0]LogWindows: EnumDisplayDevices:
[2020.07.05-04.20.33:419][  0]LogWindows:    0. 'NVIDIA GeForce GTX 1080' (P:1 D:1)
[2020.07.05-04.20.33:419][  0]LogWindows:    1. 'NVIDIA GeForce GTX 1080' (P:0 D:1)
[2020.07.05-04.20.33:419][  0]LogWindows:    2. 'NVIDIA GeForce GTX 1080' (P:0 D:1)
[2020.07.05-04.20.33:419][  0]LogWindows:    3. 'NVIDIA GeForce GTX 1080' (P:0 D:0)
[2020.07.05-04.20.33:419][  0]LogWindows: DebugString: FoundDriverCount:4 
[2020.07.05-04.20.33:420][  0]LogD3D11RHI:     Adapter Name: NVIDIA GeForce GTX 1080
[2020.07.05-04.20.33:420][  0]LogD3D11RHI:   Driver Version: 445.75 (internal:26.21.14.4575, unified:445.75)
[2020.07.05-04.20.33:420][  0]LogD3D11RHI:      Driver Date: 3-17-2020
[2020.07.05-04.20.33:420][  0]LogRHI: Texture pool is 5655 MB (70% of 8079 MB)
[2020.07.05-04.20.33:459][  0]LogD3D11RHI: RHI has support for 64 bit atomics
[2020.07.05-04.20.33:460][  0]LogD3D11RHI: Async texture creation enabled
[2020.07.05-04.20.33:483][  0]LogD3D11RHI: GPU Timing Frequency: 1000.000000 (Debug: 2 1)
[2020.07.05-04.20.33:706][  0]LogTargetPlatformManager: Display: Loaded TargetPlatform 'WindowsNoEditor'
[2020.07.05-04.20.33:709][  0]LogTargetPlatformManager: Display: Loaded TargetPlatform 'Windows'
[2020.07.05-04.20.33:714][  0]LogTargetPlatformManager: Display: Loaded TargetPlatform 'WindowsClient'
[2020.07.05-04.20.33:719][  0]LogTargetPlatformManager: Display: Loaded TargetPlatform 'WindowsServer'
[2020.07.05-04.20.33:719][  0]LogTargetPlatformManager: Display: Building Assets For Windows
[2020.07.05-04.20.33:722][  0]LogAudioDebug: Display: Lib vorbis DLL was dynamically loaded.
[2020.07.05-04.20.33:740][  0]LogShaderCompilers: Guid format shader working directory is -17 characters bigger than the processId version (D:/User/OneDrive/Documents/Unreal Projects/MultiplayerShootout/Intermediate/Shaders/WorkingDirectory/11340/).
[2020.07.05-04.20.33:741][  0]LogShaderCompilers: Cleaned the shader compiler working directory 'C:/Users/Spart/AppData/Local/Temp/UnrealShaderWorkingDir/F5DFDAEF46C36DABD5E13DB1D30F6934/'.
[2020.07.05-04.20.33:741][  0]LogXGEController: Cannot use XGE Controller as Incredibuild is not installed on this machine.
[2020.07.05-04.20.33:741][  0]LogShaderCompilers: Cannot use XGE Shader Compiler as Incredibuild is not installed on this machine.
[2020.07.05-04.20.33:741][  0]LogShaderCompilers: Display: Using Local Shader Compiler.
[2020.07.05-04.20.34:289][  0]LogDerivedDataCache: Display: Max Cache Size: 512 MB
[2020.07.05-04.20.34:330][  0]LogDerivedDataCache: Loaded boot cache 0.04s 79MB C:/Users/Spart/AppData/Local/UnrealEngine/4.24/DerivedDataCache/Boot.ddc.
[2020.07.05-04.20.34:330][  0]LogDerivedDataCache: Display: Loaded Boot cache: C:/Users/Spart/AppData/Local/UnrealEngine/4.24/DerivedDataCache/Boot.ddc
[2020.07.05-04.20.34:330][  0]LogDerivedDataCache: FDerivedDataBackendGraph:  Pak pak cache file D:/User/OneDrive/Documents/Unreal Projects/MultiplayerShootout/DerivedDataCache/DDC.ddp not found, will not use a pak cache.
[2020.07.05-04.20.34:330][  0]LogDerivedDataCache: Unable to find inner node Pak for hierarchical cache Hierarchy.
[2020.07.05-04.20.34:330][  0]LogDerivedDataCache: FDerivedDataBackendGraph:  CompressedPak pak cache file D:/User/OneDrive/Documents/Unreal Projects/MultiplayerShootout/DerivedDataCache/Compressed.ddp not found, will not use a pak cache.
[2020.07.05-04.20.34:330][  0]LogDerivedDataCache: Unable to find inner node CompressedPak for hierarchical cache Hierarchy.
[2020.07.05-04.20.34:339][  0]LogDerivedDataCache: Display: Pak cache opened for reading ../../../Engine/DerivedDataCache/Compressed.ddp.
[2020.07.05-04.20.34:339][  0]LogDerivedDataCache: FDerivedDataBackendGraph:  EnterprisePak pak cache file ../../../Enterprise/DerivedDataCache/Compressed.ddp not found, will not use a pak cache.
[2020.07.05-04.20.34:339][  0]LogDerivedDataCache: Unable to find inner node EnterprisePak for hierarchical cache Hierarchy.
[2020.07.05-04.20.34:340][  0]LogDerivedDataCache: Using Local data cache path C:/Users/Spart/AppData/Local/UnrealEngine/Common/DerivedDataCache: Writable
[2020.07.05-04.20.34:340][  0]LogDerivedDataCache: Shared data cache path not found in *engine.ini, will not use an Shared cache.
[2020.07.05-04.20.34:340][  0]LogDerivedDataCache: Unable to find inner node Shared for hierarchical cache Hierarchy.
[2020.07.05-04.20.34:359][  0]LogMaterial: Verifying Global Shaders for PCD3D_SM5
[2020.07.05-04.20.34:361][  0]LogSlate: Using FreeType 2.10.0
[2020.07.05-04.20.34:362][  0]LogSlate: SlateFontServices - WITH_FREETYPE: 1, WITH_HARFBUZZ: 1
[2020.07.05-04.20.34:443][  0]LogInit: Using OS detected language (en-US).
[2020.07.05-04.20.34:443][  0]LogInit: Using OS detected locale (en-US).
[2020.07.05-04.20.34:443][  0]LogTextLocalizationManager: No localization for 'en-US' exists, so 'en' will be used for the language.
[2020.07.05-04.20.34:443][  0]LogTextLocalizationManager: No localization for 'en-US' exists, so 'en' will be used for the locale.
[2020.07.05-04.20.34:443][  0]LogSlate: FontCache flush requested. Reason: Culture for localization was changed
[2020.07.05-04.20.34:443][  0]LogSlate: FontCache flush requested. Reason: Culture for localization was changed
[2020.07.05-04.20.34:444][  0]LogTextLocalizationManager: Compacting localization data took   0.00ms
[2020.07.05-04.20.34:447][  0]LogAssetRegistry: FAssetRegistry took 0.0013 seconds to start up
[2020.07.05-04.20.34:617][  0]LogPackageLocalizationCache: Processed 10 localized package path(s) for 1 prioritized culture(s) in 0.000361 seconds
[2020.07.05-04.20.34:659][  0]LogInit: Selected Device Profile: [Windows]
[2020.07.05-04.20.34:747][  0]LogMeshReduction: Using QuadricMeshReduction for automatic static mesh reduction
[2020.07.05-04.20.34:747][  0]LogMeshReduction: Using SimplygonMeshReduction for automatic skeletal mesh reduction
[2020.07.05-04.20.34:747][  0]LogMeshReduction: Using ProxyLODMeshReduction for automatic mesh merging
[2020.07.05-04.20.34:747][  0]LogMeshReduction: No distributed automatic mesh merging module available
[2020.07.05-04.20.34:747][  0]LogMeshMerging: No distributed automatic mesh merging module available
[2020.07.05-04.20.34:763][  0]LogNetVersion: MultiplayerShootout 1.0.0, NetCL: 10570792, EngineNetVer: 13, GameNetVer: 0 (Checksum: 3488396816)
[2020.07.05-04.20.35:101][  0]LogMoviePlayer: Initializing movie player
[2020.07.05-04.20.35:194][  0]LogTcpMessaging: Initializing TcpMessaging bridge
[2020.07.05-04.20.35:195][  0]LogUdpMessaging: Initializing bridge on interface 0.0.0.0:0 to multicast group 230.0.0.1:6666.
[2020.07.05-04.20.35:213][  0]SourceControl: Source control is disabled
[2020.07.05-04.20.35:214][  0]SourceControl: Source control is disabled
[2020.07.05-04.20.35:214][  0]SourceControl: Source control is disabled
[2020.07.05-04.20.35:218][  0]LogVSAccessor: Display: Unable to create Visual Studio setup instance: 80040154
[2020.07.05-04.20.35:218][  0]LogVSAccessor: Display: Unable to create Visual Studio setup instance: 80040154
[2020.07.05-04.20.35:236][  0]LogAndroidPermission: UAndroidPermissionCallbackProxy::GetInstance
[2020.07.05-04.20.35:240][  0]LogAudioCaptureCore: Display: No Audio Capture implementations found. Audio input will be silent.
[2020.07.05-04.20.35:240][  0]LogAudioCaptureCore: Display: No Audio Capture implementations found. Audio input will be silent.
[2020.07.05-04.20.35:278][  0]LogOcInput: OculusInput pre-init called
[2020.07.05-04.20.35:286][  0]LogUObjectArray: 53316 objects as part of root set at end of initial load.
[2020.07.05-04.20.35:286][  0]LogUObjectAllocator: 9443176 out of 0 bytes used by permanent object pool.
[2020.07.05-04.20.35:286][  0]LogUObjectArray: CloseDisregardForGC: 0/0 objects in disregard for GC pool
[2020.07.05-04.20.35:355][  0]LogEngine: Initializing Engine...
[2020.07.05-04.20.35:356][  0]LogHMD: Failed to initialize OpenVR with code 110
[2020.07.05-04.20.35:357][  0]LogStats: UGameplayTagsManager::InitializeManager -  0.000 s
[2020.07.05-04.20.35:474][  0]LogInit: Initializing FReadOnlyCVARCache
[2020.07.05-04.20.35:475][  0]LogAudioMixer: Display: Audio Mixer Platform Settings:
[2020.07.05-04.20.35:475][  0]LogAudioMixer: Display: 	Sample Rate:						  48000
[2020.07.05-04.20.35:475][  0]LogAudioMixer: Display: 	Callback Buffer Frame Size Requested: 1024
[2020.07.05-04.20.35:475][  0]LogAudioMixer: Display: 	Callback Buffer Frame Size To Use:	  1024
[2020.07.05-04.20.35:475][  0]LogAudioMixer: Display: 	Number of buffers to queue:			  2
[2020.07.05-04.20.35:475][  0]LogAudioMixer: Display: 	Max Channels (voices):				  32
[2020.07.05-04.20.35:475][  0]LogAudioMixer: Display: 	Number of Async Source Workers:		  0
[2020.07.05-04.20.35:475][  0]LogAudio: Display: AudioDevice MaxSources: 32
[2020.07.05-04.20.35:475][  0]LogAudio: Display: Using built-in audio occlusion.
[2020.07.05-04.20.35:475][  0]LogAudioMixer: Display: Initializing audio mixer.
[2020.07.05-04.20.35:495][  0]LogAudioMixer: Display: Audio Device Output Speaker Info:
[2020.07.05-04.20.35:495][  0]LogAudioMixer: Display: Name: Headset Earphone (ASTRO Wireless Transmitter )
[2020.07.05-04.20.35:495][  0]LogAudioMixer: Display: Is Default: Yes
[2020.07.05-04.20.35:495][  0]LogAudioMixer: Display: Sample Rate: 48000
[2020.07.05-04.20.35:495][  0]LogAudioMixer: Display: Channel Count Used: 2
[2020.07.05-04.20.35:495][  0]LogAudioMixer: Display: Device Channel Count: 2
[2020.07.05-04.20.35:495][  0]LogAudioMixer: Display: Channel Order:
[2020.07.05-04.20.35:495][  0]LogAudioMixer: Display: 0: FrontLeft
[2020.07.05-04.20.35:496][  0]LogAudioMixer: Display: 1: FrontRight
[2020.07.05-04.20.35:505][  0]LogAudioMixer: Display: Using Audio Device Headset Earphone (ASTRO Wireless Transmitter )
[2020.07.05-04.20.35:508][  0]LogInit: FAudioDevice initialized.
[2020.07.05-04.20.35:509][  0]LogNetVersion: Set ProjectVersion to 1.0.0.0. Version Checksum will be recalculated on next use.
[2020.07.05-04.20.35:510][  0]LogInit: Texture streaming: Enabled
[2020.07.05-04.20.35:684][  0]LogSlate: Updating window title bar state: overlay mode, drag disabled, window buttons hidden, title bar hidden
[2020.07.05-04.20.35:684][  0]LogInit: Display: Game Engine Initialized.
[2020.07.05-04.20.35:695][  0]LogInit: Display: Starting Game.
[2020.07.05-04.20.35:695][  0]LogNet: Browse: /Game/Maps/MainMenu?Name=Player
[2020.07.05-04.20.35:695][  0]LogLoad: LoadMap: /Game/Maps/MainMenu?Name=Player
[2020.07.05-04.20.35:695][  0]LogWorld: BeginTearingDown for /Temp/Untitled_0
[2020.07.05-04.20.35:696][  0]LogWorld: UWorld::CleanupWorld for Untitled, bSessionEnded=true, bCleanupResources=true
[2020.07.05-04.20.35:696][  0]LogSlate: InvalidateAllWidgets triggered.  All widgets were invalidated
[2020.07.05-04.20.35:723][  0]LogAudioMixer: Display: No commands were queued while flushing the source manager.
[2020.07.05-04.20.35:726][  0]LogUObjectHash: Compacting FUObjectHashTables data took   1.78ms
[2020.07.05-04.20.35:734][  0]LogAIModule: Creating AISystem for world MainMenu
[2020.07.05-04.20.35:735][  0]LogLoad: Game class is 'GameModeBase'
[2020.07.05-04.20.35:736][  0]LogWorld: Bringing World /Game/Maps/MainMenu.MainMenu up for play (max tick rate 0) at 2020.07.04-21.20.35
[2020.07.05-04.20.35:736][  0]LogWorld: Bringing up level for play took: 0.000235
[2020.07.05-04.20.35:736][  0]LogGameMode: FindPlayerStart: PATHS NOT DEFINED or NO PLAYERSTART with positive rating
[2020.07.05-04.20.35:738][  0]LogPlayerController: Error: InputMode:UIOnly - Attempting to focus Non-Focusable widget SObjectWidget [Widget.cpp(776)]!
[2020.07.05-04.20.35:738][  0]LogLoad: Took 0.043765 seconds to LoadMap(/Game/Maps/MainMenu)
[2020.07.05-04.20.35:799][  0]LogRenderer: Reallocating scene render targets to support 1280x720 Format 10 NumSamples 1 (Frame:1).
[2020.07.05-04.20.35:799][  0]LogLoad: (Engine Initialization) Total time: 3.78 seconds
[2020.07.05-04.20.35:799][  0]LogLoad: (Engine Initialization) Total Blueprint compile time: 0.00 seconds
[2020.07.05-04.20.35:801][  0]LogContentStreaming: Texture pool size now 1000 MB
[2020.07.05-04.20.35:804][  0]LogSlate: InvalidateAllWidgets triggered.  All widgets were invalidated
[2020.07.05-04.20.37:268][164]LogScript: Warning: Script Msg: FindSessions - Invalid player state
[2020.07.05-04.20.37:268][164]LogPlayerController: Error: InputMode:UIOnly - Attempting to focus Non-Focusable widget SObjectWidget [Widget.cpp(776)]!
[2020.07.05-04.20.38:723][376]LogScript: Warning: Script Msg: FindSessions - Invalid player state
[2020.07.05-04.20.39:435][965]LogScript: Warning: Script Msg: FindSessions - Invalid player state
[2020.07.05-04.20.57:213][425]LogScript: Warning: Script Msg: FindSessions - Invalid player state
[2020.07.05-04.20.57:520][675]LogScript: Warning: Script Msg: FindSessions - Invalid player state
[2020.07.05-04.20.57:668][796]LogScript: Warning: Script Msg: FindSessions - Invalid player state
[2020.07.05-04.20.57:811][915]LogScript: Warning: Script Msg: FindSessions - Invalid player state
[2020.07.05-04.20.57:960][ 40]LogScript: Warning: Script Msg: FindSessions - Invalid player state
[2020.07.05-04.20.58:098][156]LogScript: Warning: Script Msg: FindSessions - Invalid player state
[2020.07.05-04.22.04:985][661]LogSlate: Window 'MultiplayerShootout (64-bit Development PCD3D_SM5) ' being destroyed
[2020.07.05-04.22.04:986][661]LogWindowsTextInputMethodSystem: Display: IME system now deactivated.
[2020.07.05-04.22.04:988][661]LogSlate: Updating window title bar state: overlay mode, drag disabled, window buttons hidden, title bar hidden
[2020.07.05-04.22.04:988][661]LogEngine: All Windows Closed
[2020.07.05-04.22.04:988][661]LogWindows: FPlatformMisc::RequestExit(0)
[2020.07.05-04.22.04:988][661]LogCore: Engine exit requested (reason: Win RequestExit)
[2020.07.05-04.22.04:988][662]LogCore: Engine exit requested (reason: EngineExit() was called; note: exit was already requested)
[2020.07.05-04.22.04:989][662]LogAudioMixer: Display: No commands were queued while flushing the source manager.
[2020.07.05-04.22.04:993][662]LogInit: Display: PreExit Game.
[2020.07.05-04.22.04:993][662]LogWorld: BeginTearingDown for /Game/Maps/MainMenu
[2020.07.05-04.22.04:993][662]LogWorld: UWorld::CleanupWorld for MainMenu, bSessionEnded=true, bCleanupResources=true
[2020.07.05-04.22.04:993][662]LogSlate: InvalidateAllWidgets triggered.  All widgets were invalidated
[2020.07.05-04.22.05:402][662]LogExit: Preparing to exit.
[2020.07.05-04.22.06:241][662]LogMoviePlayer: Shutting down movie player
[2020.07.05-04.22.06:356][662]LogSlate: Updating window title bar state: overlay mode, drag disabled, window buttons hidden, title bar hidden
[2020.07.05-04.22.06:362][662]LogDemo: Cleaned up 0 splitscreen connections with owner deletion
[2020.07.05-04.22.06:366][662]LogExit: Game engine shut down
[2020.07.05-04.22.06:414][662]LogExit: Object subsystem successfully closed.
[2020.07.05-04.22.06:438][662]LogShaderCompilers: Display: Shaders left to compile 0
[2020.07.05-04.22.06:450][662]LogModuleManager: Shutting down and abandoning module SequenceRecorderSections (442)
[2020.07.05-04.22.06:450][662]LogModuleManager: Shutting down and abandoning module SequenceRecorder (440)
[2020.07.05-04.22.06:450][662]LogModuleManager: Shutting down and abandoning module AutomationController (438)
[2020.07.05-04.22.06:450][662]LogModuleManager: Shutting down and abandoning module AutomationWorker (436)
[2020.07.05-04.22.06:450][662]LogModuleManager: Shutting down and abandoning module Voice (434)
[2020.07.05-04.22.06:450][662]LogModuleManager: Shutting down and abandoning module AIModule (432)
[2020.07.05-04.22.06:450][662]LogModuleManager: Shutting down and abandoning module GameplayDebugger (431)
[2020.07.05-04.22.06:450][662]LogModuleManager: Shutting down and abandoning module AITestSuite (429)
[2020.07.05-04.22.06:450][662]LogModuleManager: Shutting down and abandoning module NavigationSystem (427)
[2020.07.05-04.22.06:450][662]LogModuleManager: Shutting down and abandoning module OculusMR (424)
[2020.07.05-04.22.06:450][662]LogModuleManager: Shutting down and abandoning module WmfMediaFactory (422)
[2020.07.05-04.22.06:450][662]LogModuleManager: Shutting down and abandoning module WebMMediaFactory (420)
[2020.07.05-04.22.06:450][662]LogModuleManager: Shutting down and abandoning module WebMMedia (418)
[2020.07.05-04.22.06:450][662]LogModuleManager: Shutting down and abandoning module OpenExrWrapper (416)
[2020.07.05-04.22.06:450][662]LogModuleManager: Shutting down and abandoning module ImgMediaFactory (414)
[2020.07.05-04.22.06:450][662]LogModuleManager: Shutting down and abandoning module AvfMediaFactory (412)
[2020.07.05-04.22.06:450][662]LogModuleManager: Shutting down and abandoning module MagicLeapMediaCodecFactory (410)
[2020.07.05-04.22.06:450][662]LogModuleManager: Shutting down and abandoning module MagicLeapMediaFactory (408)
[2020.07.05-04.22.06:450][662]LogModuleManager: Shutting down and abandoning module CharacterAI (406)
[2020.07.05-04.22.06:450][662]LogModuleManager: Shutting down and abandoning module SessionServices (404)
[2020.07.05-04.22.06:450][662]LogModuleManager: Shutting down and abandoning module MovieSceneCapture (402)
[2020.07.05-04.22.06:450][662]LogModuleManager: Shutting down and abandoning module LiveCoding (400)
[2020.07.05-04.22.06:450][662]LogModuleManager: Shutting down and abandoning module LevelSequence (398)
[2020.07.05-04.22.06:450][662]LogModuleManager: Shutting down and abandoning module MovieSceneTracks (396)
[2020.07.05-04.22.06:450][662]LogModuleManager: Shutting down and abandoning module MovieScene (394)
[2020.07.05-04.22.06:450][662]LogModuleManager: Shutting down and abandoning module StreamingPauseRendering (392)
[2020.07.05-04.22.06:450][662]LogModuleManager: Shutting down and abandoning module PortalServices (390)
[2020.07.05-04.22.06:450][662]LogModuleManager: Shutting down and abandoning module PortalRpc (388)
[2020.07.05-04.22.06:450][662]LogModuleManager: Shutting down and abandoning module MessagingRpc (386)
[2020.07.05-04.22.06:450][662]LogModuleManager: Shutting down and abandoning module AudioMixerXAudio2 (384)
[2020.07.05-04.22.06:450][662]LogModuleManager: Shutting down and abandoning module ImageWriteQueue (382)
[2020.07.05-04.22.06:452][662]LogModuleManager: Shutting down and abandoning module ProfilerService (380)
[2020.07.05-04.22.06:462][662]LogModuleManager: Shutting down and abandoning module TaskGraph (378)
[2020.07.05-04.22.06:462][662]LogModuleManager: Shutting down and abandoning module ProceduralMeshComponent (376)
[2020.07.05-04.22.06:462][662]LogModuleManager: Shutting down and abandoning module OculusInput (374)
[2020.07.05-04.22.06:462][662]LogModuleManager: Shutting down and abandoning module MobilePatchingUtils (372)
[2020.07.05-04.22.06:462][662]LogModuleManager: Shutting down and abandoning module EditableMesh (370)
[2020.07.05-04.22.06:462][662]LogModuleManager: Shutting down and abandoning module CustomMeshComponent (368)
[2020.07.05-04.22.06:462][662]LogModuleManager: Shutting down and abandoning module CableComponent (366)
[2020.07.05-04.22.06:462][662]LogModuleManager: Shutting down and abandoning module AudioCapture (364)
[2020.07.05-04.22.06:462][662]LogModuleManager: Shutting down and abandoning module AudioCaptureRtAudio (363)
[2020.07.05-04.22.06:462][662]LogModuleManager: Shutting down and abandoning module AssetTags (360)
[2020.07.05-04.22.06:462][662]LogModuleManager: Shutting down and abandoning module ArchVisCharacter (358)
[2020.07.05-04.22.06:462][662]LogModuleManager: Shutting down and abandoning module AppleImageUtilsBlueprintSupport (356)
[2020.07.05-04.22.06:462][662]LogModuleManager: Shutting down and abandoning module AppleImageUtils (354)
[2020.07.05-04.22.06:462][662]LogModuleManager: Shutting down and abandoning module AndroidPermission (352)
[2020.07.05-04.22.06:462][662]LogModuleManager: Shutting down and abandoning module NUTUnrealEngine4 (348)
[2020.07.05-04.22.06:462][662]LogModuleManager: Shutting down and abandoning module NetcodeUnitTest (346)
[2020.07.05-04.22.06:462][662]LogModuleManager: Shutting down and abandoning module MediaCompositing (344)
[2020.07.05-04.22.06:462][662]LogModuleManager: Shutting down and abandoning module ImgMedia (342)
[2020.07.05-04.22.06:462][662]LogModuleManager: Shutting down and abandoning module MagicLeapHelperVulkan (340)
[2020.07.05-04.22.06:462][662]LogModuleManager: Shutting down and abandoning module MagicLeapHelperOpenGL (338)
[2020.07.05-04.22.06:462][662]LogModuleManager: Shutting down and abandoning module MagicLeapAudio (336)
[2020.07.05-04.22.06:462][662]LogModuleManager: Shutting down and abandoning module GeometryCacheTracks (334)
[2020.07.05-04.22.06:462][662]LogModuleManager: Shutting down and abandoning module GeometryCacheSequencer (333)
[2020.07.05-04.22.06:462][662]LogModuleManager: Shutting down and abandoning module GeometryCache (330)
[2020.07.05-04.22.06:462][662]LogModuleManager: Shutting down and abandoning module GeometryCacheEd (329)
[2020.07.05-04.22.06:462][662]LogModuleManager: Shutting down and abandoning module BackChannel (326)
[2020.07.05-04.22.06:462][662]LogModuleManager: Shutting down and abandoning module AutomationUtils (324)
[2020.07.05-04.22.06:462][662]LogModuleManager: Shutting down and abandoning module VisualStudioSourceCodeAccess (322)
[2020.07.05-04.22.06:462][662]LogModuleManager: Shutting down and abandoning module HotReload (321)
[2020.07.05-04.22.06:462][662]LogModuleManager: Shutting down and abandoning module DirectoryWatcher (320)
[2020.07.05-04.22.06:462][662]LogModuleManager: Shutting down and abandoning module VisualStudioCodeSourceCodeAccess (316)
[2020.07.05-04.22.06:462][662]LogModuleManager: Shutting down and abandoning module UObjectPlugin (314)
[2020.07.05-04.22.06:462][662]LogModuleManager: Shutting down and abandoning module SubversionSourceControl (312)
[2020.07.05-04.22.06:462][662]LogModuleManager: Shutting down and abandoning module PerforceSourceControl (310)
[2020.07.05-04.22.06:463][662]LogModuleManager: Shutting down and abandoning module SourceControl (309)
[2020.07.05-04.22.06:463][662]LogModuleManager: Shutting down and abandoning module CLionSourceCodeAccess (306)
[2020.07.05-04.22.06:463][662]LogModuleManager: Shutting down and abandoning module ActorLayerUtilities (304)
[2020.07.05-04.22.06:463][662]LogModuleManager: Shutting down and abandoning module SignificanceManager (302)
[2020.07.05-04.22.06:463][662]LogModuleManager: Shutting down and abandoning module RuntimePhysXCooking (300)
[2020.07.05-04.22.06:463][662]LogModuleManager: Shutting down and abandoning module PhysXVehiclesEditor (298)
[2020.07.05-04.22.06:463][662]LogModuleManager: Shutting down and abandoning module LocationServicesBPLibrary (294)
[2020.07.05-04.22.06:463][662]LogModuleManager: Shutting down and abandoning module ActorSequence (292)
[2020.07.05-04.22.06:463][662]LogModuleManager: Shutting down and abandoning module UdpMessaging (290)
[2020.07.05-04.22.06:564][662]LogModuleManager: Shutting down and abandoning module TcpMessaging (288)
[2020.07.05-04.22.07:245][662]LogModuleManager: Shutting down and abandoning module MagicLeapPrivileges (286)
[2020.07.05-04.22.07:245][662]LogModuleManager: Shutting down and abandoning module MagicLeapPlanes (284)
[2020.07.05-04.22.07:245][662]LogMagicLeapPlanes: Planes tracker already destroyed.
[2020.07.05-04.22.07:245][662]LogModuleManager: Shutting down and abandoning module MagicLeapIdentity (282)
[2020.07.05-04.22.07:245][662]LogModuleManager: Shutting down and abandoning module MagicLeapSecureStorage (280)
[2020.07.05-04.22.07:245][662]LogModuleManager: Shutting down and abandoning module MagicLeapImageTracker (278)
[2020.07.05-04.22.07:245][662]LogModuleManager: Shutting down and abandoning module MagicLeapHandTracking (276)
[2020.07.05-04.22.07:245][662]LogModuleManager: Shutting down and abandoning module MagicLeapHandMeshing (274)
[2020.07.05-04.22.07:245][662]LogModuleManager: Shutting down and abandoning module MagicLeapEyeTracker (272)
[2020.07.05-04.22.07:245][662]LogModuleManager: Shutting down and abandoning module MagicLeapController (270)
[2020.07.05-04.22.07:245][662]LogSlate: Slate User Destroyed.  User Index 0, Is Virtual User: 0
[2020.07.05-04.22.07:245][662]LogModuleManager: Shutting down and abandoning module MagicLeapARPin (268)
[2020.07.05-04.22.07:245][662]LogModuleManager: Shutting down and abandoning module MagicLeapAR (266)
[2020.07.05-04.22.07:245][662]LogModuleManager: Shutting down and abandoning module AugmentedReality (265)
[2020.07.05-04.22.07:245][662]LogModuleManager: Shutting down and abandoning module GameplayTagsEditor (262)
[2020.07.05-04.22.07:245][662]LogModuleManager: Shutting down and abandoning module FacialAnimation (260)
[2020.07.05-04.22.07:245][662]LogModuleManager: Shutting down and abandoning module AssetManagerEditor (258)
[2020.07.05-04.22.07:245][662]LogModuleManager: Shutting down and abandoning module TreeMap (257)
[2020.07.05-04.22.07:245][662]LogModuleManager: Shutting down and abandoning module AnimationSharing (254)
[2020.07.05-04.22.07:245][662]LogModuleManager: Shutting down and abandoning module LightPropagationVolumeRuntime (252)
[2020.07.05-04.22.07:245][662]LogModuleManager: Shutting down and abandoning module AdvancedSteamSessions (250)
[2020.07.05-04.22.07:245][662]LogModuleManager: Shutting down and abandoning module AdvancedSessions (248)
[2020.07.05-04.22.07:245][662]LogModuleManager: Shutting down and abandoning module Paper2D (246)
[2020.07.05-04.22.07:245][662]LogModuleManager: Shutting down and abandoning module WindowsMoviePlayer (244)
[2020.07.05-04.22.07:247][662]LogModuleManager: Shutting down and abandoning module WebMMoviePlayer (242)
[2020.07.05-04.22.07:247][662]LogModuleManager: Shutting down and abandoning module NetworkReplayStreaming (240)
[2020.07.05-04.22.07:247][662]LogModuleManager: Shutting down and abandoning module PacketHandler (238)
[2020.07.05-04.22.07:247][662]LogModuleManager: Shutting down and abandoning module ClothingSystemEditor (236)
[2020.07.05-04.22.07:247][662]LogModuleManager: Shutting down and abandoning module ClothingSystemRuntimeNv (234)
[2020.07.05-04.22.07:247][662]LogModuleManager: Shutting down and abandoning module MediaAssets (232)
[2020.07.05-04.22.07:247][662]LogModuleManager: Shutting down and abandoning module Overlay (230)
[2020.07.05-04.22.07:247][662]LogModuleManager: Shutting down and abandoning module OverlayEditor (229)
[2020.07.05-04.22.07:247][662]LogModuleManager: Shutting down and abandoning module VREditor (226)
[2020.07.05-04.22.07:247][662]LogModuleManager: Shutting down and abandoning module StringTableEditor (224)
[2020.07.05-04.22.07:247][662]LogModuleManager: Shutting down and abandoning module GameplayTasksEditor (222)
[2020.07.05-04.22.07:247][662]LogModuleManager: Shutting down and abandoning module BehaviorTreeEditor (220)
[2020.07.05-04.22.07:247][662]LogModuleManager: Shutting down and abandoning module FunctionalTesting (218)
[2020.07.05-04.22.07:247][662]LogModuleManager: Shutting down and abandoning module CollisionAnalyzer (216)
[2020.07.05-04.22.07:247][662]LogModuleManager: Shutting down and abandoning module WorkspaceMenuStructure (215)
[2020.07.05-04.22.07:247][662]LogModuleManager: Shutting down and abandoning module UMG (212)
[2020.07.05-04.22.07:247][662]LogModuleManager: Shutting down and abandoning module UMGEditor (211)
[2020.07.05-04.22.07:247][662]LogModuleManager: Shutting down and abandoning module Sequencer (210)
[2020.07.05-04.22.07:247][662]LogModuleManager: Shutting down and abandoning module MessageLog (207)
[2020.07.05-04.22.07:247][662]LogModuleManager: Shutting down and abandoning module SlateReflector (202)
[2020.07.05-04.22.07:247][662]LogModuleManager: Shutting down and abandoning module Slate (200)
[2020.07.05-04.22.07:247][662]LogModuleManager: Shutting down and abandoning module SlateCore (198)
[2020.07.05-04.22.07:247][662]LogModuleManager: Shutting down and abandoning module LandscapeEditorUtilities (196)
[2020.07.05-04.22.07:247][662]LogModuleManager: Shutting down and abandoning module EditorStyle (194)
[2020.07.05-04.22.07:248][662]LogModuleManager: Shutting down and abandoning module UnrealEd (192)
[2020.07.05-04.22.07:248][662]LogModuleManager: Shutting down and abandoning module MRMesh (190)
[2020.07.05-04.22.07:248][662]LogModuleManager: Shutting down and abandoning module Messaging (188)
[2020.07.05-04.22.07:248][662]LogModuleManager: Shutting down and abandoning module SourceCodeAccess (186)
[2020.07.05-04.22.07:248][662]LogModuleManager: Shutting down and abandoning module HeadMountedDisplay (184)
[2020.07.05-04.22.07:248][662]LogModuleManager: Shutting down and abandoning module XAudio2 (182)
[2020.07.05-04.22.07:248][662]LogModuleManager: Shutting down and abandoning module Networking (180)
[2020.07.05-04.22.07:248][662]LogModuleManager: Shutting down and abandoning module Core (178)
[2020.07.05-04.22.07:248][662]LogModuleManager: Shutting down and abandoning module MovieSceneTools (176)
[2020.07.05-04.22.07:248][662]LogModuleManager: Shutting down and abandoning module KismetCompiler (174)
[2020.07.05-04.22.07:248][662]LogModuleManager: Shutting down and abandoning module MeshUtilities (172)
[2020.07.05-04.22.07:248][662]LogModuleManager: Shutting down and abandoning module MeshMergeUtilities (171)
[2020.07.05-04.22.07:248][662]LogModuleManager: Shutting down and abandoning module MeshReductionInterface (170)
[2020.07.05-04.22.07:248][662]LogModuleManager: Shutting down and abandoning module MeshBoneReduction (169)
[2020.07.05-04.22.07:248][662]LogModuleManager: Shutting down and abandoning module SkeletalMeshReduction (167)
[2020.07.05-04.22.07:248][662]LogModuleManager: Shutting down and abandoning module ProxyLODMeshReduction (165)
[2020.07.05-04.22.07:248][662]LogModuleManager: Shutting down and abandoning module QuadricMeshReduction (163)
[2020.07.05-04.22.07:248][662]LogModuleManager: Shutting down and abandoning module MaterialBaking (159)
[2020.07.05-04.22.07:248][662]LogModuleManager: Shutting down and abandoning module NullInstallBundleManager (154)
[2020.07.05-04.22.07:248][662]LogModuleManager: Shutting down and abandoning module PIEPreviewDeviceProfileSelector (152)
[2020.07.05-04.22.07:248][662]LogModuleManager: Shutting down and abandoning module DerivedDataCache (150)
[2020.07.05-04.22.07:248][662]LogDerivedDataCache: Shutdown
[2020.07.05-04.22.07:248][662]LogModuleManager: Shutting down and abandoning module XGEController (148)
[2020.07.05-04.22.07:248][662]LogModuleManager: Shutting down and abandoning module TargetPlatform (146)
[2020.07.05-04.22.07:248][662]LogModuleManager: Shutting down and abandoning module VulkanShaderFormat (145)
[2020.07.05-04.22.07:248][662]LogModuleManager: Shutting down and abandoning module ShaderFormatVectorVM (143)
[2020.07.05-04.22.07:248][662]LogModuleManager: Shutting down and abandoning module ShaderFormatOpenGL (141)
[2020.07.05-04.22.07:248][662]LogModuleManager: Shutting down and abandoning module ShaderFormatD3D (139)
[2020.07.05-04.22.07:248][662]LogModuleManager: Shutting down and abandoning module MetalShaderFormat (137)
[2020.07.05-04.22.07:248][662]LogModuleManager: Shutting down and abandoning module TextureFormatUncompressed (135)
[2020.07.05-04.22.07:248][662]LogModuleManager: Shutting down and abandoning module TextureFormatPVR (133)
[2020.07.05-04.22.07:248][662]LogModuleManager: Shutting down and abandoning module TextureFormatDXT (131)
[2020.07.05-04.22.07:248][662]LogModuleManager: Shutting down and abandoning module TextureFormatIntelISPCTexComp (129)
[2020.07.05-04.22.07:248][662]LogModuleManager: Shutting down and abandoning module TextureFormatASTC (127)
[2020.07.05-04.22.07:248][662]LogModuleManager: Shutting down and abandoning module ImageWrapper (126)
[2020.07.05-04.22.07:248][662]LogModuleManager: Shutting down and abandoning module TextureFormatAndroid (123)
[2020.07.05-04.22.07:248][662]LogModuleManager: Shutting down and abandoning module AudioFormatOpus (121)
[2020.07.05-04.22.07:248][662]LogModuleManager: Shutting down and abandoning module AudioFormatOgg (119)
[2020.07.05-04.22.07:248][662]LogModuleManager: Shutting down and abandoning module AudioFormatADPCM (117)
[2020.07.05-04.22.07:248][662]LogModuleManager: Shutting down and abandoning module WindowsServerTargetPlatform (115)
[2020.07.05-04.22.07:248][662]LogModuleManager: Shutting down and abandoning module WindowsClientTargetPlatform (113)
[2020.07.05-04.22.07:248][662]LogModuleManager: Shutting down and abandoning module WindowsTargetPlatform (111)
[2020.07.05-04.22.07:248][662]LogModuleManager: Shutting down and abandoning module WindowsNoEditorTargetPlatform (109)
[2020.07.05-04.22.07:248][662]LogModuleManager: Shutting down and abandoning module InputCore (106)
[2020.07.05-04.22.07:248][662]LogModuleManager: Shutting down and abandoning module Settings (104)
[2020.07.05-04.22.07:248][662]LogModuleManager: Shutting down and abandoning module PhysXCooking (102)
[2020.07.05-04.22.07:248][662]LogModuleManager: Shutting down and abandoning module ChaosSolvers (100)
[2020.07.05-04.22.07:248][662]LogModuleManager: Shutting down and abandoning module FieldSystemEngine (99)
[2020.07.05-04.22.07:248][662]LogModuleManager: Shutting down and abandoning module Chaos (96)
[2020.07.05-04.22.07:248][662]LogModuleManager: Shutting down and abandoning module WindowsPlatformFeatures (94)
[2020.07.05-04.22.07:248][662]LogModuleManager: Shutting down and abandoning module GameplayMediaEncoder (93)
[2020.07.05-04.22.07:248][662]LogModuleManager: Shutting down and abandoning module SteamVRInputDevice (90)
[2020.07.05-04.22.07:249][662]LogModuleManager: Shutting down and abandoning module SteamVRInput (88)
[2020.07.05-04.22.07:249][662]LogModuleManager: Shutting down and abandoning module SteamVR (86)
[2020.07.05-04.22.07:249][662]LogHMD: Freeing OpenVRDLLHandle.
[2020.07.05-04.22.07:249][662]LogModuleManager: Shutting down and abandoning module OculusHMD (84)
[2020.07.05-04.22.07:249][662]LogModuleManager: Shutting down and abandoning module ExampleDeviceProfileSelector (82)
[2020.07.05-04.22.07:249][662]LogModuleManager: Shutting down and abandoning module LauncherChunkInstaller (80)
[2020.07.05-04.22.07:249][662]LogModuleManager: Shutting down and abandoning module OnlineBlueprintSupport (78)
[2020.07.05-04.22.07:249][662]LogModuleManager: Shutting down and abandoning module OnlineSubsystem (74)
[2020.07.05-04.22.07:249][662]LogOnline: Display: STEAM: OnlineSubsystemSteam::Shutdown()
[2020.07.05-04.22.07:249][662]LogOnline: STEAM: AUTH: Revoking all tickets.
[2020.07.05-04.22.07:249][662]LogSteamShared: Unloading the Steam server API...
[2020.07.05-04.22.07:263][662]LogSteamShared: Unloading the Steam API...
[2020.07.05-04.22.07:322][662]LogOnline: Display: STEAM: OnlineSubsystemSteam::Shutdown()
[2020.07.05-04.22.07:322][662]LogModuleManager: Shutting down and abandoning module SteamShared (70)
[2020.07.05-04.22.07:322][662]LogSteamShared: Freeing the Steam Loaded Modules...
[2020.07.05-04.22.07:322][662]LogModuleManager: Shutting down and abandoning module XMPP (67)
[2020.07.05-04.22.07:322][662]LogModuleManager: Shutting down and abandoning module WebSockets (66)
[2020.07.05-04.22.07:326][662]LogModuleManager: Shutting down and abandoning module HTTP (63)
[2020.07.05-04.22.07:346][662]LogModuleManager: Shutting down and abandoning module SSL (62)
[2020.07.05-04.22.07:347][662]LogModuleManager: Shutting down and abandoning module WmfMedia (58)
[2020.07.05-04.22.07:347][662]LogModuleManager: Shutting down and abandoning module Media (57)
[2020.07.05-04.22.07:348][662]LogModuleManager: Shutting down and abandoning module MagicLeap (54)
[2020.07.05-04.22.07:348][662]LogModuleManager: Shutting down and abandoning module VariantManagerContent (52)
[2020.07.05-04.22.07:348][662]LogModuleManager: Shutting down and abandoning module DatasmithContent (50)
[2020.07.05-04.22.07:348][662]LogModuleManager: Shutting down and abandoning module AISupportModule (48)
[2020.07.05-04.22.07:348][662]LogModuleManager: Shutting down and abandoning module DesktopPlatform (46)
[2020.07.05-04.22.07:348][662]LogModuleManager: Shutting down and abandoning module PlatformCryptoOpenSSL (44)
[2020.07.05-04.22.07:348][662]LogModuleManager: Shutting down and abandoning module PlatformCryptoTypes (42)
[2020.07.05-04.22.07:348][662]LogModuleManager: Shutting down and abandoning module PlatformCrypto (40)
[2020.07.05-04.22.07:348][662]LogModuleManager: Shutting down and abandoning module AnimationModifiers (38)
[2020.07.05-04.22.07:348][662]LogModuleManager: Shutting down and abandoning module PropertyEditor (37)
[2020.07.05-04.22.07:348][662]LogModuleManager: Shutting down and abandoning module AudioEditor (34)
[2020.07.05-04.22.07:348][662]LogModuleManager: Shutting down and abandoning module TextureCompressor (32)
[2020.07.05-04.22.07:348][662]LogModuleManager: Shutting down and abandoning module RenderCore (30)
[2020.07.05-04.22.07:348][662]LogModuleManager: Shutting down and abandoning module Landscape (28)
[2020.07.05-04.22.07:348][662]LogModuleManager: Shutting down and abandoning module SlateRHIRenderer (26)
[2020.07.05-04.22.07:349][662]LogModuleManager: Shutting down and abandoning module OpenGLDrv (24)
[2020.07.05-04.22.07:349][662]LogModuleManager: Shutting down and abandoning module D3D11RHI (22)
[2020.07.05-04.22.07:349][662]LogModuleManager: Shutting down and abandoning module AnimGraphRuntime (20)
[2020.07.05-04.22.07:349][662]LogModuleManager: Shutting down and abandoning module Renderer (18)
[2020.07.05-04.22.07:349][662]LogModuleManager: Shutting down and abandoning module Engine (16)
[2020.07.05-04.22.07:349][662]LogModuleManager: Shutting down and abandoning module CoreUObject (14)
[2020.07.05-04.22.07:349][662]LogModuleManager: Shutting down and abandoning module NetworkFile (12)
[2020.07.05-04.22.07:349][662]LogModuleManager: Shutting down and abandoning module CookedIterativeFile (10)
[2020.07.05-04.22.07:349][662]LogModuleManager: Shutting down and abandoning module StreamingFile (8)
[2020.07.05-04.22.07:349][662]LogModuleManager: Shutting down and abandoning module SandboxFile (6)
[2020.07.05-04.22.07:349][662]LogModuleManager: Shutting down and abandoning module PakFile (4)
[2020.07.05-04.22.07:349][662]LogModuleManager: Shutting down and abandoning module RSA (3)
[2020.07.05-04.22.07:349][662]LogD3D11RHI: Shutdown
[2020.07.05-04.22.07:349][662]LogD3D11RHI: CleanupD3DDevice
[2020.07.05-04.22.07:362][662]LogExit: Exiting.
[2020.07.05-04.22.07:413][662]Log file closed, 07/04/20 21:22:07
